\BOOKMARK [0][-]{chapter.1}{\376\377\0001\000\040\000I\000n\000d\000i\000c\000e\000\040\000j\000e\000r\000\341\000r\000q\000u\000i\000c\000o}{}% 1
\BOOKMARK [1][-]{section.1.1}{\376\377\0001\000.\0001\000\040\000J\000e\000r\000a\000r\000q\000u\000\355\000a\000\040\000d\000e\000\040\000l\000a\000\040\000c\000l\000a\000s\000e}{chapter.1}% 2
\BOOKMARK [0][-]{chapter.2}{\376\377\0002\000\040\000\315\000n\000d\000i\000c\000e\000\040\000d\000e\000\040\000c\000l\000a\000s\000e\000s}{}% 3
\BOOKMARK [1][-]{section.2.1}{\376\377\0002\000.\0001\000\040\000L\000i\000s\000t\000a\000\040\000d\000e\000\040\000c\000l\000a\000s\000e\000s}{chapter.2}% 4
\BOOKMARK [0][-]{chapter.3}{\376\377\0003\000\040\000I\000n\000d\000i\000c\000e\000\040\000d\000e\000\040\000a\000r\000c\000h\000i\000v\000o\000s}{}% 5
\BOOKMARK [1][-]{section.3.1}{\376\377\0003\000.\0001\000\040\000L\000i\000s\000t\000a\000\040\000d\000e\000\040\000a\000r\000c\000h\000i\000v\000o\000s}{chapter.3}% 6
\BOOKMARK [0][-]{chapter.4}{\376\377\0004\000\040\000D\000o\000c\000u\000m\000e\000n\000t\000a\000c\000i\000\363\000n\000\040\000d\000e\000\040\000l\000a\000s\000\040\000c\000l\000a\000s\000e\000s}{}% 7
\BOOKMARK [1][-]{section.4.1}{\376\377\0004\000.\0001\000\040\000R\000e\000f\000e\000r\000e\000n\000c\000i\000a\000\040\000d\000e\000\040\000l\000a\000\040\000C\000l\000a\000s\000e\000\040\000c\000i\000v\000i\000t\000a\000s\000.\000C\000a\000s\000i\000l\000l\000a}{chapter.4}% 8
\BOOKMARK [2][-]{subsection.4.1.1}{\376\377\0004\000.\0001\000.\0001\000\040\000D\000e\000s\000c\000r\000i\000p\000c\000i\000\363\000n\000\040\000d\000e\000t\000a\000l\000l\000a\000d\000a}{section.4.1}% 9
\BOOKMARK [2][-]{subsection.4.1.2}{\376\377\0004\000.\0001\000.\0002\000\040\000D\000o\000c\000u\000m\000e\000n\000t\000a\000c\000i\000\363\000n\000\040\000d\000e\000l\000\040\000c\000o\000n\000s\000t\000r\000u\000c\000t\000o\000r\000\040\000y\000\040\000d\000e\000s\000t\000r\000u\000c\000t\000o\000r}{section.4.1}% 10
\BOOKMARK [3][-]{subsubsection.4.1.2.1}{\376\377\0004\000.\0001\000.\0002\000.\0001\000\040\000C\000a\000s\000i\000l\000l\000a\000\050\000\051\000\040\000[\0001\000/\0003\000]}{subsection.4.1.2}% 11
\BOOKMARK [3][-]{subsubsection.4.1.2.2}{\376\377\0004\000.\0001\000.\0002\000.\0002\000\040\000C\000a\000s\000i\000l\000l\000a\000\050\000\051\000\040\000[\0002\000/\0003\000]}{subsection.4.1.2}% 12
\BOOKMARK [3][-]{subsubsection.4.1.2.3}{\376\377\0004\000.\0001\000.\0002\000.\0003\000\040\000C\000a\000s\000i\000l\000l\000a\000\050\000\051\000\040\000[\0003\000/\0003\000]}{subsection.4.1.2}% 13
\BOOKMARK [2][-]{subsection.4.1.3}{\376\377\0004\000.\0001\000.\0003\000\040\000D\000o\000c\000u\000m\000e\000n\000t\000a\000c\000i\000\363\000n\000\040\000d\000e\000\040\000l\000a\000s\000\040\000f\000u\000n\000c\000i\000o\000n\000e\000s\000\040\000m\000i\000e\000m\000b\000r\000o}{section.4.1}% 14
\BOOKMARK [3][-]{subsubsection.4.1.3.1}{\376\377\0004\000.\0001\000.\0003\000.\0001\000\040\000c\000a\000n\000t\000i\000d\000a\000d\000C\000a\000s\000a\000s\000H\000o\000t\000e\000l\000e\000s\000\050\000\051}{subsection.4.1.3}% 15
\BOOKMARK [3][-]{subsubsection.4.1.3.2}{\376\377\0004\000.\0001\000.\0003\000.\0002\000\040\000c\000o\000m\000p\000r\000a\000r\000\050\000\051}{subsection.4.1.3}% 16
\BOOKMARK [3][-]{subsubsection.4.1.3.3}{\376\377\0004\000.\0001\000.\0003\000.\0003\000\040\000c\000o\000n\000s\000t\000r\000u\000i\000r\000C\000a\000s\000a\000\050\000\051}{subsection.4.1.3}% 17
\BOOKMARK [3][-]{subsubsection.4.1.3.4}{\376\377\0004\000.\0001\000.\0003\000.\0004\000\040\000c\000o\000n\000s\000t\000r\000u\000i\000r\000H\000o\000t\000e\000l\000\050\000\051}{subsection.4.1.3}% 18
\BOOKMARK [3][-]{subsubsection.4.1.3.5}{\376\377\0004\000.\0001\000.\0003\000.\0005\000\040\000d\000e\000r\000r\000u\000i\000r\000C\000a\000s\000a\000s\000\050\000\051}{subsection.4.1.3}% 19
\BOOKMARK [3][-]{subsubsection.4.1.3.6}{\376\377\0004\000.\0001\000.\0003\000.\0006\000\040\000e\000s\000E\000s\000t\000e\000E\000l\000P\000r\000o\000p\000i\000e\000t\000a\000r\000i\000o\000\050\000\051}{subsection.4.1.3}% 20
\BOOKMARK [3][-]{subsubsection.4.1.3.7}{\376\377\0004\000.\0001\000.\0003\000.\0007\000\040\000g\000e\000t\000F\000A\000C\000T\000O\000R\000A\000L\000Q\000U\000I\000L\000E\000R\000C\000A\000L\000L\000E\000\050\000\051}{subsection.4.1.3}% 21
\BOOKMARK [3][-]{subsubsection.4.1.3.8}{\376\377\0004\000.\0001\000.\0003\000.\0008\000\040\000g\000e\000t\000F\000A\000C\000T\000O\000R\000A\000L\000Q\000U\000I\000L\000E\000R\000C\000A\000S\000A\000\050\000\051}{subsection.4.1.3}% 22
\BOOKMARK [3][-]{subsubsection.4.1.3.9}{\376\377\0004\000.\0001\000.\0003\000.\0009\000\040\000g\000e\000t\000F\000A\000C\000T\000O\000R\000A\000L\000Q\000U\000I\000L\000E\000R\000H\000O\000T\000E\000L\000\050\000\051}{subsection.4.1.3}% 23
\BOOKMARK [3][-]{subsubsection.4.1.3.10}{\376\377\0004\000.\0001\000.\0003\000.\0001\0000\000\040\000g\000e\000t\000N\000o\000m\000b\000r\000e\000\050\000\051}{subsection.4.1.3}% 24
\BOOKMARK [3][-]{subsubsection.4.1.3.11}{\376\377\0004\000.\0001\000.\0003\000.\0001\0001\000\040\000g\000e\000t\000N\000u\000m\000C\000a\000s\000a\000s\000\050\000\051}{subsection.4.1.3}% 25
\BOOKMARK [3][-]{subsubsection.4.1.3.12}{\376\377\0004\000.\0001\000.\0003\000.\0001\0002\000\040\000g\000e\000t\000N\000u\000m\000H\000o\000t\000e\000l\000e\000s\000\050\000\051}{subsection.4.1.3}% 26
\BOOKMARK [3][-]{subsubsection.4.1.3.13}{\376\377\0004\000.\0001\000.\0003\000.\0001\0003\000\040\000g\000e\000t\000P\000r\000e\000c\000i\000o\000A\000l\000q\000u\000i\000l\000e\000r\000C\000o\000m\000p\000l\000e\000t\000o\000\050\000\051}{subsection.4.1.3}% 27
\BOOKMARK [3][-]{subsubsection.4.1.3.14}{\376\377\0004\000.\0001\000.\0003\000.\0001\0004\000\040\000g\000e\000t\000P\000r\000e\000c\000i\000o\000C\000o\000m\000p\000r\000a\000\050\000\051}{subsection.4.1.3}% 28
\BOOKMARK [3][-]{subsubsection.4.1.3.15}{\376\377\0004\000.\0001\000.\0003\000.\0001\0005\000\040\000g\000e\000t\000P\000r\000e\000c\000i\000o\000E\000d\000i\000f\000i\000c\000a\000r\000\050\000\051}{subsection.4.1.3}% 29
\BOOKMARK [3][-]{subsubsection.4.1.3.16}{\376\377\0004\000.\0001\000.\0003\000.\0001\0006\000\040\000i\000n\000f\000o\000r\000m\000e\000\050\000\051}{subsection.4.1.3}% 30
\BOOKMARK [3][-]{subsubsection.4.1.3.17}{\376\377\0004\000.\0001\000.\0003\000.\0001\0007\000\040\000r\000e\000c\000i\000b\000e\000J\000u\000g\000a\000d\000o\000r\000\050\000\051}{subsection.4.1.3}% 31
\BOOKMARK [3][-]{subsubsection.4.1.3.18}{\376\377\0004\000.\0001\000.\0003\000.\0001\0008\000\040\000r\000e\000c\000i\000b\000e\000J\000u\000g\000a\000d\000o\000r\000\137\000c\000a\000l\000l\000e\000\050\000\051}{subsection.4.1.3}% 32
\BOOKMARK [3][-]{subsubsection.4.1.3.19}{\376\377\0004\000.\0001\000.\0003\000.\0001\0009\000\040\000r\000e\000c\000i\000b\000e\000J\000u\000g\000a\000d\000o\000r\000\137\000s\000o\000r\000p\000r\000e\000s\000a\000\050\000\051}{subsection.4.1.3}% 33
\BOOKMARK [3][-]{subsubsection.4.1.3.20}{\376\377\0004\000.\0001\000.\0003\000.\0002\0000\000\040\000t\000i\000e\000n\000e\000P\000r\000o\000p\000i\000e\000t\000a\000r\000i\000o\000\050\000\051}{subsection.4.1.3}% 34
\BOOKMARK [3][-]{subsubsection.4.1.3.21}{\376\377\0004\000.\0001\000.\0003\000.\0002\0001\000\040\000t\000o\000S\000t\000r\000i\000n\000g\000\050\000\051}{subsection.4.1.3}% 35
\BOOKMARK [3][-]{subsubsection.4.1.3.22}{\376\377\0004\000.\0001\000.\0003\000.\0002\0002\000\040\000t\000r\000a\000m\000i\000t\000a\000r\000A\000l\000q\000u\000i\000l\000e\000r\000\050\000\051}{subsection.4.1.3}% 36
\BOOKMARK [1][-]{section.4.2}{\376\377\0004\000.\0002\000\040\000R\000e\000f\000e\000r\000e\000n\000c\000i\000a\000\040\000d\000e\000\040\000l\000a\000\040\000C\000l\000a\000s\000e\000\040\000c\000i\000v\000i\000t\000a\000s\000.\000C\000i\000v\000i\000t\000a\000s}{chapter.4}% 37
\BOOKMARK [2][-]{subsection.4.2.1}{\376\377\0004\000.\0002\000.\0001\000\040\000D\000e\000s\000c\000r\000i\000p\000c\000i\000\363\000n\000\040\000d\000e\000t\000a\000l\000l\000a\000d\000a}{section.4.2}% 38
\BOOKMARK [2][-]{subsection.4.2.2}{\376\377\0004\000.\0002\000.\0002\000\040\000D\000o\000c\000u\000m\000e\000n\000t\000a\000c\000i\000\363\000n\000\040\000d\000e\000\040\000l\000a\000s\000\040\000f\000u\000n\000c\000i\000o\000n\000e\000s\000\040\000m\000i\000e\000m\000b\000r\000o}{section.4.2}% 39
\BOOKMARK [3][-]{subsubsection.4.2.2.1}{\376\377\0004\000.\0002\000.\0002\000.\0001\000\040\000m\000a\000i\000n\000\050\000\051}{subsection.4.2.2}% 40
\BOOKMARK [1][-]{section.4.3}{\376\377\0004\000.\0003\000\040\000R\000e\000f\000e\000r\000e\000n\000c\000i\000a\000\040\000d\000e\000\040\000l\000a\000\040\000C\000l\000a\000s\000e\000\040\000c\000i\000v\000i\000t\000a\000s\000.\000C\000i\000v\000i\000t\000a\000s\000J\000u\000e\000g\000o}{chapter.4}% 41
\BOOKMARK [2][-]{subsection.4.3.1}{\376\377\0004\000.\0003\000.\0001\000\040\000D\000e\000s\000c\000r\000i\000p\000c\000i\000\363\000n\000\040\000d\000e\000t\000a\000l\000l\000a\000d\000a}{section.4.3}% 42
\BOOKMARK [2][-]{subsection.4.3.2}{\376\377\0004\000.\0003\000.\0002\000\040\000D\000o\000c\000u\000m\000e\000n\000t\000a\000c\000i\000\363\000n\000\040\000d\000e\000l\000\040\000c\000o\000n\000s\000t\000r\000u\000c\000t\000o\000r\000\040\000y\000\040\000d\000e\000s\000t\000r\000u\000c\000t\000o\000r}{section.4.3}% 43
\BOOKMARK [3][-]{subsubsection.4.3.2.1}{\376\377\0004\000.\0003\000.\0002\000.\0001\000\040\000C\000i\000v\000i\000t\000a\000s\000J\000u\000e\000g\000o\000\050\000\051}{subsection.4.3.2}% 44
\BOOKMARK [2][-]{subsection.4.3.3}{\376\377\0004\000.\0003\000.\0003\000\040\000D\000o\000c\000u\000m\000e\000n\000t\000a\000c\000i\000\363\000n\000\040\000d\000e\000\040\000l\000a\000s\000\040\000f\000u\000n\000c\000i\000o\000n\000e\000s\000\040\000m\000i\000e\000m\000b\000r\000o}{section.4.3}% 45
\BOOKMARK [3][-]{subsubsection.4.3.3.1}{\376\377\0004\000.\0003\000.\0003\000.\0001\000\040\000c\000o\000m\000p\000r\000a\000r\000\050\000\051}{subsection.4.3.3}% 46
\BOOKMARK [3][-]{subsubsection.4.3.3.2}{\376\377\0004\000.\0003\000.\0003\000.\0002\000\040\000c\000o\000n\000s\000t\000r\000u\000i\000r\000C\000a\000s\000a\000\050\000\051}{subsection.4.3.3}% 47
\BOOKMARK [3][-]{subsubsection.4.3.3.3}{\376\377\0004\000.\0003\000.\0003\000.\0003\000\040\000c\000o\000n\000s\000t\000r\000u\000i\000r\000H\000o\000t\000e\000l\000\050\000\051}{subsection.4.3.3}% 48
\BOOKMARK [3][-]{subsubsection.4.3.3.4}{\376\377\0004\000.\0003\000.\0003\000.\0004\000\040\000C\000o\000n\000t\000a\000b\000i\000l\000i\000z\000a\000r\000P\000a\000s\000o\000s\000P\000o\000r\000S\000a\000l\000i\000d\000a\000\050\000\051}{subsection.4.3.3}% 49
\BOOKMARK [3][-]{subsubsection.4.3.3.5}{\376\377\0004\000.\0003\000.\0003\000.\0005\000\040\000f\000i\000n\000a\000l\000D\000e\000l\000J\000u\000e\000g\000o\000\050\000\051}{subsection.4.3.3}% 50
\BOOKMARK [3][-]{subsubsection.4.3.3.6}{\376\377\0004\000.\0003\000.\0003\000.\0006\000\040\000g\000e\000t\000I\000n\000d\000i\000c\000e\000J\000u\000g\000a\000d\000o\000r\000A\000c\000t\000u\000a\000l\000\050\000\051}{subsection.4.3.3}% 51
\BOOKMARK [3][-]{subsubsection.4.3.3.7}{\376\377\0004\000.\0003\000.\0003\000.\0007\000\040\000g\000e\000t\000J\000u\000g\000a\000d\000o\000r\000A\000c\000t\000u\000a\000l\000\050\000\051}{subsection.4.3.3}% 52
\BOOKMARK [3][-]{subsubsection.4.3.3.8}{\376\377\0004\000.\0003\000.\0003\000.\0008\000\040\000g\000e\000t\000J\000u\000g\000a\000d\000o\000r\000e\000s\000\050\000\051}{subsection.4.3.3}% 53
\BOOKMARK [3][-]{subsubsection.4.3.3.9}{\376\377\0004\000.\0003\000.\0003\000.\0009\000\040\000g\000e\000t\000M\000a\000z\000o\000\050\000\051}{subsection.4.3.3}% 54
\BOOKMARK [3][-]{subsubsection.4.3.3.10}{\376\377\0004\000.\0003\000.\0003\000.\0001\0000\000\040\000g\000e\000t\000T\000a\000b\000l\000e\000r\000o\000\050\000\051}{subsection.4.3.3}% 55
\BOOKMARK [3][-]{subsubsection.4.3.3.11}{\376\377\0004\000.\0003\000.\0003\000.\0001\0001\000\040\000i\000n\000i\000c\000i\000a\000l\000i\000z\000a\000M\000a\000z\000o\000S\000o\000r\000p\000r\000e\000s\000a\000s\000\050\000\051}{subsection.4.3.3}% 56
\BOOKMARK [3][-]{subsubsection.4.3.3.12}{\376\377\0004\000.\0003\000.\0003\000.\0001\0002\000\040\000i\000n\000i\000c\000i\000a\000l\000i\000z\000a\000T\000a\000b\000l\000e\000r\000o\000\050\000\051}{subsection.4.3.3}% 57
\BOOKMARK [3][-]{subsubsection.4.3.3.13}{\376\377\0004\000.\0003\000.\0003\000.\0001\0003\000\040\000P\000a\000s\000a\000r\000T\000u\000r\000n\000o\000\050\000\051}{subsection.4.3.3}% 58
\BOOKMARK [3][-]{subsubsection.4.3.3.14}{\376\377\0004\000.\0003\000.\0003\000.\0001\0004\000\040\000R\000a\000n\000k\000i\000n\000g\000\050\000\051}{subsection.4.3.3}% 59
\BOOKMARK [3][-]{subsubsection.4.3.3.15}{\376\377\0004\000.\0003\000.\0003\000.\0001\0005\000\040\000s\000i\000g\000u\000i\000e\000n\000t\000e\000P\000a\000s\000o\000\050\000\051}{subsection.4.3.3}% 60
\BOOKMARK [3][-]{subsubsection.4.3.3.16}{\376\377\0004\000.\0003\000.\0003\000.\0001\0006\000\040\000s\000i\000g\000u\000i\000e\000n\000t\000e\000P\000a\000s\000o\000C\000o\000m\000p\000l\000e\000t\000a\000d\000o\000\050\000\051}{subsection.4.3.3}% 61
\BOOKMARK [1][-]{section.4.4}{\376\377\0004\000.\0004\000\040\000R\000e\000f\000e\000r\000e\000n\000c\000i\000a\000\040\000d\000e\000\040\000l\000a\000\040\000C\000l\000a\000s\000e\000\040\000c\000i\000v\000i\000t\000a\000s\000.\000D\000a\000d\000o}{chapter.4}% 62
\BOOKMARK [2][-]{subsection.4.4.1}{\376\377\0004\000.\0004\000.\0001\000\040\000D\000e\000s\000c\000r\000i\000p\000c\000i\000\363\000n\000\040\000d\000e\000t\000a\000l\000l\000a\000d\000a}{section.4.4}% 63
\BOOKMARK [2][-]{subsection.4.4.2}{\376\377\0004\000.\0004\000.\0002\000\040\000D\000o\000c\000u\000m\000e\000n\000t\000a\000c\000i\000\363\000n\000\040\000d\000e\000\040\000l\000a\000s\000\040\000f\000u\000n\000c\000i\000o\000n\000e\000s\000\040\000m\000i\000e\000m\000b\000r\000o}{section.4.4}% 64
\BOOKMARK [3][-]{subsubsection.4.4.2.1}{\376\377\0004\000.\0004\000.\0002\000.\0001\000\040\000g\000e\000t\000I\000n\000s\000t\000a\000n\000c\000e\000\050\000\051}{subsection.4.4.2}% 65
\BOOKMARK [3][-]{subsubsection.4.4.2.2}{\376\377\0004\000.\0004\000.\0002\000.\0002\000\040\000g\000e\000t\000U\000l\000t\000i\000m\000o\000R\000e\000s\000u\000l\000t\000a\000d\000o\000\050\000\051}{subsection.4.4.2}% 66
\BOOKMARK [3][-]{subsubsection.4.4.2.3}{\376\377\0004\000.\0004\000.\0002\000.\0003\000\040\000q\000u\000i\000e\000n\000E\000m\000p\000i\000e\000z\000a\000\050\000\051}{subsection.4.4.2}% 67
\BOOKMARK [3][-]{subsubsection.4.4.2.4}{\376\377\0004\000.\0004\000.\0002\000.\0004\000\040\000s\000e\000t\000D\000e\000b\000u\000g\000\050\000\051}{subsection.4.4.2}% 68
\BOOKMARK [3][-]{subsubsection.4.4.2.5}{\376\377\0004\000.\0004\000.\0002\000.\0005\000\040\000t\000i\000r\000a\000r\000\050\000\051}{subsection.4.4.2}% 69
\BOOKMARK [1][-]{section.4.5}{\376\377\0004\000.\0005\000\040\000R\000e\000f\000e\000r\000e\000n\000c\000i\000a\000\040\000d\000e\000\040\000l\000a\000\040\000C\000l\000a\000s\000e\000\040\000c\000i\000v\000i\000t\000a\000s\000.\000D\000i\000a\000r\000i\000o}{chapter.4}% 70
\BOOKMARK [2][-]{subsection.4.5.1}{\376\377\0004\000.\0005\000.\0001\000\040\000D\000e\000s\000c\000r\000i\000p\000c\000i\000\363\000n\000\040\000d\000e\000t\000a\000l\000l\000a\000d\000a}{section.4.5}% 71
\BOOKMARK [2][-]{subsection.4.5.2}{\376\377\0004\000.\0005\000.\0002\000\040\000D\000o\000c\000u\000m\000e\000n\000t\000a\000c\000i\000\363\000n\000\040\000d\000e\000\040\000l\000a\000s\000\040\000f\000u\000n\000c\000i\000o\000n\000e\000s\000\040\000m\000i\000e\000m\000b\000r\000o}{section.4.5}% 72
\BOOKMARK [3][-]{subsubsection.4.5.2.1}{\376\377\0004\000.\0005\000.\0002\000.\0001\000\040\000e\000v\000e\000n\000t\000o\000s\000P\000e\000n\000d\000i\000e\000n\000t\000e\000s\000\050\000\051}{subsection.4.5.2}% 73
\BOOKMARK [3][-]{subsubsection.4.5.2.2}{\376\377\0004\000.\0005\000.\0002\000.\0002\000\040\000g\000e\000t\000E\000v\000e\000n\000t\000o\000s\000\050\000\051}{subsection.4.5.2}% 74
\BOOKMARK [3][-]{subsubsection.4.5.2.3}{\376\377\0004\000.\0005\000.\0002\000.\0003\000\040\000g\000e\000t\000I\000n\000s\000t\000a\000n\000c\000e\000\050\000\051}{subsection.4.5.2}% 75
\BOOKMARK [3][-]{subsubsection.4.5.2.4}{\376\377\0004\000.\0005\000.\0002\000.\0004\000\040\000l\000e\000e\000r\000E\000v\000e\000n\000t\000o\000\050\000\051}{subsection.4.5.2}% 76
\BOOKMARK [1][-]{section.4.6}{\376\377\0004\000.\0006\000\040\000R\000e\000f\000e\000r\000e\000n\000c\000i\000a\000\040\000d\000e\000\040\000l\000a\000\040\000C\000l\000a\000s\000e\000\040\000c\000i\000v\000i\000t\000a\000s\000.\000J\000u\000g\000a\000d\000o\000r}{chapter.4}% 77
\BOOKMARK [1][-]{section.4.7}{\376\377\0004\000.\0007\000\040\000R\000e\000f\000e\000r\000e\000n\000c\000i\000a\000\040\000d\000e\000\040\000l\000a\000\040\000C\000l\000a\000s\000e\000\040\000c\000i\000v\000i\000t\000a\000s\000.\000M\000a\000z\000o\000S\000o\000r\000p\000r\000e\000s\000a\000s}{chapter.4}% 78
\BOOKMARK [2][-]{subsection.4.7.1}{\376\377\0004\000.\0007\000.\0001\000\040\000D\000e\000s\000c\000r\000i\000p\000c\000i\000\363\000n\000\040\000d\000e\000t\000a\000l\000l\000a\000d\000a}{section.4.7}% 79
\BOOKMARK [2][-]{subsection.4.7.2}{\376\377\0004\000.\0007\000.\0002\000\040\000D\000o\000c\000u\000m\000e\000n\000t\000a\000c\000i\000\363\000n\000\040\000d\000e\000l\000\040\000c\000o\000n\000s\000t\000r\000u\000c\000t\000o\000r\000\040\000y\000\040\000d\000e\000s\000t\000r\000u\000c\000t\000o\000r}{section.4.7}% 80
\BOOKMARK [3][-]{subsubsection.4.7.2.1}{\376\377\0004\000.\0007\000.\0002\000.\0001\000\040\000M\000a\000z\000o\000S\000o\000r\000p\000r\000e\000s\000a\000s\000\050\000\051\000\040\000[\0001\000/\0002\000]}{subsection.4.7.2}% 81
\BOOKMARK [3][-]{subsubsection.4.7.2.2}{\376\377\0004\000.\0007\000.\0002\000.\0002\000\040\000M\000a\000z\000o\000S\000o\000r\000p\000r\000e\000s\000a\000s\000\050\000\051\000\040\000[\0002\000/\0002\000]}{subsection.4.7.2}% 82
\BOOKMARK [2][-]{subsection.4.7.3}{\376\377\0004\000.\0007\000.\0003\000\040\000D\000o\000c\000u\000m\000e\000n\000t\000a\000c\000i\000\363\000n\000\040\000d\000e\000\040\000l\000a\000s\000\040\000f\000u\000n\000c\000i\000o\000n\000e\000s\000\040\000m\000i\000e\000m\000b\000r\000o}{section.4.7}% 83
\BOOKMARK [3][-]{subsubsection.4.7.3.1}{\376\377\0004\000.\0007\000.\0003\000.\0001\000\040\000a\000l\000M\000a\000z\000o\000\050\000\051}{subsection.4.7.3}% 84
\BOOKMARK [3][-]{subsubsection.4.7.3.2}{\376\377\0004\000.\0007\000.\0003\000.\0002\000\040\000g\000e\000t\000M\000a\000z\000o\000S\000o\000r\000p\000r\000e\000s\000a\000s\000\050\000\051}{subsection.4.7.3}% 85
\BOOKMARK [3][-]{subsubsection.4.7.3.3}{\376\377\0004\000.\0007\000.\0003\000.\0003\000\040\000s\000i\000g\000u\000i\000e\000n\000t\000e\000\050\000\051}{subsection.4.7.3}% 86
\BOOKMARK [1][-]{section.4.8}{\376\377\0004\000.\0008\000\040\000R\000e\000f\000e\000r\000e\000n\000c\000i\000a\000\040\000d\000e\000\040\000l\000a\000\040\000C\000l\000a\000s\000e\000\040\000c\000i\000v\000i\000t\000a\000s\000.\000S\000o\000r\000p\000r\000e\000s\000a}{chapter.4}% 87
\BOOKMARK [2][-]{subsection.4.8.1}{\376\377\0004\000.\0008\000.\0001\000\040\000D\000e\000s\000c\000r\000i\000p\000c\000i\000\363\000n\000\040\000d\000e\000t\000a\000l\000l\000a\000d\000a}{section.4.8}% 88
\BOOKMARK [2][-]{subsection.4.8.2}{\376\377\0004\000.\0008\000.\0002\000\040\000D\000o\000c\000u\000m\000e\000n\000t\000a\000c\000i\000\363\000n\000\040\000d\000e\000\040\000l\000a\000s\000\040\000f\000u\000n\000c\000i\000o\000n\000e\000s\000\040\000m\000i\000e\000m\000b\000r\000o}{section.4.8}% 89
\BOOKMARK [3][-]{subsubsection.4.8.2.1}{\376\377\0004\000.\0008\000.\0002\000.\0001\000\040\000t\000o\000S\000t\000r\000i\000n\000g\000\050\000\051}{subsection.4.8.2}% 90
\BOOKMARK [1][-]{section.4.9}{\376\377\0004\000.\0009\000\040\000R\000e\000f\000e\000r\000e\000n\000c\000i\000a\000\040\000d\000e\000\040\000l\000a\000\040\000C\000l\000a\000s\000e\000\040\000c\000i\000v\000i\000t\000a\000s\000.\000T\000a\000b\000l\000e\000r\000o}{chapter.4}% 91
\BOOKMARK [2][-]{subsection.4.9.1}{\376\377\0004\000.\0009\000.\0001\000\040\000D\000e\000s\000c\000r\000i\000p\000c\000i\000\363\000n\000\040\000d\000e\000t\000a\000l\000l\000a\000d\000a}{section.4.9}% 92
\BOOKMARK [2][-]{subsection.4.9.2}{\376\377\0004\000.\0009\000.\0002\000\040\000D\000o\000c\000u\000m\000e\000n\000t\000a\000c\000i\000\363\000n\000\040\000d\000e\000l\000\040\000c\000o\000n\000s\000t\000r\000u\000c\000t\000o\000r\000\040\000y\000\040\000d\000e\000s\000t\000r\000u\000c\000t\000o\000r}{section.4.9}% 93
\BOOKMARK [3][-]{subsubsection.4.9.2.1}{\376\377\0004\000.\0009\000.\0002\000.\0001\000\040\000T\000a\000b\000l\000e\000r\000o\000\050\000\051}{subsection.4.9.2}% 94
\BOOKMARK [2][-]{subsection.4.9.3}{\376\377\0004\000.\0009\000.\0003\000\040\000D\000o\000c\000u\000m\000e\000n\000t\000a\000c\000i\000\363\000n\000\040\000d\000e\000\040\000l\000a\000s\000\040\000f\000u\000n\000c\000i\000o\000n\000e\000s\000\040\000m\000i\000e\000m\000b\000r\000o}{section.4.9}% 95
\BOOKMARK [3][-]{subsubsection.4.9.3.1}{\376\377\0004\000.\0009\000.\0003\000.\0001\000\040\000a\000n\000i\000a\000d\000e\000C\000a\000s\000i\000l\000l\000a\000\050\000\051}{subsection.4.9.3}% 96
\BOOKMARK [3][-]{subsubsection.4.9.3.2}{\376\377\0004\000.\0009\000.\0003\000.\0002\000\040\000c\000o\000m\000p\000u\000t\000a\000r\000P\000a\000s\000o\000P\000o\000r\000S\000a\000l\000i\000d\000a\000\050\000\051}{subsection.4.9.3}% 97
\BOOKMARK [3][-]{subsubsection.4.9.3.3}{\376\377\0004\000.\0009\000.\0003\000.\0003\000\040\000c\000o\000r\000r\000e\000c\000t\000o\000\050\000\051}{subsection.4.9.3}% 98
\BOOKMARK [3][-]{subsubsection.4.9.3.4}{\376\377\0004\000.\0009\000.\0003\000.\0004\000\040\000g\000e\000t\000C\000a\000s\000i\000l\000l\000a\000\050\000\051}{subsection.4.9.3}% 99
\BOOKMARK [3][-]{subsubsection.4.9.3.5}{\376\377\0004\000.\0009\000.\0003\000.\0005\000\040\000g\000e\000t\000C\000a\000s\000i\000l\000l\000a\000s\000\050\000\051}{subsection.4.9.3}% 100
\BOOKMARK [3][-]{subsubsection.4.9.3.6}{\376\377\0004\000.\0009\000.\0003\000.\0006\000\040\000g\000e\000t\000P\000a\000s\000o\000P\000o\000r\000S\000a\000l\000i\000d\000a\000\050\000\051}{subsection.4.9.3}% 101
\BOOKMARK [3][-]{subsubsection.4.9.3.7}{\376\377\0004\000.\0009\000.\0003\000.\0007\000\040\000n\000u\000e\000v\000a\000P\000o\000s\000i\000c\000i\000o\000n\000\050\000\051}{subsection.4.9.3}% 102
\BOOKMARK [0][-]{chapter.5}{\376\377\0005\000\040\000D\000o\000c\000u\000m\000e\000n\000t\000a\000c\000i\000\363\000n\000\040\000d\000e\000\040\000a\000r\000c\000h\000i\000v\000o\000s}{}% 103
\BOOKMARK [1][-]{section.5.1}{\376\377\0005\000.\0001\000\040\000C\000a\000s\000i\000l\000l\000a\000.\000j\000a\000v\000a}{chapter.5}% 104
\BOOKMARK [1][-]{section.5.2}{\376\377\0005\000.\0002\000\040\000C\000i\000v\000i\000t\000a\000s\000.\000j\000a\000v\000a}{chapter.5}% 105
\BOOKMARK [1][-]{section.5.3}{\376\377\0005\000.\0003\000\040\000C\000i\000v\000i\000t\000a\000s\000J\000u\000e\000g\000o\000.\000j\000a\000v\000a}{chapter.5}% 106
\BOOKMARK [1][-]{section.5.4}{\376\377\0005\000.\0004\000\040\000D\000a\000d\000o\000.\000j\000a\000v\000a}{chapter.5}% 107
\BOOKMARK [1][-]{section.5.5}{\376\377\0005\000.\0005\000\040\000D\000i\000a\000r\000i\000o\000.\000j\000a\000v\000a}{chapter.5}% 108
\BOOKMARK [1][-]{section.5.6}{\376\377\0005\000.\0006\000\040\000E\000n\000u\000m\000e\000r\000a\000d\000o\000s\000.\000j\000a\000v\000a}{chapter.5}% 109
\BOOKMARK [1][-]{section.5.7}{\376\377\0005\000.\0007\000\040\000E\000s\000t\000a\000d\000o\000J\000u\000e\000g\000o\000.\000j\000a\000v\000a}{chapter.5}% 110
\BOOKMARK [1][-]{section.5.8}{\376\377\0005\000.\0008\000\040\000G\000e\000s\000t\000o\000r\000E\000s\000t\000a\000d\000o\000s\000.\000j\000a\000v\000a}{chapter.5}% 111
\BOOKMARK [1][-]{section.5.9}{\376\377\0005\000.\0009\000\040\000J\000u\000g\000a\000d\000o\000r\000.\000j\000a\000v\000a}{chapter.5}% 112
\BOOKMARK [1][-]{section.5.10}{\376\377\0005\000.\0001\0000\000\040\000M\000a\000z\000o\000S\000o\000r\000p\000r\000e\000s\000a\000s\000.\000j\000a\000v\000a}{chapter.5}% 113
\BOOKMARK [1][-]{section.5.11}{\376\377\0005\000.\0001\0001\000\040\000S\000o\000r\000p\000r\000e\000s\000a\000.\000j\000a\000v\000a}{chapter.5}% 114
\BOOKMARK [1][-]{section.5.12}{\376\377\0005\000.\0001\0002\000\040\000T\000a\000b\000l\000e\000r\000o\000.\000j\000a\000v\000a}{chapter.5}% 115
\BOOKMARK [0][-]{section*.12}{\376\377\000\315\000n\000d\000i\000c\000e\000\040\000a\000l\000f\000a\000b\000\351\000t\000i\000c\000o}{}% 116
