"${OUTPUT_PATH}" -input ./data/ECommerce926.dataset -events  10000 -K 5 -display Framed -type cart

Reading from ./data/ECommerce926.dataset
Number of events with non null session in index: 926
After filtering sessions (Type == cart): 355 sessions
There are 37 unique brands in the filtered sessions
Adjacency Matrix 
37 37
italwax estel runail kosmekka roubloff bpw.style freedecor domix ingarden irisk cosmoprofi pole consly eunyul beauty-free haruyama i-laq beautyblender masura swarovski bioaqua yoko oniq uno grattol dermal kapous jessnail thuya keen lovely lowence cnd uskusi max kinetics kaaral 
italwax estel runail kosmekka roubloff bpw.style freedecor domix ingarden irisk cosmoprofi pole consly eunyul beauty-free haruyama i-laq beautyblender masura swarovski bioaqua yoko oniq uno grattol dermal kapous jessnail thuya keen lovely lowence cnd uskusi max kinetics kaaral 
0 2 0 0 0 0 0 0 0 0 0 0 0 0 0 0 0 0 0 0 0 0 0 0 0 0 0 0 4 0 0 0 0 0 0 0 0 
2 0 0 0 0 0 0 0 0 0 0 0 0 0 0 0 0 0 0 0 0 0 0 0 0 0 0 0 0 0 0 0 0 0 0 0 0 
0 0 0 0 1 12 3 1 54 3 1 0 0 0 0 0 0 0 0 68 0 1 0 0 0 0 0 0 0 0 0 0 0 0 0 0 0 
0 0 0 0 0 0 0 0 0 0 0 0 0 0 0 0 0 0 0 0 0 0 0 0 0 0 0 0 0 0 0 0 0 0 0 0 0 
0 0 1 0 0 12 3 1 2 2 1 0 0 0 0 0 0 0 0 0 0 0 0 0 0 0 0 0 0 0 0 0 0 0 0 0 0 
0 0 12 0 12 0 36 12 24 24 12 0 0 0 0 0 0 0 0 0 0 0 0 0 0 0 0 0 0 0 0 0 0 0 0 0 0 
0 0 3 0 3 36 0 3 6 6 3 0 0 0 0 0 0 0 0 0 0 0 0 0 0 0 0 0 0 0 0 0 0 0 0 0 0 
0 0 1 0 1 12 3 0 2 2 1 0 0 0 0 0 0 0 0 0 0 0 0 0 0 0 0 0 0 0 0 0 0 0 0 0 0 
0 0 54 0 2 24 6 2 0 4 2 0 0 0 0 0 0 0 0 0 0 0 0 0 0 0 0 0 0 0 0 0 0 0 0 0 0 
0 0 3 0 2 24 6 2 4 0 2 0 0 0 0 0 0 0 0 0 0 1 0 0 0 0 0 0 0 0 0 0 0 0 0 0 0 
0 0 1 0 1 12 3 1 2 2 0 0 0 0 0 0 0 0 0 0 0 0 0 0 0 0 0 0 0 0 0 0 0 0 0 0 0 
0 0 0 0 0 0 0 0 0 0 0 0 0 0 0 0 0 0 0 0 0 0 0 0 0 0 0 0 0 0 0 0 0 0 0 0 0 
0 0 0 0 0 0 0 0 0 0 0 0 0 4 0 0 0 0 0 0 0 0 0 0 0 0 0 0 0 0 0 0 0 0 0 0 0 
0 0 0 0 0 0 0 0 0 0 0 0 4 0 0 0 0 0 0 0 0 0 0 0 0 0 0 0 0 0 0 0 0 0 0 0 0 
0 0 0 0 0 0 0 0 0 0 0 0 0 0 0 0 0 0 0 0 0 0 0 0 0 0 0 0 0 0 0 0 0 0 0 0 0 
0 0 0 0 0 0 0 0 0 0 0 0 0 0 0 0 0 0 0 0 0 0 0 0 0 0 0 0 0 0 0 0 0 0 0 0 0 
0 0 0 0 0 0 0 0 0 0 0 0 0 0 0 0 0 0 0 0 0 0 0 0 0 0 0 0 0 0 0 0 0 0 0 0 0 
0 0 0 0 0 0 0 0 0 0 0 0 0 0 0 0 0 0 0 0 0 0 0 0 0 0 0 0 0 0 0 0 0 0 0 0 0 
0 0 0 0 0 0 0 0 0 0 0 0 0 0 0 0 0 0 0 0 0 0 0 0 0 0 0 0 0 0 0 0 0 0 0 0 0 
0 0 68 0 0 0 0 0 0 0 0 0 0 0 0 0 0 0 0 0 0 0 0 0 0 0 0 0 0 0 0 0 0 0 0 0 0 
0 0 0 0 0 0 0 0 0 0 0 0 0 0 0 0 0 0 0 0 0 0 0 0 0 0 0 0 0 0 0 0 0 0 0 0 0 
0 0 1 0 0 0 0 0 0 1 0 0 0 0 0 0 0 0 0 0 0 0 0 0 0 0 0 0 0 0 0 0 0 0 0 0 0 
0 0 0 0 0 0 0 0 0 0 0 0 0 0 0 0 0 0 0 0 0 0 0 0 0 0 0 0 0 0 0 0 0 0 0 0 0 
0 0 0 0 0 0 0 0 0 0 0 0 0 0 0 0 0 0 0 0 0 0 0 0 1 0 0 0 0 0 0 0 0 0 0 0 0 
0 0 0 0 0 0 0 0 0 0 0 0 0 0 0 0 0 0 0 0 0 0 0 1 0 0 0 0 0 0 0 0 0 0 0 0 0 
0 0 0 0 0 0 0 0 0 0 0 0 0 0 0 0 0 0 0 0 0 0 0 0 0 0 0 0 0 0 0 0 0 0 0 0 0 
0 0 0 0 0 0 0 0 0 0 0 0 0 0 0 0 0 0 0 0 0 0 0 0 0 0 0 0 0 0 0 0 0 0 0 0 0 
0 0 0 0 0 0 0 0 0 0 0 0 0 0 0 0 0 0 0 0 0 0 0 0 0 0 0 0 0 0 0 0 0 0 0 0 0 
4 0 0 0 0 0 0 0 0 0 0 0 0 0 0 0 0 0 0 0 0 0 0 0 0 0 0 0 0 0 0 0 0 0 0 0 0 
0 0 0 0 0 0 0 0 0 0 0 0 0 0 0 0 0 0 0 0 0 0 0 0 0 0 0 0 0 0 0 0 0 0 0 0 0 
0 0 0 0 0 0 0 0 0 0 0 0 0 0 0 0 0 0 0 0 0 0 0 0 0 0 0 0 0 0 0 0 0 0 0 0 0 
0 0 0 0 0 0 0 0 0 0 0 0 0 0 0 0 0 0 0 0 0 0 0 0 0 0 0 0 0 0 0 0 0 0 0 0 0 
0 0 0 0 0 0 0 0 0 0 0 0 0 0 0 0 0 0 0 0 0 0 0 0 0 0 0 0 0 0 0 0 0 0 0 0 0 
0 0 0 0 0 0 0 0 0 0 0 0 0 0 0 0 0 0 0 0 0 0 0 0 0 0 0 0 0 0 0 0 0 0 0 0 0 
0 0 0 0 0 0 0 0 0 0 0 0 0 0 0 0 0 0 0 0 0 0 0 0 0 0 0 0 0 0 0 0 0 0 0 0 0 
0 0 0 0 0 0 0 0 0 0 0 0 0 0 0 0 0 0 0 0 0 0 0 0 0 0 0 0 0 0 0 0 0 0 0 0 0 
0 0 0 0 0 0 0 0 0 0 0 0 0 0 0 0 0 0 0 0 0 0 0 0 0 0 0 0 0 0 0 0 0 0 0 0 0 

After teletranspotation 
37 37
italwax estel runail kosmekka roubloff bpw.style freedecor domix ingarden irisk cosmoprofi pole consly eunyul beauty-free haruyama i-laq beautyblender masura swarovski bioaqua yoko oniq uno grattol dermal kapous jessnail thuya keen lovely lowence cnd uskusi max kinetics kaaral 
italwax estel runail kosmekka roubloff bpw.style freedecor domix ingarden irisk cosmoprofi pole consly eunyul beauty-free haruyama i-laq beautyblender masura swarovski bioaqua yoko oniq uno grattol dermal kapous jessnail thuya keen lovely lowence cnd uskusi max kinetics kaaral 
0.00405405 0.287387 0.00405405 0.00405405 0.00405405 0.00405405 0.00405405 0.00405405 0.00405405 0.00405405 0.00405405 0.00405405 0.00405405 0.00405405 0.00405405 0.00405405 0.00405405 0.00405405 0.00405405 0.00405405 0.00405405 0.00405405 0.00405405 0.00405405 0.00405405 0.00405405 0.00405405 0.00405405 0.570721 0.00405405 0.00405405 0.00405405 0.00405405 0.00405405 0.00405405 0.00405405 0.00405405 
0.854054 0.00405405 0.00405405 0.00405405 0.00405405 0.00405405 0.00405405 0.00405405 0.00405405 0.00405405 0.00405405 0.00405405 0.00405405 0.00405405 0.00405405 0.00405405 0.00405405 0.00405405 0.00405405 0.00405405 0.00405405 0.00405405 0.00405405 0.00405405 0.00405405 0.00405405 0.00405405 0.00405405 0.00405405 0.00405405 0.00405405 0.00405405 0.00405405 0.00405405 0.00405405 0.00405405 0.00405405 
0.00405405 0.00405405 0.00405405 0.00405405 0.00995683 0.0748874 0.0217624 0.00995683 0.322804 0.0217624 0.00995683 0.00405405 0.00405405 0.00405405 0.00405405 0.00405405 0.00405405 0.00405405 0.00405405 0.405443 0.00405405 0.00995683 0.00405405 0.00405405 0.00405405 0.00405405 0.00405405 0.00405405 0.00405405 0.00405405 0.00405405 0.00405405 0.00405405 0.00405405 0.00405405 0.00405405 0.00405405 
0.027027 0.027027 0.027027 0.027027 0.027027 0.027027 0.027027 0.027027 0.027027 0.027027 0.027027 0.027027 0.027027 0.027027 0.027027 0.027027 0.027027 0.027027 0.027027 0.027027 0.027027 0.027027 0.027027 0.027027 0.027027 0.027027 0.027027 0.027027 0.027027 0.027027 0.027027 0.027027 0.027027 0.027027 0.027027 0.027027 0.027027 
0.00405405 0.00405405 0.0426904 0.00405405 0.00405405 0.46769 0.119963 0.0426904 0.0813268 0.0813268 0.0426904 0.00405405 0.00405405 0.00405405 0.00405405 0.00405405 0.00405405 0.00405405 0.00405405 0.00405405 0.00405405 0.00405405 0.00405405 0.00405405 0.00405405 0.00405405 0.00405405 0.00405405 0.00405405 0.00405405 0.00405405 0.00405405 0.00405405 0.00405405 0.00405405 0.00405405 0.00405405 
0.00405405 0.00405405 0.0813268 0.00405405 0.0813268 0.00405405 0.235872 0.0813268 0.1586 0.1586 0.0813268 0.00405405 0.00405405 0.00405405 0.00405405 0.00405405 0.00405405 0.00405405 0.00405405 0.00405405 0.00405405 0.00405405 0.00405405 0.00405405 0.00405405 0.00405405 0.00405405 0.00405405 0.00405405 0.00405405 0.00405405 0.00405405 0.00405405 0.00405405 0.00405405 0.00405405 0.00405405 
0.00405405 0.00405405 0.0465541 0.00405405 0.0465541 0.514054 0.00405405 0.0465541 0.0890541 0.0890541 0.0465541 0.00405405 0.00405405 0.00405405 0.00405405 0.00405405 0.00405405 0.00405405 0.00405405 0.00405405 0.00405405 0.00405405 0.00405405 0.00405405 0.00405405 0.00405405 0.00405405 0.00405405 0.00405405 0.00405405 0.00405405 0.00405405 0.00405405 0.00405405 0.00405405 0.00405405 0.00405405 
0.00405405 0.00405405 0.0426904 0.00405405 0.0426904 0.46769 0.119963 0.00405405 0.0813268 0.0813268 0.0426904 0.00405405 0.00405405 0.00405405 0.00405405 0.00405405 0.00405405 0.00405405 0.00405405 0.00405405 0.00405405 0.00405405 0.00405405 0.00405405 0.00405405 0.00405405 0.00405405 0.00405405 0.00405405 0.00405405 0.00405405 0.00405405 0.00405405 0.00405405 0.00405405 0.00405405 0.00405405 
0.00405405 0.00405405 0.492352 0.00405405 0.0221392 0.221075 0.0583094 0.0221392 0.00405405 0.0402243 0.0221392 0.00405405 0.00405405 0.00405405 0.00405405 0.00405405 0.00405405 0.00405405 0.00405405 0.00405405 0.00405405 0.00405405 0.00405405 0.00405405 0.00405405 0.00405405 0.00405405 0.00405405 0.00405405 0.00405405 0.00405405 0.00405405 0.00405405 0.00405405 0.00405405 0.00405405 0.00405405 
0.00405405 0.00405405 0.0620086 0.00405405 0.0426904 0.46769 0.119963 0.0426904 0.0813268 0.00405405 0.0426904 0.00405405 0.00405405 0.00405405 0.00405405 0.00405405 0.00405405 0.00405405 0.00405405 0.00405405 0.00405405 0.0233722 0.00405405 0.00405405 0.00405405 0.00405405 0.00405405 0.00405405 0.00405405 0.00405405 0.00405405 0.00405405 0.00405405 0.00405405 0.00405405 0.00405405 0.00405405 
0.00405405 0.00405405 0.0426904 0.00405405 0.0426904 0.46769 0.119963 0.0426904 0.0813268 0.0813268 0.00405405 0.00405405 0.00405405 0.00405405 0.00405405 0.00405405 0.00405405 0.00405405 0.00405405 0.00405405 0.00405405 0.00405405 0.00405405 0.00405405 0.00405405 0.00405405 0.00405405 0.00405405 0.00405405 0.00405405 0.00405405 0.00405405 0.00405405 0.00405405 0.00405405 0.00405405 0.00405405 
0.027027 0.027027 0.027027 0.027027 0.027027 0.027027 0.027027 0.027027 0.027027 0.027027 0.027027 0.027027 0.027027 0.027027 0.027027 0.027027 0.027027 0.027027 0.027027 0.027027 0.027027 0.027027 0.027027 0.027027 0.027027 0.027027 0.027027 0.027027 0.027027 0.027027 0.027027 0.027027 0.027027 0.027027 0.027027 0.027027 0.027027 
0.00405405 0.00405405 0.00405405 0.00405405 0.00405405 0.00405405 0.00405405 0.00405405 0.00405405 0.00405405 0.00405405 0.00405405 0.00405405 0.854054 0.00405405 0.00405405 0.00405405 0.00405405 0.00405405 0.00405405 0.00405405 0.00405405 0.00405405 0.00405405 0.00405405 0.00405405 0.00405405 0.00405405 0.00405405 0.00405405 0.00405405 0.00405405 0.00405405 0.00405405 0.00405405 0.00405405 0.00405405 
0.00405405 0.00405405 0.00405405 0.00405405 0.00405405 0.00405405 0.00405405 0.00405405 0.00405405 0.00405405 0.00405405 0.00405405 0.854054 0.00405405 0.00405405 0.00405405 0.00405405 0.00405405 0.00405405 0.00405405 0.00405405 0.00405405 0.00405405 0.00405405 0.00405405 0.00405405 0.00405405 0.00405405 0.00405405 0.00405405 0.00405405 0.00405405 0.00405405 0.00405405 0.00405405 0.00405405 0.00405405 
0.027027 0.027027 0.027027 0.027027 0.027027 0.027027 0.027027 0.027027 0.027027 0.027027 0.027027 0.027027 0.027027 0.027027 0.027027 0.027027 0.027027 0.027027 0.027027 0.027027 0.027027 0.027027 0.027027 0.027027 0.027027 0.027027 0.027027 0.027027 0.027027 0.027027 0.027027 0.027027 0.027027 0.027027 0.027027 0.027027 0.027027 
0.027027 0.027027 0.027027 0.027027 0.027027 0.027027 0.027027 0.027027 0.027027 0.027027 0.027027 0.027027 0.027027 0.027027 0.027027 0.027027 0.027027 0.027027 0.027027 0.027027 0.027027 0.027027 0.027027 0.027027 0.027027 0.027027 0.027027 0.027027 0.027027 0.027027 0.027027 0.027027 0.027027 0.027027 0.027027 0.027027 0.027027 
0.027027 0.027027 0.027027 0.027027 0.027027 0.027027 0.027027 0.027027 0.027027 0.027027 0.027027 0.027027 0.027027 0.027027 0.027027 0.027027 0.027027 0.027027 0.027027 0.027027 0.027027 0.027027 0.027027 0.027027 0.027027 0.027027 0.027027 0.027027 0.027027 0.027027 0.027027 0.027027 0.027027 0.027027 0.027027 0.027027 0.027027 
0.027027 0.027027 0.027027 0.027027 0.027027 0.027027 0.027027 0.027027 0.027027 0.027027 0.027027 0.027027 0.027027 0.027027 0.027027 0.027027 0.027027 0.027027 0.027027 0.027027 0.027027 0.027027 0.027027 0.027027 0.027027 0.027027 0.027027 0.027027 0.027027 0.027027 0.027027 0.027027 0.027027 0.027027 0.027027 0.027027 0.027027 
0.027027 0.027027 0.027027 0.027027 0.027027 0.027027 0.027027 0.027027 0.027027 0.027027 0.027027 0.027027 0.027027 0.027027 0.027027 0.027027 0.027027 0.027027 0.027027 0.027027 0.027027 0.027027 0.027027 0.027027 0.027027 0.027027 0.027027 0.027027 0.027027 0.027027 0.027027 0.027027 0.027027 0.027027 0.027027 0.027027 0.027027 
0.00405405 0.00405405 0.854054 0.00405405 0.00405405 0.00405405 0.00405405 0.00405405 0.00405405 0.00405405 0.00405405 0.00405405 0.00405405 0.00405405 0.00405405 0.00405405 0.00405405 0.00405405 0.00405405 0.00405405 0.00405405 0.00405405 0.00405405 0.00405405 0.00405405 0.00405405 0.00405405 0.00405405 0.00405405 0.00405405 0.00405405 0.00405405 0.00405405 0.00405405 0.00405405 0.00405405 0.00405405 
0.027027 0.027027 0.027027 0.027027 0.027027 0.027027 0.027027 0.027027 0.027027 0.027027 0.027027 0.027027 0.027027 0.027027 0.027027 0.027027 0.027027 0.027027 0.027027 0.027027 0.027027 0.027027 0.027027 0.027027 0.027027 0.027027 0.027027 0.027027 0.027027 0.027027 0.027027 0.027027 0.027027 0.027027 0.027027 0.027027 0.027027 
0.00405405 0.00405405 0.429054 0.00405405 0.00405405 0.00405405 0.00405405 0.00405405 0.00405405 0.429054 0.00405405 0.00405405 0.00405405 0.00405405 0.00405405 0.00405405 0.00405405 0.00405405 0.00405405 0.00405405 0.00405405 0.00405405 0.00405405 0.00405405 0.00405405 0.00405405 0.00405405 0.00405405 0.00405405 0.00405405 0.00405405 0.00405405 0.00405405 0.00405405 0.00405405 0.00405405 0.00405405 
0.027027 0.027027 0.027027 0.027027 0.027027 0.027027 0.027027 0.027027 0.027027 0.027027 0.027027 0.027027 0.027027 0.027027 0.027027 0.027027 0.027027 0.027027 0.027027 0.027027 0.027027 0.027027 0.027027 0.027027 0.027027 0.027027 0.027027 0.027027 0.027027 0.027027 0.027027 0.027027 0.027027 0.027027 0.027027 0.027027 0.027027 
0.00405405 0.00405405 0.00405405 0.00405405 0.00405405 0.00405405 0.00405405 0.00405405 0.00405405 0.00405405 0.00405405 0.00405405 0.00405405 0.00405405 0.00405405 0.00405405 0.00405405 0.00405405 0.00405405 0.00405405 0.00405405 0.00405405 0.00405405 0.00405405 0.854054 0.00405405 0.00405405 0.00405405 0.00405405 0.00405405 0.00405405 0.00405405 0.00405405 0.00405405 0.00405405 0.00405405 0.00405405 
0.00405405 0.00405405 0.00405405 0.00405405 0.00405405 0.00405405 0.00405405 0.00405405 0.00405405 0.00405405 0.00405405 0.00405405 0.00405405 0.00405405 0.00405405 0.00405405 0.00405405 0.00405405 0.00405405 0.00405405 0.00405405 0.00405405 0.00405405 0.854054 0.00405405 0.00405405 0.00405405 0.00405405 0.00405405 0.00405405 0.00405405 0.00405405 0.00405405 0.00405405 0.00405405 0.00405405 0.00405405 
0.027027 0.027027 0.027027 0.027027 0.027027 0.027027 0.027027 0.027027 0.027027 0.027027 0.027027 0.027027 0.027027 0.027027 0.027027 0.027027 0.027027 0.027027 0.027027 0.027027 0.027027 0.027027 0.027027 0.027027 0.027027 0.027027 0.027027 0.027027 0.027027 0.027027 0.027027 0.027027 0.027027 0.027027 0.027027 0.027027 0.027027 
0.027027 0.027027 0.027027 0.027027 0.027027 0.027027 0.027027 0.027027 0.027027 0.027027 0.027027 0.027027 0.027027 0.027027 0.027027 0.027027 0.027027 0.027027 0.027027 0.027027 0.027027 0.027027 0.027027 0.027027 0.027027 0.027027 0.027027 0.027027 0.027027 0.027027 0.027027 0.027027 0.027027 0.027027 0.027027 0.027027 0.027027 
0.027027 0.027027 0.027027 0.027027 0.027027 0.027027 0.027027 0.027027 0.027027 0.027027 0.027027 0.027027 0.027027 0.027027 0.027027 0.027027 0.027027 0.027027 0.027027 0.027027 0.027027 0.027027 0.027027 0.027027 0.027027 0.027027 0.027027 0.027027 0.027027 0.027027 0.027027 0.027027 0.027027 0.027027 0.027027 0.027027 0.027027 
0.854054 0.00405405 0.00405405 0.00405405 0.00405405 0.00405405 0.00405405 0.00405405 0.00405405 0.00405405 0.00405405 0.00405405 0.00405405 0.00405405 0.00405405 0.00405405 0.00405405 0.00405405 0.00405405 0.00405405 0.00405405 0.00405405 0.00405405 0.00405405 0.00405405 0.00405405 0.00405405 0.00405405 0.00405405 0.00405405 0.00405405 0.00405405 0.00405405 0.00405405 0.00405405 0.00405405 0.00405405 
0.027027 0.027027 0.027027 0.027027 0.027027 0.027027 0.027027 0.027027 0.027027 0.027027 0.027027 0.027027 0.027027 0.027027 0.027027 0.027027 0.027027 0.027027 0.027027 0.027027 0.027027 0.027027 0.027027 0.027027 0.027027 0.027027 0.027027 0.027027 0.027027 0.027027 0.027027 0.027027 0.027027 0.027027 0.027027 0.027027 0.027027 
0.027027 0.027027 0.027027 0.027027 0.027027 0.027027 0.027027 0.027027 0.027027 0.027027 0.027027 0.027027 0.027027 0.027027 0.027027 0.027027 0.027027 0.027027 0.027027 0.027027 0.027027 0.027027 0.027027 0.027027 0.027027 0.027027 0.027027 0.027027 0.027027 0.027027 0.027027 0.027027 0.027027 0.027027 0.027027 0.027027 0.027027 
0.027027 0.027027 0.027027 0.027027 0.027027 0.027027 0.027027 0.027027 0.027027 0.027027 0.027027 0.027027 0.027027 0.027027 0.027027 0.027027 0.027027 0.027027 0.027027 0.027027 0.027027 0.027027 0.027027 0.027027 0.027027 0.027027 0.027027 0.027027 0.027027 0.027027 0.027027 0.027027 0.027027 0.027027 0.027027 0.027027 0.027027 
0.027027 0.027027 0.027027 0.027027 0.027027 0.027027 0.027027 0.027027 0.027027 0.027027 0.027027 0.027027 0.027027 0.027027 0.027027 0.027027 0.027027 0.027027 0.027027 0.027027 0.027027 0.027027 0.027027 0.027027 0.027027 0.027027 0.027027 0.027027 0.027027 0.027027 0.027027 0.027027 0.027027 0.027027 0.027027 0.027027 0.027027 
0.027027 0.027027 0.027027 0.027027 0.027027 0.027027 0.027027 0.027027 0.027027 0.027027 0.027027 0.027027 0.027027 0.027027 0.027027 0.027027 0.027027 0.027027 0.027027 0.027027 0.027027 0.027027 0.027027 0.027027 0.027027 0.027027 0.027027 0.027027 0.027027 0.027027 0.027027 0.027027 0.027027 0.027027 0.027027 0.027027 0.027027 
0.027027 0.027027 0.027027 0.027027 0.027027 0.027027 0.027027 0.027027 0.027027 0.027027 0.027027 0.027027 0.027027 0.027027 0.027027 0.027027 0.027027 0.027027 0.027027 0.027027 0.027027 0.027027 0.027027 0.027027 0.027027 0.027027 0.027027 0.027027 0.027027 0.027027 0.027027 0.027027 0.027027 0.027027 0.027027 0.027027 0.027027 
0.027027 0.027027 0.027027 0.027027 0.027027 0.027027 0.027027 0.027027 0.027027 0.027027 0.027027 0.027027 0.027027 0.027027 0.027027 0.027027 0.027027 0.027027 0.027027 0.027027 0.027027 0.027027 0.027027 0.027027 0.027027 0.027027 0.027027 0.027027 0.027027 0.027027 0.027027 0.027027 0.027027 0.027027 0.027027 0.027027 0.027027 
0.027027 0.027027 0.027027 0.027027 0.027027 0.027027 0.027027 0.027027 0.027027 0.027027 0.027027 0.027027 0.027027 0.027027 0.027027 0.027027 0.027027 0.027027 0.027027 0.027027 0.027027 0.027027 0.027027 0.027027 0.027027 0.027027 0.027027 0.027027 0.027027 0.027027 0.027027 0.027027 0.027027 0.027027 0.027027 0.027027 0.027027 

PageRank at iteration 0
1 37
pr 
beauty-free beautyblender bioaqua bpw.style cnd consly cosmoprofi dermal domix estel eunyul freedecor grattol haruyama i-laq ingarden irisk italwax jessnail kaaral kapous keen kinetics kosmekka lovely lowence masura max oniq pole roubloff runail swarovski thuya uno uskusi yoko 
0.027027 0.027027 0.027027 0.027027 0.027027 0.027027 0.027027 0.027027 0.027027 0.027027 0.027027 0.027027 0.027027 0.027027 0.027027 0.027027 0.027027 0.027027 0.027027 0.027027 0.027027 0.027027 0.027027 0.027027 0.027027 0.027027 0.027027 0.027027 0.027027 0.027027 0.027027 0.027027 0.027027 0.027027 0.027027 0.027027 0.027027 

PageRank at iteration 1
1 37
pr 
italwax estel runail kosmekka roubloff bpw.style freedecor domix ingarden irisk cosmoprofi pole consly eunyul beauty-free haruyama i-laq beautyblender masura swarovski bioaqua yoko oniq uno grattol dermal kapous jessnail thuya keen lovely lowence cnd uskusi max kinetics kaaral 
0.0624178 0.0241295 0.0720647 0.0164719 0.02349 0.0881584 0.0372129 0.02349 0.0399148 0.0421541 0.02349 0.0164719 0.0394449 0.0394449 0.0164719 0.0164719 0.0164719 0.0164719 0.0164719 0.0273202 0.0164719 0.0171535 0.0164719 0.0394449 0.0394449 0.0164719 0.0164719 0.0164719 0.0317872 0.0164719 0.0164719 0.0164719 0.0164719 0.0164719 0.0164719 0.0164719 0.0164719 

PageRank at iteration 2
1 37
pr 
italwax estel runail kosmekka roubloff bpw.style freedecor domix ingarden irisk cosmoprofi pole consly eunyul beauty-free haruyama i-laq beautyblender masura swarovski bioaqua yoko oniq uno grattol dermal kapous jessnail thuya keen lovely lowence cnd uskusi max kinetics kaaral 
0.0591514 0.0293073 0.0751845 0.0116222 0.0246071 0.0965843 0.0485548 0.0246071 0.0600832 0.0438653 0.0246071 0.0116222 0.0451503 0.0451503 0.0116222 0.0116222 0.0116222 0.0116222 0.0116222 0.0405482 0.0116222 0.0128619 0.0116222 0.0451503 0.0451503 0.0116222 0.0116222 0.0116222 0.0469923 0.0116222 0.0116222 0.0116222 0.0116222 0.0116222 0.0116222 0.0116222 0.0116222 

PageRank at iteration 3
1 37
pr 
italwax estel runail kosmekka roubloff bpw.style freedecor domix ingarden irisk cosmoprofi pole consly eunyul beauty-free haruyama i-laq beautyblender masura swarovski bioaqua yoko oniq uno grattol dermal kapous jessnail thuya keen lovely lowence cnd uskusi max kinetics kaaral 
0.0742486 0.0261536 0.093586 0.00939399 0.0240476 0.107086 0.0500162 0.0240476 0.0615068 0.0431231 0.0240476 0.00939399 0.0477718 0.0477718 0.00939399 0.00939399 0.00939399 0.00939399 0.00939399 0.0395722 0.00939399 0.0106852 0.00939399 0.0477718 0.0477718 0.00939399 0.00939399 0.00939399 0.0429131 0.00939399 0.00939399 0.00939399 0.00939399 0.00939399 0.00939399 0.00939399 0.00939399 

PageRank at iteration 4
1 37
pr 
italwax estel runail kosmekka roubloff bpw.style freedecor domix ingarden irisk cosmoprofi pole consly eunyul beauty-free haruyama i-laq beautyblender masura swarovski bioaqua yoko oniq uno grattol dermal kapous jessnail thuya keen lovely lowence cnd uskusi max kinetics kaaral 
0.0670769 0.0294073 0.0922684 0.00837021 0.0239598 0.107297 0.0515493 0.0239598 0.0679086 0.043169 0.0239598 0.00837021 0.0489762 0.0489762 0.00837021 0.00837021 0.00837021 0.00837021 0.00837021 0.0459346 0.00837021 0.00975569 0.00837021 0.0489762 0.0489762 0.00837021 0.00837021 0.00837021 0.0504444 0.00837021 0.00837021 0.00837021 0.00837021 0.00837021 0.00837021 0.00837021 0.00837021 

PageRank at iteration 5
1 37
pr 
italwax estel runail kosmekka roubloff bpw.style freedecor domix ingarden irisk cosmoprofi pole consly eunyul beauty-free haruyama i-laq beautyblender masura swarovski bioaqua yoko oniq uno grattol dermal kapous jessnail thuya keen lovely lowence cnd uskusi max kinetics kaaral 
0.0757738 0.026905 0.100011 0.00789983 0.0236739 0.108804 0.0514267 0.0236739 0.0671645 0.0426545 0.0236739 0.00789983 0.0495296 0.0495296 0.00789983 0.00789983 0.00789983 0.00789983 0.00789983 0.0449353 0.00789983 0.00927841 0.00789983 0.0495296 0.0495296 0.00789983 0.00789983 0.00789983 0.0459101 0.00789983 0.00789983 0.00789983 0.00789983 0.00789983 0.00789983 0.00789983 0.00789983 

PageRank at iteration 6
1 37
pr 
italwax estel runail kosmekka roubloff bpw.style freedecor domix ingarden irisk cosmoprofi pole consly eunyul beauty-free haruyama i-laq beautyblender masura swarovski bioaqua yoko oniq uno grattol dermal kapous jessnail thuya keen lovely lowence cnd uskusi max kinetics kaaral 
0.0695765 0.029153 0.0984276 0.0076837 0.0235593 0.108276 0.0514976 0.0235593 0.0695327 0.0425019 0.0235593 0.0076837 0.0497839 0.0497839 0.0076837 0.0076837 0.0076837 0.0076837 0.0076837 0.047827 0.0076837 0.00909805 0.0076837 0.0497839 0.0497839 0.0076837 0.0076837 0.0076837 0.0506222 0.0076837 0.0076837 0.0076837 0.0076837 0.0076837 0.0076837 0.0076837 0.0076837 

PageRank at iteration 7
1 37
pr 
italwax estel runail kosmekka roubloff bpw.style freedecor domix ingarden irisk cosmoprofi pole consly eunyul beauty-free haruyama i-laq beautyblender masura swarovski bioaqua yoko oniq uno grattol dermal kapous jessnail thuya keen lovely lowence cnd uskusi max kinetics kaaral 
0.0753933 0.0272977 0.101806 0.0075844 0.0234409 0.108384 0.0513188 0.0234409 0.0688148 0.0422814 0.0234409 0.0075844 0.0499007 0.0499007 0.0075844 0.0075844 0.0075844 0.0075844 0.0075844 0.0470921 0.0075844 0.00898646 0.0075844 0.0499007 0.0499007 0.0075844 0.0075844 0.0075844 0.0470111 0.0075844 0.0075844 0.0075844 0.0075844 0.0075844 0.0075844 0.0075844 0.0075844 

PageRank at iteration 8
1 37
pr 
italwax estel runail kosmekka roubloff bpw.style freedecor domix ingarden irisk cosmoprofi pole consly eunyul beauty-free haruyama i-laq beautyblender masura swarovski bioaqua yoko oniq uno grattol dermal kapous jessnail thuya keen lovely lowence cnd uskusi max kinetics kaaral 
0.0707013 0.0289002 0.100712 0.00753878 0.0233854 0.108064 0.0512525 0.0233854 0.0698031 0.0421964 0.0233854 0.00753878 0.0499544 0.0499544 0.00753878 0.00753878 0.00753878 0.00753878 0.00753878 0.0484026 0.00753878 0.00895652 0.00753878 0.0499544 0.0499544 0.00753878 0.00753878 0.00753878 0.0502616 0.00753878 0.00753878 0.00753878 0.00753878 0.00753878 0.00753878 0.00753878 0.00753878 

PageRank at iteration 9
1 37
pr 
italwax estel runail kosmekka roubloff bpw.style freedecor domix ingarden irisk cosmoprofi pole consly eunyul beauty-free haruyama i-laq beautyblender masura swarovski bioaqua yoko oniq uno grattol dermal kapous jessnail thuya keen lovely lowence cnd uskusi max kinetics kaaral 
0.0748054 0.0275498 0.102236 0.00751782 0.0233407 0.10803 0.0511624 0.0233407 0.0693589 0.0421111 0.0233407 0.00751782 0.049979 0.049979 0.00751782 0.00751782 0.00751782 0.00751782 0.00751782 0.0479425 0.00751782 0.00892746 0.00751782 0.049979 0.049979 0.00751782 0.00751782 0.00751782 0.0475819 0.00751782 0.00751782 0.00751782 0.00751782 0.00751782 0.00751782 0.00751782 0.00751782 

PageRank at iteration 10
1 37
pr 
italwax estel runail kosmekka roubloff bpw.style freedecor domix ingarden irisk cosmoprofi pole consly eunyul beauty-free haruyama i-laq beautyblender masura swarovski bioaqua yoko oniq uno grattol dermal kapous jessnail thuya keen lovely lowence cnd uskusi max kinetics kaaral 
0.0713701 0.028703 0.101589 0.00750819 0.0233188 0.107884 0.0511223 0.0233188 0.0698051 0.0420766 0.0233188 0.00750819 0.0499904 0.0499904 0.00750819 0.00750819 0.00750819 0.00750819 0.00750819 0.0485446 0.00750819 0.00892517 0.00750819 0.0499904 0.0499904 0.00750819 0.00750819 0.00750819 0.0498979 0.00750819 0.00750819 0.00750819 0.00750819 0.00750819 0.00750819 0.00750819 0.00750819 

PageRank at iteration 11
1 37
pr 
italwax estel runail kosmekka roubloff bpw.style freedecor domix ingarden irisk cosmoprofi pole consly eunyul beauty-free haruyama i-laq beautyblender masura swarovski bioaqua yoko oniq uno grattol dermal kapous jessnail thuya keen lovely lowence cnd uskusi max kinetics kaaral 
0.0743146 0.0277253 0.102296 0.00750376 0.0233026 0.107864 0.0510852 0.0233026 0.0695609 0.0420449 0.0233026 0.00750376 0.0499956 0.0499956 0.00750376 0.00750376 0.00750376 0.00750376 0.00750376 0.0482806 0.00750376 0.00891627 0.00750376 0.0499956 0.0499956 0.00750376 0.00750376 0.00750376 0.0479468 0.00750376 0.00750376 0.00750376 0.00750376 0.00750376 0.00750376 0.00750376 0.00750376 

PageRank at iteration 12
1 37
pr 
italwax estel runail kosmekka roubloff bpw.style freedecor domix ingarden irisk cosmoprofi pole consly eunyul beauty-free haruyama i-laq beautyblender masura swarovski bioaqua yoko oniq uno grattol dermal kapous jessnail thuya keen lovely lowence cnd uskusi max kinetics kaaral 
0.0718231 0.0285575 0.10194 0.00750173 0.0232947 0.107803 0.0510684 0.0232947 0.0697716 0.0420327 0.0232947 0.00750173 0.049998 0.049998 0.00750173 0.00750173 0.00750173 0.00750173 0.00750173 0.0485623 0.00750173 0.00891779 0.00750173 0.049998 0.049998 0.00750173 0.00750173 0.00750173 0.0496133 0.00750173 0.00750173 0.00750173 0.00750173 0.00750173 0.00750173 0.00750173 0.00750173 

PageRank at iteration 13
1 37
pr 
italwax estel runail kosmekka roubloff bpw.style freedecor domix ingarden irisk cosmoprofi pole consly eunyul beauty-free haruyama i-laq beautyblender masura swarovski bioaqua yoko oniq uno grattol dermal kapous jessnail thuya keen lovely lowence cnd uskusi max kinetics kaaral 
0.073946 0.0278507 0.102275 0.00750079 0.023289 0.107797 0.0510543 0.023289 0.0696435 0.0420211 0.023289 0.00750079 0.0499991 0.0499991 0.00750079 0.00750079 0.00750079 0.00750079 0.00750079 0.0484183 0.00750079 0.00891452 0.00750079 0.0499991 0.0499991 0.00750079 0.00750079 0.00750079 0.0482005 0.00750079 0.00750079 0.00750079 0.00750079 0.00750079 0.00750079 0.00750079 0.00750079 

PageRank at iteration 14
1 37
pr 
italwax estel runail kosmekka roubloff bpw.style freedecor domix ingarden irisk cosmoprofi pole consly eunyul beauty-free haruyama i-laq beautyblender masura swarovski bioaqua yoko oniq uno grattol dermal kapous jessnail thuya keen lovely lowence cnd uskusi max kinetics kaaral 
0.0721439 0.0284517 0.102086 0.00750036 0.0232863 0.107772 0.0510482 0.0232863 0.0697455 0.0420172 0.0232863 0.00750036 0.0499996 0.0499996 0.00750036 0.00750036 0.00750036 0.00750036 0.00750036 0.0485523 0.00750036 0.00891584 0.00750036 0.0499996 0.0499996 0.00750036 0.00750036 0.00750036 0.0494031 0.00750036 0.00750036 0.00750036 0.00750036 0.00750036 0.00750036 0.00750036 0.00750036 

PageRank at iteration 15
1 37
pr 
italwax estel runail kosmekka roubloff bpw.style freedecor domix ingarden irisk cosmoprofi pole consly eunyul beauty-free haruyama i-laq beautyblender masura swarovski bioaqua yoko oniq uno grattol dermal kapous jessnail thuya keen lovely lowence cnd uskusi max kinetics kaaral 
0.0736768 0.0279409 0.102247 0.00750017 0.0232843 0.107772 0.051043 0.0232843 0.0696797 0.0420128 0.0232843 0.00750017 0.0499998 0.0499998 0.00750017 0.00750017 0.00750017 0.00750017 0.00750017 0.0484762 0.00750017 0.00891445 0.00750017 0.0499998 0.0499998 0.00750017 0.00750017 0.00750017 0.0483817 0.00750017 0.00750017 0.00750017 0.00750017 0.00750017 0.00750017 0.00750017 0.00750017 

PageRank at iteration 16
1 37
pr 
italwax estel runail kosmekka roubloff bpw.style freedecor domix ingarden irisk cosmoprofi pole consly eunyul beauty-free haruyama i-laq beautyblender masura swarovski bioaqua yoko oniq uno grattol dermal kapous jessnail thuya keen lovely lowence cnd uskusi max kinetics kaaral 
0.0723743 0.0283752 0.102149 0.00750008 0.0232834 0.107761 0.0510409 0.0232834 0.0697298 0.0420117 0.0232834 0.00750008 0.0499999 0.0499999 0.00750008 0.00750008 0.00750008 0.00750008 0.00750008 0.0485409 0.00750008 0.00891523 0.00750008 0.0499999 0.0499999 0.00750008 0.00750008 0.00750008 0.0492503 0.00750008 0.00750008 0.00750008 0.00750008 0.00750008 0.00750008 0.00750008 0.00750008 

PageRank at iteration 17
1 37
pr 
italwax estel runail kosmekka roubloff bpw.style freedecor domix ingarden irisk cosmoprofi pole consly eunyul beauty-free haruyama i-laq beautyblender masura swarovski bioaqua yoko oniq uno grattol dermal kapous jessnail thuya keen lovely lowence cnd uskusi max kinetics kaaral 
0.0734816 0.0280061 0.102227 0.00750004 0.0232827 0.107763 0.051039 0.0232827 0.0696964 0.0420101 0.0232827 0.00750004 0.05 0.05 0.00750004 0.00750004 0.00750004 0.00750004 0.00750004 0.0485014 0.00750004 0.00891459 0.00750004 0.05 0.05 0.00750004 0.00750004 0.00750004 0.0485121 0.00750004 0.00750004 0.00750004 0.00750004 0.00750004 0.00750004 0.00750004 0.00750004 

PageRank at iteration 18
1 37
pr 
italwax estel runail kosmekka roubloff bpw.style freedecor domix ingarden irisk cosmoprofi pole consly eunyul beauty-free haruyama i-laq beautyblender masura swarovski bioaqua yoko oniq uno grattol dermal kapous jessnail thuya keen lovely lowence cnd uskusi max kinetics kaaral 
0.0725405 0.0283198 0.102177 0.00750002 0.0232824 0.107758 0.0510384 0.0232824 0.0697211 0.0420098 0.0232824 0.00750002 0.05 0.05 0.00750002 0.00750002 0.00750002 0.00750002 0.00750002 0.048533 0.00750002 0.008915 0.00750002 0.05 0.05 0.00750002 0.00750002 0.00750002 0.0491396 0.00750002 0.00750002 0.00750002 0.00750002 0.00750002 0.00750002 0.00750002 0.00750002 

PageRank at iteration 19
1 37
pr 
italwax estel runail kosmekka roubloff bpw.style freedecor domix ingarden irisk cosmoprofi pole consly eunyul beauty-free haruyama i-laq beautyblender masura swarovski bioaqua yoko oniq uno grattol dermal kapous jessnail thuya keen lovely lowence cnd uskusi max kinetics kaaral 
0.0733405 0.0280532 0.102216 0.00750001 0.0232821 0.107759 0.0510377 0.0232821 0.0697043 0.0420092 0.0232821 0.00750001 0.05 0.05 0.00750001 0.00750001 0.00750001 0.00750001 0.00750001 0.0485128 0.00750001 0.00891469 0.00750001 0.05 0.05 0.00750001 0.00750001 0.00750001 0.0486063 0.00750001 0.00750001 0.00750001 0.00750001 0.00750001 0.00750001 0.00750001 0.00750001 

PageRank at iteration 20
1 37
pr 
italwax estel runail kosmekka roubloff bpw.style freedecor domix ingarden irisk cosmoprofi pole consly eunyul beauty-free haruyama i-laq beautyblender masura swarovski bioaqua yoko oniq uno grattol dermal kapous jessnail thuya keen lovely lowence cnd uskusi max kinetics kaaral 
0.0726605 0.0282798 0.10219 0.0075 0.0232821 0.107757 0.0510375 0.0232821 0.0697166 0.0420091 0.0232821 0.0075 0.05 0.05 0.0075 0.0075 0.0075 0.0075 0.0075 0.0485283 0.0075 0.0089149 0.0075 0.05 0.05 0.0075 0.0075 0.0075 0.0490596 0.0075 0.0075 0.0075 0.0075 0.0075 0.0075 0.0075 0.0075 

PageRank at iteration 21
1 37
pr 
italwax estel runail kosmekka roubloff bpw.style freedecor domix ingarden irisk cosmoprofi pole consly eunyul beauty-free haruyama i-laq beautyblender masura swarovski bioaqua yoko oniq uno grattol dermal kapous jessnail thuya keen lovely lowence cnd uskusi max kinetics kaaral 
0.0732385 0.0280872 0.102209 0.0075 0.023282 0.107758 0.0510372 0.023282 0.0697081 0.0420089 0.023282 0.0075 0.05 0.05 0.0075 0.0075 0.0075 0.0075 0.0075 0.048518 0.0075 0.00891475 0.0075 0.05 0.05 0.0075 0.0075 0.0075 0.0486743 0.0075 0.0075 0.0075 0.0075 0.0075 0.0075 0.0075 0.0075 

PageRank at iteration 22
1 37
pr 
italwax estel runail kosmekka roubloff bpw.style freedecor domix ingarden irisk cosmoprofi pole consly eunyul beauty-free haruyama i-laq beautyblender masura swarovski bioaqua yoko oniq uno grattol dermal kapous jessnail thuya keen lovely lowence cnd uskusi max kinetics kaaral 
0.0727472 0.0282509 0.102196 0.0075 0.0232819 0.107757 0.0510372 0.0232819 0.0697142 0.0420089 0.0232819 0.0075 0.05 0.05 0.0075 0.0075 0.0075 0.0075 0.0075 0.0485257 0.0075 0.00891486 0.0075 0.05 0.05 0.0075 0.0075 0.0075 0.0490018 0.0075 0.0075 0.0075 0.0075 0.0075 0.0075 0.0075 0.0075 

PageRank at iteration 23
1 37
pr 
italwax estel runail kosmekka roubloff bpw.style freedecor domix ingarden irisk cosmoprofi pole consly eunyul beauty-free haruyama i-laq beautyblender masura swarovski bioaqua yoko oniq uno grattol dermal kapous jessnail thuya keen lovely lowence cnd uskusi max kinetics kaaral 
0.0731648 0.0281117 0.102206 0.0075 0.0232819 0.107757 0.0510371 0.0232819 0.0697099 0.0420088 0.0232819 0.0075 0.05 0.05 0.0075 0.0075 0.0075 0.0075 0.0075 0.0485205 0.0075 0.00891478 0.0075 0.05 0.05 0.0075 0.0075 0.0075 0.0487234 0.0075 0.0075 0.0075 0.0075 0.0075 0.0075 0.0075 0.0075 

PageRank at iteration 24
1 37
pr 
italwax estel runail kosmekka roubloff bpw.style freedecor domix ingarden irisk cosmoprofi pole consly eunyul beauty-free haruyama i-laq beautyblender masura swarovski bioaqua yoko oniq uno grattol dermal kapous jessnail thuya keen lovely lowence cnd uskusi max kinetics kaaral 
0.0728099 0.02823 0.102199 0.0075 0.0232819 0.107757 0.0510371 0.0232819 0.069713 0.0420088 0.0232819 0.0075 0.05 0.05 0.0075 0.0075 0.0075 0.0075 0.0075 0.0485243 0.0075 0.00891483 0.0075 0.05 0.05 0.0075 0.0075 0.0075 0.0489601 0.0075 0.0075 0.0075 0.0075 0.0075 0.0075 0.0075 0.0075 

PageRank at iteration 25
1 37
pr 
italwax estel runail kosmekka roubloff bpw.style freedecor domix ingarden irisk cosmoprofi pole consly eunyul beauty-free haruyama i-laq beautyblender masura swarovski bioaqua yoko oniq uno grattol dermal kapous jessnail thuya keen lovely lowence cnd uskusi max kinetics kaaral 
0.0731116 0.0281295 0.102204 0.0075 0.0232819 0.107757 0.051037 0.0232819 0.0697108 0.0420088 0.0232819 0.0075 0.05 0.05 0.0075 0.0075 0.0075 0.0075 0.0075 0.0485217 0.0075 0.00891479 0.0075 0.05 0.05 0.0075 0.0075 0.0075 0.0487589 0.0075 0.0075 0.0075 0.0075 0.0075 0.0075 0.0075 0.0075 

PageRank at iteration 26
1 37
pr 
italwax estel runail kosmekka roubloff bpw.style freedecor domix ingarden irisk cosmoprofi pole consly eunyul beauty-free haruyama i-laq beautyblender masura swarovski bioaqua yoko oniq uno grattol dermal kapous jessnail thuya keen lovely lowence cnd uskusi max kinetics kaaral 
0.0728551 0.028215 0.102201 0.0075 0.0232819 0.107757 0.051037 0.0232819 0.0697124 0.0420088 0.0232819 0.0075 0.05 0.05 0.0075 0.0075 0.0075 0.0075 0.0075 0.0485236 0.0075 0.00891482 0.0075 0.05 0.05 0.0075 0.0075 0.0075 0.0489299 0.0075 0.0075 0.0075 0.0075 0.0075 0.0075 0.0075 0.0075 

PageRank at iteration 27
1 37
pr 
italwax estel runail kosmekka roubloff bpw.style freedecor domix ingarden irisk cosmoprofi pole consly eunyul beauty-free haruyama i-laq beautyblender masura swarovski bioaqua yoko oniq uno grattol dermal kapous jessnail thuya keen lovely lowence cnd uskusi max kinetics kaaral 
0.0730731 0.0281423 0.102203 0.0075 0.0232819 0.107757 0.051037 0.0232819 0.0697113 0.0420088 0.0232819 0.0075 0.05 0.05 0.0075 0.0075 0.0075 0.0075 0.0075 0.0485223 0.0075 0.0089148 0.0075 0.05 0.05 0.0075 0.0075 0.0075 0.0487846 0.0075 0.0075 0.0075 0.0075 0.0075 0.0075 0.0075 0.0075 

PageRank at iteration 28
1 37
pr 
italwax estel runail kosmekka roubloff bpw.style freedecor domix ingarden irisk cosmoprofi pole consly eunyul beauty-free haruyama i-laq beautyblender masura swarovski bioaqua yoko oniq uno grattol dermal kapous jessnail thuya keen lovely lowence cnd uskusi max kinetics kaaral 
0.0728878 0.0282041 0.102202 0.0075 0.0232819 0.107757 0.051037 0.0232819 0.0697121 0.0420088 0.0232819 0.0075 0.05 0.05 0.0075 0.0075 0.0075 0.0075 0.0075 0.0485232 0.0075 0.00891482 0.0075 0.05 0.05 0.0075 0.0075 0.0075 0.0489081 0.0075 0.0075 0.0075 0.0075 0.0075 0.0075 0.0075 0.0075 

PageRank at iteration 29
1 37
pr 
italwax estel runail kosmekka roubloff bpw.style freedecor domix ingarden irisk cosmoprofi pole consly eunyul beauty-free haruyama i-laq beautyblender masura swarovski bioaqua yoko oniq uno grattol dermal kapous jessnail thuya keen lovely lowence cnd uskusi max kinetics kaaral 
0.0730453 0.0281516 0.102203 0.0075 0.0232819 0.107757 0.051037 0.0232819 0.0697115 0.0420088 0.0232819 0.0075 0.05 0.05 0.0075 0.0075 0.0075 0.0075 0.0075 0.0485226 0.0075 0.00891481 0.0075 0.05 0.05 0.0075 0.0075 0.0075 0.0488031 0.0075 0.0075 0.0075 0.0075 0.0075 0.0075 0.0075 0.0075 

PageRank at iteration 30
1 37
pr 
italwax estel runail kosmekka roubloff bpw.style freedecor domix ingarden irisk cosmoprofi pole consly eunyul beauty-free haruyama i-laq beautyblender masura swarovski bioaqua yoko oniq uno grattol dermal kapous jessnail thuya keen lovely lowence cnd uskusi max kinetics kaaral 
0.0729115 0.0281962 0.102202 0.0075 0.0232819 0.107757 0.051037 0.0232819 0.0697119 0.0420088 0.0232819 0.0075 0.05 0.05 0.0075 0.0075 0.0075 0.0075 0.0075 0.048523 0.0075 0.00891481 0.0075 0.05 0.05 0.0075 0.0075 0.0075 0.0488924 0.0075 0.0075 0.0075 0.0075 0.0075 0.0075 0.0075 0.0075 

PageRank at iteration 31
1 37
pr 
italwax estel runail kosmekka roubloff bpw.style freedecor domix ingarden irisk cosmoprofi pole consly eunyul beauty-free haruyama i-laq beautyblender masura swarovski bioaqua yoko oniq uno grattol dermal kapous jessnail thuya keen lovely lowence cnd uskusi max kinetics kaaral 
0.0730253 0.0281582 0.102202 0.0075 0.0232819 0.107757 0.051037 0.0232819 0.0697116 0.0420088 0.0232819 0.0075 0.05 0.05 0.0075 0.0075 0.0075 0.0075 0.0075 0.0485227 0.0075 0.00891481 0.0075 0.05 0.05 0.0075 0.0075 0.0075 0.0488165 0.0075 0.0075 0.0075 0.0075 0.0075 0.0075 0.0075 0.0075 

PageRank at iteration 32
1 37
pr 
italwax estel runail kosmekka roubloff bpw.style freedecor domix ingarden irisk cosmoprofi pole consly eunyul beauty-free haruyama i-laq beautyblender masura swarovski bioaqua yoko oniq uno grattol dermal kapous jessnail thuya keen lovely lowence cnd uskusi max kinetics kaaral 
0.0729285 0.0281905 0.102202 0.0075 0.0232819 0.107757 0.051037 0.0232819 0.0697118 0.0420088 0.0232819 0.0075 0.05 0.05 0.0075 0.0075 0.0075 0.0075 0.0075 0.0485229 0.0075 0.00891481 0.0075 0.05 0.05 0.0075 0.0075 0.0075 0.048881 0.0075 0.0075 0.0075 0.0075 0.0075 0.0075 0.0075 0.0075 

PageRank at iteration 33
1 37
pr 
italwax estel runail kosmekka roubloff bpw.style freedecor domix ingarden irisk cosmoprofi pole consly eunyul beauty-free haruyama i-laq beautyblender masura swarovski bioaqua yoko oniq uno grattol dermal kapous jessnail thuya keen lovely lowence cnd uskusi max kinetics kaaral 
0.0730107 0.0281631 0.102202 0.0075 0.0232819 0.107757 0.051037 0.0232819 0.0697117 0.0420088 0.0232819 0.0075 0.05 0.05 0.0075 0.0075 0.0075 0.0075 0.0075 0.0485228 0.0075 0.00891481 0.0075 0.05 0.05 0.0075 0.0075 0.0075 0.0488262 0.0075 0.0075 0.0075 0.0075 0.0075 0.0075 0.0075 0.0075 

PageRank at iteration 34
1 37
pr 
italwax estel runail kosmekka roubloff bpw.style freedecor domix ingarden irisk cosmoprofi pole consly eunyul beauty-free haruyama i-laq beautyblender masura swarovski bioaqua yoko oniq uno grattol dermal kapous jessnail thuya keen lovely lowence cnd uskusi max kinetics kaaral 
0.0729409 0.0281864 0.102202 0.0075 0.0232819 0.107757 0.051037 0.0232819 0.0697118 0.0420088 0.0232819 0.0075 0.05 0.05 0.0075 0.0075 0.0075 0.0075 0.0075 0.0485229 0.0075 0.00891481 0.0075 0.05 0.05 0.0075 0.0075 0.0075 0.0488728 0.0075 0.0075 0.0075 0.0075 0.0075 0.0075 0.0075 0.0075 

PageRank at iteration 35
1 37
pr 
italwax estel runail kosmekka roubloff bpw.style freedecor domix ingarden irisk cosmoprofi pole consly eunyul beauty-free haruyama i-laq beautyblender masura swarovski bioaqua yoko oniq uno grattol dermal kapous jessnail thuya keen lovely lowence cnd uskusi max kinetics kaaral 
0.0730003 0.0281666 0.102202 0.0075 0.0232819 0.107757 0.051037 0.0232819 0.0697117 0.0420088 0.0232819 0.0075 0.05 0.05 0.0075 0.0075 0.0075 0.0075 0.0075 0.0485228 0.0075 0.00891481 0.0075 0.05 0.05 0.0075 0.0075 0.0075 0.0488332 0.0075 0.0075 0.0075 0.0075 0.0075 0.0075 0.0075 0.0075 

PageRank at iteration 36
1 37
pr 
italwax estel runail kosmekka roubloff bpw.style freedecor domix ingarden irisk cosmoprofi pole consly eunyul beauty-free haruyama i-laq beautyblender masura swarovski bioaqua yoko oniq uno grattol dermal kapous jessnail thuya keen lovely lowence cnd uskusi max kinetics kaaral 
0.0729498 0.0281834 0.102202 0.0075 0.0232819 0.107757 0.051037 0.0232819 0.0697118 0.0420088 0.0232819 0.0075 0.05 0.05 0.0075 0.0075 0.0075 0.0075 0.0075 0.0485229 0.0075 0.00891481 0.0075 0.05 0.05 0.0075 0.0075 0.0075 0.0488668 0.0075 0.0075 0.0075 0.0075 0.0075 0.0075 0.0075 0.0075 

Convergence reached in 37 iterations (stability last value = 8.59872e-05)

First 10 stability values
     0.469     0.209     0.115     0.060     0.040     0.027     0.020     0.015     0.011     0.009     0.975

      it 0      it 1      it 2      it 3      it 4      it 5      it 6      it 7      it 8      it 9


┌──────────┬──────────┬──────────┬──────────┬──────────┐
│    0.0730│    0.0697│    0.1022│    0.1078│    0.0510│    0.4037
├──────────┼──────────┼──────────┼──────────┼──────────┤
│   italwax│  ingarden│    runail│ bpw.style│ freedecor│
└──────────┴──────────┴──────────┴──────────┴──────────┘


[recommendations(Top recommendations)] 5 italwax( 0.07) ingarden( 0.07) runail( 0.10) bpw.style( 0.11) freedecor( 0.05) 

