\BOOKMARK [0][-]{chapter.1}{\376\377\0001\000\040\000H\000i\000e\000r\000a\000r\000c\000h\000i\000c\000a\000l\000\040\000I\000n\000d\000e\000x}{}% 1
\BOOKMARK [1][-]{section.1.1}{\376\377\0001\000.\0001\000\040\000C\000l\000a\000s\000s\000\040\000H\000i\000e\000r\000a\000r\000c\000h\000y}{chapter.1}% 2
\BOOKMARK [0][-]{chapter.2}{\376\377\0002\000\040\000C\000l\000a\000s\000s\000\040\000I\000n\000d\000e\000x}{}% 3
\BOOKMARK [1][-]{section.2.1}{\376\377\0002\000.\0001\000\040\000C\000l\000a\000s\000s\000\040\000L\000i\000s\000t}{chapter.2}% 4
\BOOKMARK [0][-]{chapter.3}{\376\377\0003\000\040\000F\000i\000l\000e\000\040\000I\000n\000d\000e\000x}{}% 5
\BOOKMARK [1][-]{section.3.1}{\376\377\0003\000.\0001\000\040\000F\000i\000l\000e\000\040\000L\000i\000s\000t}{chapter.3}% 6
\BOOKMARK [0][-]{chapter.4}{\376\377\0004\000\040\000C\000l\000a\000s\000s\000\040\000D\000o\000c\000u\000m\000e\000n\000t\000a\000t\000i\000o\000n}{}% 7
\BOOKMARK [1][-]{section.4.1}{\376\377\0004\000.\0001\000\040\000c\000i\000v\000i\000t\000a\000s\000.\000C\000a\000s\000i\000l\000l\000a\000\040\000C\000l\000a\000s\000s\000\040\000R\000e\000f\000e\000r\000e\000n\000c\000e}{chapter.4}% 8
\BOOKMARK [2][-]{subsection.4.1.1}{\376\377\0004\000.\0001\000.\0001\000\040\000D\000e\000t\000a\000i\000l\000e\000d\000\040\000D\000e\000s\000c\000r\000i\000p\000t\000i\000o\000n}{section.4.1}% 9
\BOOKMARK [2][-]{subsection.4.1.2}{\376\377\0004\000.\0001\000.\0002\000\040\000M\000e\000m\000b\000e\000r\000\040\000F\000u\000n\000c\000t\000i\000o\000n\000\040\000D\000o\000c\000u\000m\000e\000n\000t\000a\000t\000i\000o\000n}{section.4.1}% 10
\BOOKMARK [3][-]{subsubsection.4.1.2.1}{\376\377\0004\000.\0001\000.\0002\000.\0001\000\040\000g\000e\000t\000N\000o\000m\000b\000r\000e\000\050\000\051}{subsection.4.1.2}% 11
\BOOKMARK [3][-]{subsubsection.4.1.2.2}{\376\377\0004\000.\0001\000.\0002\000.\0002\000\040\000t\000o\000S\000t\000r\000i\000n\000g\000\050\000\051}{subsection.4.1.2}% 12
\BOOKMARK [1][-]{section.4.2}{\376\377\0004\000.\0002\000\040\000c\000i\000v\000i\000t\000a\000s\000.\000C\000a\000s\000i\000l\000l\000a\000C\000a\000l\000l\000e\000\040\000C\000l\000a\000s\000s\000\040\000R\000e\000f\000e\000r\000e\000n\000c\000e}{chapter.4}% 13
\BOOKMARK [2][-]{subsection.4.2.1}{\376\377\0004\000.\0002\000.\0001\000\040\000D\000e\000t\000a\000i\000l\000e\000d\000\040\000D\000e\000s\000c\000r\000i\000p\000t\000i\000o\000n}{section.4.2}% 14
\BOOKMARK [2][-]{subsection.4.2.2}{\376\377\0004\000.\0002\000.\0002\000\040\000M\000e\000m\000b\000e\000r\000\040\000F\000u\000n\000c\000t\000i\000o\000n\000\040\000D\000o\000c\000u\000m\000e\000n\000t\000a\000t\000i\000o\000n}{section.4.2}% 15
\BOOKMARK [3][-]{subsubsection.4.2.2.1}{\376\377\0004\000.\0002\000.\0002\000.\0001\000\040\000c\000a\000n\000t\000i\000d\000a\000d\000C\000a\000s\000a\000s\000H\000o\000t\000e\000l\000e\000s\000\050\000\051}{subsection.4.2.2}% 16
\BOOKMARK [3][-]{subsubsection.4.2.2.2}{\376\377\0004\000.\0002\000.\0002\000.\0002\000\040\000e\000s\000E\000s\000t\000e\000E\000l\000P\000r\000o\000p\000i\000e\000t\000a\000r\000i\000o\000\050\000\051}{subsection.4.2.2}% 17
\BOOKMARK [3][-]{subsubsection.4.2.2.3}{\376\377\0004\000.\0002\000.\0002\000.\0003\000\040\000g\000e\000t\000F\000A\000C\000T\000O\000R\000A\000L\000Q\000U\000I\000L\000E\000R\000C\000A\000L\000L\000E\000\050\000\051}{subsection.4.2.2}% 18
\BOOKMARK [3][-]{subsubsection.4.2.2.4}{\376\377\0004\000.\0002\000.\0002\000.\0004\000\040\000g\000e\000t\000F\000A\000C\000T\000O\000R\000A\000L\000Q\000U\000I\000L\000E\000R\000C\000A\000S\000A\000\050\000\051}{subsection.4.2.2}% 19
\BOOKMARK [3][-]{subsubsection.4.2.2.5}{\376\377\0004\000.\0002\000.\0002\000.\0005\000\040\000g\000e\000t\000F\000A\000C\000T\000O\000R\000A\000L\000Q\000U\000I\000L\000E\000R\000H\000O\000T\000E\000L\000\050\000\051}{subsection.4.2.2}% 20
\BOOKMARK [3][-]{subsubsection.4.2.2.6}{\376\377\0004\000.\0002\000.\0002\000.\0006\000\040\000t\000i\000e\000n\000e\000P\000r\000o\000p\000i\000e\000t\000a\000r\000i\000o\000\050\000\051}{subsection.4.2.2}% 21
\BOOKMARK [3][-]{subsubsection.4.2.2.7}{\376\377\0004\000.\0002\000.\0002\000.\0007\000\040\000t\000o\000S\000t\000r\000i\000n\000g\000\050\000\051}{subsection.4.2.2}% 22
\BOOKMARK [3][-]{subsubsection.4.2.2.8}{\376\377\0004\000.\0002\000.\0002\000.\0008\000\040\000t\000r\000a\000m\000i\000t\000a\000r\000A\000l\000q\000u\000i\000l\000e\000r\000\050\000\051}{subsection.4.2.2}% 23
\BOOKMARK [1][-]{section.4.3}{\376\377\0004\000.\0003\000\040\000c\000i\000v\000i\000t\000a\000s\000.\000C\000a\000s\000i\000l\000l\000a\000S\000o\000r\000p\000r\000e\000s\000a\000\040\000C\000l\000a\000s\000s\000\040\000R\000e\000f\000e\000r\000e\000n\000c\000e}{chapter.4}% 24
\BOOKMARK [2][-]{subsection.4.3.1}{\376\377\0004\000.\0003\000.\0001\000\040\000D\000e\000t\000a\000i\000l\000e\000d\000\040\000D\000e\000s\000c\000r\000i\000p\000t\000i\000o\000n}{section.4.3}% 25
\BOOKMARK [2][-]{subsection.4.3.2}{\376\377\0004\000.\0003\000.\0002\000\040\000C\000o\000n\000s\000t\000r\000u\000c\000t\000o\000r\000\040\000\046\000\040\000D\000e\000s\000t\000r\000u\000c\000t\000o\000r\000\040\000D\000o\000c\000u\000m\000e\000n\000t\000a\000t\000i\000o\000n}{section.4.3}% 26
\BOOKMARK [3][-]{subsubsection.4.3.2.1}{\376\377\0004\000.\0003\000.\0002\000.\0001\000\040\000C\000a\000s\000i\000l\000l\000a\000S\000o\000r\000p\000r\000e\000s\000a\000\050\000\051}{subsection.4.3.2}% 27
\BOOKMARK [2][-]{subsection.4.3.3}{\376\377\0004\000.\0003\000.\0003\000\040\000M\000e\000m\000b\000e\000r\000\040\000F\000u\000n\000c\000t\000i\000o\000n\000\040\000D\000o\000c\000u\000m\000e\000n\000t\000a\000t\000i\000o\000n}{section.4.3}% 28
\BOOKMARK [3][-]{subsubsection.4.3.3.1}{\376\377\0004\000.\0003\000.\0003\000.\0001\000\040\000t\000o\000S\000t\000r\000i\000n\000g\000\050\000\051}{subsection.4.3.3}% 29
\BOOKMARK [1][-]{section.4.4}{\376\377\0004\000.\0004\000\040\000c\000i\000v\000i\000t\000a\000s\000.\000C\000i\000v\000i\000t\000a\000s\000J\000u\000e\000g\000o\000\040\000C\000l\000a\000s\000s\000\040\000R\000e\000f\000e\000r\000e\000n\000c\000e}{chapter.4}% 30
\BOOKMARK [2][-]{subsection.4.4.1}{\376\377\0004\000.\0004\000.\0001\000\040\000D\000e\000t\000a\000i\000l\000e\000d\000\040\000D\000e\000s\000c\000r\000i\000p\000t\000i\000o\000n}{section.4.4}% 31
\BOOKMARK [2][-]{subsection.4.4.2}{\376\377\0004\000.\0004\000.\0002\000\040\000C\000o\000n\000s\000t\000r\000u\000c\000t\000o\000r\000\040\000\046\000\040\000D\000e\000s\000t\000r\000u\000c\000t\000o\000r\000\040\000D\000o\000c\000u\000m\000e\000n\000t\000a\000t\000i\000o\000n}{section.4.4}% 32
\BOOKMARK [3][-]{subsubsection.4.4.2.1}{\376\377\0004\000.\0004\000.\0002\000.\0001\000\040\000C\000i\000v\000i\000t\000a\000s\000J\000u\000e\000g\000o\000\050\000\051}{subsection.4.4.2}% 33
\BOOKMARK [2][-]{subsection.4.4.3}{\376\377\0004\000.\0004\000.\0003\000\040\000M\000e\000m\000b\000e\000r\000\040\000F\000u\000n\000c\000t\000i\000o\000n\000\040\000D\000o\000c\000u\000m\000e\000n\000t\000a\000t\000i\000o\000n}{section.4.4}% 34
\BOOKMARK [3][-]{subsubsection.4.4.3.1}{\376\377\0004\000.\0004\000.\0003\000.\0001\000\040\000c\000o\000m\000p\000r\000a\000r\000\050\000\051}{subsection.4.4.3}% 35
\BOOKMARK [3][-]{subsubsection.4.4.3.2}{\376\377\0004\000.\0004\000.\0003\000.\0002\000\040\000c\000o\000n\000s\000t\000r\000u\000i\000r\000C\000a\000s\000a\000\050\000\051}{subsection.4.4.3}% 36
\BOOKMARK [3][-]{subsubsection.4.4.3.3}{\376\377\0004\000.\0004\000.\0003\000.\0003\000\040\000c\000o\000n\000s\000t\000r\000u\000i\000r\000H\000o\000t\000e\000l\000\050\000\051}{subsection.4.4.3}% 37
\BOOKMARK [3][-]{subsubsection.4.4.3.4}{\376\377\0004\000.\0004\000.\0003\000.\0004\000\040\000f\000i\000n\000a\000l\000D\000e\000l\000J\000u\000e\000g\000o\000\050\000\051}{subsection.4.4.3}% 38
\BOOKMARK [3][-]{subsubsection.4.4.3.5}{\376\377\0004\000.\0004\000.\0003\000.\0005\000\040\000g\000e\000t\000I\000n\000d\000i\000c\000e\000J\000u\000g\000a\000d\000o\000r\000A\000c\000t\000u\000a\000l\000\050\000\051}{subsection.4.4.3}% 39
\BOOKMARK [3][-]{subsubsection.4.4.3.6}{\376\377\0004\000.\0004\000.\0003\000.\0006\000\040\000g\000e\000t\000J\000u\000g\000a\000d\000o\000r\000A\000c\000t\000u\000a\000l\000\050\000\051}{subsection.4.4.3}% 40
\BOOKMARK [3][-]{subsubsection.4.4.3.7}{\376\377\0004\000.\0004\000.\0003\000.\0007\000\040\000g\000e\000t\000J\000u\000g\000a\000d\000o\000r\000e\000s\000\050\000\051}{subsection.4.4.3}% 41
\BOOKMARK [3][-]{subsubsection.4.4.3.8}{\376\377\0004\000.\0004\000.\0003\000.\0008\000\040\000g\000e\000t\000T\000a\000b\000l\000e\000r\000o\000\050\000\051}{subsection.4.4.3}% 42
\BOOKMARK [3][-]{subsubsection.4.4.3.9}{\376\377\0004\000.\0004\000.\0003\000.\0009\000\040\000R\000a\000n\000k\000i\000n\000g\000\050\000\051}{subsection.4.4.3}% 43
\BOOKMARK [3][-]{subsubsection.4.4.3.10}{\376\377\0004\000.\0004\000.\0003\000.\0001\0000\000\040\000s\000i\000g\000u\000i\000e\000n\000t\000e\000P\000a\000s\000o\000\050\000\051}{subsection.4.4.3}% 44
\BOOKMARK [3][-]{subsubsection.4.4.3.11}{\376\377\0004\000.\0004\000.\0003\000.\0001\0001\000\040\000s\000i\000g\000u\000i\000e\000n\000t\000e\000P\000a\000s\000o\000C\000o\000m\000p\000l\000e\000t\000a\000d\000o\000\050\000\051}{subsection.4.4.3}% 45
\BOOKMARK [1][-]{section.4.5}{\376\377\0004\000.\0005\000\040\000c\000o\000n\000t\000r\000o\000l\000a\000d\000o\000r\000C\000i\000v\000i\000t\000a\000s\000.\000C\000o\000n\000t\000r\000o\000l\000a\000d\000o\000r\000\040\000C\000l\000a\000s\000s\000\040\000R\000e\000f\000e\000r\000e\000n\000c\000e}{chapter.4}% 46
\BOOKMARK [2][-]{subsection.4.5.1}{\376\377\0004\000.\0005\000.\0001\000\040\000D\000e\000t\000a\000i\000l\000e\000d\000\040\000D\000e\000s\000c\000r\000i\000p\000t\000i\000o\000n}{section.4.5}% 47
\BOOKMARK [2][-]{subsection.4.5.2}{\376\377\0004\000.\0005\000.\0002\000\040\000C\000o\000n\000s\000t\000r\000u\000c\000t\000o\000r\000\040\000\046\000\040\000D\000e\000s\000t\000r\000u\000c\000t\000o\000r\000\040\000D\000o\000c\000u\000m\000e\000n\000t\000a\000t\000i\000o\000n}{section.4.5}% 48
\BOOKMARK [3][-]{subsubsection.4.5.2.1}{\376\377\0004\000.\0005\000.\0002\000.\0001\000\040\000C\000o\000n\000t\000r\000o\000l\000a\000d\000o\000r\000\050\000\051}{subsection.4.5.2}% 49
\BOOKMARK [2][-]{subsection.4.5.3}{\376\377\0004\000.\0005\000.\0003\000\040\000M\000e\000m\000b\000e\000r\000\040\000F\000u\000n\000c\000t\000i\000o\000n\000\040\000D\000o\000c\000u\000m\000e\000n\000t\000a\000t\000i\000o\000n}{section.4.5}% 50
\BOOKMARK [3][-]{subsubsection.4.5.3.1}{\376\377\0004\000.\0005\000.\0003\000.\0001\000\040\000j\000u\000e\000g\000a\000\050\000\051}{subsection.4.5.3}% 51
\BOOKMARK [1][-]{section.4.6}{\376\377\0004\000.\0006\000\040\000c\000i\000v\000i\000t\000a\000s\000.\000D\000a\000d\000o\000\040\000C\000l\000a\000s\000s\000\040\000R\000e\000f\000e\000r\000e\000n\000c\000e}{chapter.4}% 52
\BOOKMARK [2][-]{subsection.4.6.1}{\376\377\0004\000.\0006\000.\0001\000\040\000D\000e\000t\000a\000i\000l\000e\000d\000\040\000D\000e\000s\000c\000r\000i\000p\000t\000i\000o\000n}{section.4.6}% 53
\BOOKMARK [2][-]{subsection.4.6.2}{\376\377\0004\000.\0006\000.\0002\000\040\000M\000e\000m\000b\000e\000r\000\040\000F\000u\000n\000c\000t\000i\000o\000n\000\040\000D\000o\000c\000u\000m\000e\000n\000t\000a\000t\000i\000o\000n}{section.4.6}% 54
\BOOKMARK [3][-]{subsubsection.4.6.2.1}{\376\377\0004\000.\0006\000.\0002\000.\0001\000\040\000g\000e\000t\000I\000n\000s\000t\000a\000n\000c\000e\000\050\000\051}{subsection.4.6.2}% 55
\BOOKMARK [3][-]{subsubsection.4.6.2.2}{\376\377\0004\000.\0006\000.\0002\000.\0002\000\040\000s\000e\000t\000D\000e\000b\000u\000g\000\050\000\051}{subsection.4.6.2}% 56
\BOOKMARK [1][-]{section.4.7}{\376\377\0004\000.\0007\000\040\000c\000i\000v\000i\000t\000a\000s\000.\000D\000i\000a\000r\000i\000o\000\040\000C\000l\000a\000s\000s\000\040\000R\000e\000f\000e\000r\000e\000n\000c\000e}{chapter.4}% 57
\BOOKMARK [2][-]{subsection.4.7.1}{\376\377\0004\000.\0007\000.\0001\000\040\000D\000e\000t\000a\000i\000l\000e\000d\000\040\000D\000e\000s\000c\000r\000i\000p\000t\000i\000o\000n}{section.4.7}% 58
\BOOKMARK [2][-]{subsection.4.7.2}{\376\377\0004\000.\0007\000.\0002\000\040\000M\000e\000m\000b\000e\000r\000\040\000F\000u\000n\000c\000t\000i\000o\000n\000\040\000D\000o\000c\000u\000m\000e\000n\000t\000a\000t\000i\000o\000n}{section.4.7}% 59
\BOOKMARK [3][-]{subsubsection.4.7.2.1}{\376\377\0004\000.\0007\000.\0002\000.\0001\000\040\000e\000v\000e\000n\000t\000o\000s\000P\000e\000n\000d\000i\000e\000n\000t\000e\000s\000\050\000\051}{subsection.4.7.2}% 60
\BOOKMARK [3][-]{subsubsection.4.7.2.2}{\376\377\0004\000.\0007\000.\0002\000.\0002\000\040\000g\000e\000t\000E\000v\000e\000n\000t\000o\000s\000\050\000\051}{subsection.4.7.2}% 61
\BOOKMARK [3][-]{subsubsection.4.7.2.3}{\376\377\0004\000.\0007\000.\0002\000.\0003\000\040\000g\000e\000t\000I\000n\000s\000t\000a\000n\000c\000e\000\050\000\051}{subsection.4.7.2}% 62
\BOOKMARK [3][-]{subsubsection.4.7.2.4}{\376\377\0004\000.\0007\000.\0002\000.\0004\000\040\000l\000e\000e\000r\000E\000v\000e\000n\000t\000o\000\050\000\051}{subsection.4.7.2}% 63
\BOOKMARK [1][-]{section.4.8}{\376\377\0004\000.\0008\000\040\000c\000i\000v\000i\000t\000a\000s\000.\000G\000e\000s\000t\000i\000o\000n\000I\000n\000m\000o\000b\000i\000l\000i\000a\000r\000i\000a\000\040\000C\000l\000a\000s\000s\000\040\000R\000e\000f\000e\000r\000e\000n\000c\000e}{chapter.4}% 64
\BOOKMARK [2][-]{subsection.4.8.1}{\376\377\0004\000.\0008\000.\0001\000\040\000D\000e\000t\000a\000i\000l\000e\000d\000\040\000D\000e\000s\000c\000r\000i\000p\000t\000i\000o\000n}{section.4.8}% 65
\BOOKMARK [2][-]{subsection.4.8.2}{\376\377\0004\000.\0008\000.\0002\000\040\000C\000o\000n\000s\000t\000r\000u\000c\000t\000o\000r\000\040\000\046\000\040\000D\000e\000s\000t\000r\000u\000c\000t\000o\000r\000\040\000D\000o\000c\000u\000m\000e\000n\000t\000a\000t\000i\000o\000n}{section.4.8}% 66
\BOOKMARK [3][-]{subsubsection.4.8.2.1}{\376\377\0004\000.\0008\000.\0002\000.\0001\000\040\000G\000e\000s\000t\000i\000o\000n\000I\000n\000m\000o\000b\000i\000l\000i\000a\000r\000i\000a\000\050\000\051}{subsection.4.8.2}% 67
\BOOKMARK [2][-]{subsection.4.8.3}{\376\377\0004\000.\0008\000.\0003\000\040\000M\000e\000m\000b\000e\000r\000\040\000F\000u\000n\000c\000t\000i\000o\000n\000\040\000D\000o\000c\000u\000m\000e\000n\000t\000a\000t\000i\000o\000n}{section.4.8}% 68
\BOOKMARK [3][-]{subsubsection.4.8.3.1}{\376\377\0004\000.\0008\000.\0003\000.\0001\000\040\000g\000e\000t\000O\000p\000e\000r\000a\000c\000i\000o\000n\000\050\000\051}{subsection.4.8.3}% 69
\BOOKMARK [3][-]{subsubsection.4.8.3.2}{\376\377\0004\000.\0008\000.\0003\000.\0002\000\040\000g\000e\000t\000P\000r\000o\000p\000i\000e\000d\000a\000d\000\050\000\051}{subsection.4.8.3}% 70
\BOOKMARK [1][-]{section.4.9}{\376\377\0004\000.\0009\000\040\000J\000u\000e\000g\000o\000T\000e\000x\000t\000o\000.\000J\000u\000e\000g\000o\000T\000e\000x\000t\000o\000\040\000C\000l\000a\000s\000s\000\040\000R\000e\000f\000e\000r\000e\000n\000c\000e}{chapter.4}% 71
\BOOKMARK [2][-]{subsection.4.9.1}{\376\377\0004\000.\0009\000.\0001\000\040\000D\000e\000t\000a\000i\000l\000e\000d\000\040\000D\000e\000s\000c\000r\000i\000p\000t\000i\000o\000n}{section.4.9}% 72
\BOOKMARK [2][-]{subsection.4.9.2}{\376\377\0004\000.\0009\000.\0002\000\040\000M\000e\000m\000b\000e\000r\000\040\000F\000u\000n\000c\000t\000i\000o\000n\000\040\000D\000o\000c\000u\000m\000e\000n\000t\000a\000t\000i\000o\000n}{section.4.9}% 73
\BOOKMARK [3][-]{subsubsection.4.9.2.1}{\376\377\0004\000.\0009\000.\0002\000.\0001\000\040\000m\000a\000i\000n\000\050\000\051}{subsection.4.9.2}% 74
\BOOKMARK [1][-]{section.4.10}{\376\377\0004\000.\0001\0000\000\040\000c\000i\000v\000i\000t\000a\000s\000.\000J\000u\000g\000a\000d\000o\000r\000\040\000C\000l\000a\000s\000s\000\040\000R\000e\000f\000e\000r\000e\000n\000c\000e}{chapter.4}% 75
\BOOKMARK [2][-]{subsection.4.10.1}{\376\377\0004\000.\0001\0000\000.\0001\000\040\000D\000e\000t\000a\000i\000l\000e\000d\000\040\000D\000e\000s\000c\000r\000i\000p\000t\000i\000o\000n}{section.4.10}% 76
\BOOKMARK [2][-]{subsection.4.10.2}{\376\377\0004\000.\0001\0000\000.\0002\000\040\000C\000o\000n\000s\000t\000r\000u\000c\000t\000o\000r\000\040\000\046\000\040\000D\000e\000s\000t\000r\000u\000c\000t\000o\000r\000\040\000D\000o\000c\000u\000m\000e\000n\000t\000a\000t\000i\000o\000n}{section.4.10}% 77
\BOOKMARK [3][-]{subsubsection.4.10.2.1}{\376\377\0004\000.\0001\0000\000.\0002\000.\0001\000\040\000J\000u\000g\000a\000d\000o\000r\000\050\000\051}{subsection.4.10.2}% 78
\BOOKMARK [2][-]{subsection.4.10.3}{\376\377\0004\000.\0001\0000\000.\0003\000\040\000M\000e\000m\000b\000e\000r\000\040\000F\000u\000n\000c\000t\000i\000o\000n\000\040\000D\000o\000c\000u\000m\000e\000n\000t\000a\000t\000i\000o\000n}{section.4.10}% 79
\BOOKMARK [3][-]{subsubsection.4.10.3.1}{\376\377\0004\000.\0001\0000\000.\0003\000.\0001\000\040\000c\000o\000m\000p\000a\000r\000e\000T\000o\000\050\000\051}{subsection.4.10.3}% 80
\BOOKMARK [3][-]{subsubsection.4.10.3.2}{\376\377\0004\000.\0001\0000\000.\0003\000.\0002\000\040\000g\000e\000t\000C\000a\000s\000i\000l\000l\000a\000A\000c\000t\000u\000a\000l\000\050\000\051}{subsection.4.10.3}% 81
\BOOKMARK [3][-]{subsubsection.4.10.3.3}{\376\377\0004\000.\0001\0000\000.\0003\000.\0003\000\040\000g\000e\000t\000N\000o\000m\000b\000r\000e\000\050\000\051}{subsection.4.10.3}% 82
\BOOKMARK [3][-]{subsubsection.4.10.3.4}{\376\377\0004\000.\0001\0000\000.\0003\000.\0004\000\040\000g\000e\000t\000N\000u\000m\000C\000a\000s\000a\000s\000P\000o\000r\000H\000o\000t\000e\000l\000\050\000\051}{subsection.4.10.3}% 83
\BOOKMARK [3][-]{subsubsection.4.10.3.5}{\376\377\0004\000.\0001\0000\000.\0003\000.\0005\000\040\000g\000e\000t\000P\000r\000o\000p\000i\000e\000d\000a\000d\000e\000s\000\050\000\051}{subsection.4.10.3}% 84
\BOOKMARK [3][-]{subsubsection.4.10.3.6}{\376\377\0004\000.\0001\0000\000.\0003\000.\0006\000\040\000g\000e\000t\000S\000a\000l\000d\000o\000\050\000\051}{subsection.4.10.3}% 85
\BOOKMARK [3][-]{subsubsection.4.10.3.7}{\376\377\0004\000.\0001\0000\000.\0003\000.\0007\000\040\000t\000o\000S\000t\000r\000i\000n\000g\000\050\000\051}{subsection.4.10.3}% 86
\BOOKMARK [2][-]{subsection.4.10.4}{\376\377\0004\000.\0001\0000\000.\0004\000\040\000M\000e\000m\000b\000e\000r\000\040\000D\000a\000t\000a\000\040\000D\000o\000c\000u\000m\000e\000n\000t\000a\000t\000i\000o\000n}{section.4.10}% 87
\BOOKMARK [3][-]{subsubsection.4.10.4.1}{\376\377\0004\000.\0001\0000\000.\0004\000.\0001\000\040\000C\000a\000s\000a\000s\000M\000a\000x}{subsection.4.10.4}% 88
\BOOKMARK [3][-]{subsubsection.4.10.4.2}{\376\377\0004\000.\0001\0000\000.\0004\000.\0002\000\040\000C\000a\000s\000a\000s\000P\000o\000r\000H\000o\000t\000e\000l}{subsection.4.10.4}% 89
\BOOKMARK [3][-]{subsubsection.4.10.4.3}{\376\377\0004\000.\0001\0000\000.\0004\000.\0003\000\040\000H\000o\000t\000e\000l\000e\000s\000M\000a\000x}{subsection.4.10.4}% 90
\BOOKMARK [3][-]{subsubsection.4.10.4.4}{\376\377\0004\000.\0001\0000\000.\0004\000.\0004\000\040\000P\000a\000s\000o\000p\000o\000r\000S\000a\000l\000i\000d\000a}{subsection.4.10.4}% 91
\BOOKMARK [1][-]{section.4.11}{\376\377\0004\000.\0001\0001\000\040\000c\000i\000v\000i\000t\000a\000s\000.\000J\000u\000g\000a\000d\000o\000r\000E\000s\000p\000e\000c\000u\000l\000a\000d\000o\000r\000\040\000C\000l\000a\000s\000s\000\040\000R\000e\000f\000e\000r\000e\000n\000c\000e}{chapter.4}% 92
\BOOKMARK [2][-]{subsection.4.11.1}{\376\377\0004\000.\0001\0001\000.\0001\000\040\000D\000e\000t\000a\000i\000l\000e\000d\000\040\000D\000e\000s\000c\000r\000i\000p\000t\000i\000o\000n}{section.4.11}% 93
\BOOKMARK [2][-]{subsection.4.11.2}{\376\377\0004\000.\0001\0001\000.\0002\000\040\000C\000o\000n\000s\000t\000r\000u\000c\000t\000o\000r\000\040\000\046\000\040\000D\000e\000s\000t\000r\000u\000c\000t\000o\000r\000\040\000D\000o\000c\000u\000m\000e\000n\000t\000a\000t\000i\000o\000n}{section.4.11}% 94
\BOOKMARK [3][-]{subsubsection.4.11.2.1}{\376\377\0004\000.\0001\0001\000.\0002\000.\0001\000\040\000J\000u\000g\000a\000d\000o\000r\000E\000s\000p\000e\000c\000u\000l\000a\000d\000o\000r\000\050\000\051}{subsection.4.11.2}% 95
\BOOKMARK [2][-]{subsection.4.11.3}{\376\377\0004\000.\0001\0001\000.\0003\000\040\000M\000e\000m\000b\000e\000r\000\040\000D\000a\000t\000a\000\040\000D\000o\000c\000u\000m\000e\000n\000t\000a\000t\000i\000o\000n}{section.4.11}% 96
\BOOKMARK [3][-]{subsubsection.4.11.3.1}{\376\377\0004\000.\0001\0001\000.\0003\000.\0001\000\040\000F\000a\000c\000t\000o\000r\000E\000s\000p\000e\000c\000u\000l\000a\000d\000o\000r}{subsection.4.11.3}% 97
\BOOKMARK [1][-]{section.4.12}{\376\377\0004\000.\0001\0002\000\040\000c\000i\000v\000i\000t\000a\000s\000.\000M\000a\000z\000o\000S\000o\000r\000p\000r\000e\000s\000a\000s\000\040\000C\000l\000a\000s\000s\000\040\000R\000e\000f\000e\000r\000e\000n\000c\000e}{chapter.4}% 98
\BOOKMARK [2][-]{subsection.4.12.1}{\376\377\0004\000.\0001\0002\000.\0001\000\040\000D\000e\000t\000a\000i\000l\000e\000d\000\040\000D\000e\000s\000c\000r\000i\000p\000t\000i\000o\000n}{section.4.12}% 99
\BOOKMARK [2][-]{subsection.4.12.2}{\376\377\0004\000.\0001\0002\000.\0002\000\040\000C\000o\000n\000s\000t\000r\000u\000c\000t\000o\000r\000\040\000\046\000\040\000D\000e\000s\000t\000r\000u\000c\000t\000o\000r\000\040\000D\000o\000c\000u\000m\000e\000n\000t\000a\000t\000i\000o\000n}{section.4.12}% 100
\BOOKMARK [3][-]{subsubsection.4.12.2.1}{\376\377\0004\000.\0001\0002\000.\0002\000.\0001\000\040\000M\000a\000z\000o\000S\000o\000r\000p\000r\000e\000s\000a\000s\000\050\000\051\000\040\000[\0001\000/\0002\000]}{subsection.4.12.2}% 101
\BOOKMARK [3][-]{subsubsection.4.12.2.2}{\376\377\0004\000.\0001\0002\000.\0002\000.\0002\000\040\000M\000a\000z\000o\000S\000o\000r\000p\000r\000e\000s\000a\000s\000\050\000\051\000\040\000[\0002\000/\0002\000]}{subsection.4.12.2}% 102
\BOOKMARK [2][-]{subsection.4.12.3}{\376\377\0004\000.\0001\0002\000.\0003\000\040\000M\000e\000m\000b\000e\000r\000\040\000F\000u\000n\000c\000t\000i\000o\000n\000\040\000D\000o\000c\000u\000m\000e\000n\000t\000a\000t\000i\000o\000n}{section.4.12}% 103
\BOOKMARK [3][-]{subsubsection.4.12.3.1}{\376\377\0004\000.\0001\0002\000.\0003\000.\0001\000\040\000a\000l\000M\000a\000z\000o\000\050\000\051}{subsection.4.12.3}% 104
\BOOKMARK [3][-]{subsubsection.4.12.3.2}{\376\377\0004\000.\0001\0002\000.\0003\000.\0002\000\040\000g\000e\000t\000M\000a\000z\000o\000S\000o\000r\000p\000r\000e\000s\000a\000s\000\050\000\051}{subsection.4.12.3}% 105
\BOOKMARK [3][-]{subsubsection.4.12.3.3}{\376\377\0004\000.\0001\0002\000.\0003\000.\0003\000\040\000s\000i\000g\000u\000i\000e\000n\000t\000e\000\050\000\051}{subsection.4.12.3}% 106
\BOOKMARK [1][-]{section.4.13}{\376\377\0004\000.\0001\0003\000\040\000c\000i\000v\000i\000t\000a\000s\000.\000O\000p\000e\000r\000a\000c\000i\000o\000n\000I\000n\000m\000o\000b\000i\000l\000i\000a\000r\000i\000a\000\040\000E\000n\000u\000m\000\040\000R\000e\000f\000e\000r\000e\000n\000c\000e}{chapter.4}% 107
\BOOKMARK [2][-]{subsection.4.13.1}{\376\377\0004\000.\0001\0003\000.\0001\000\040\000D\000e\000t\000a\000i\000l\000e\000d\000\040\000D\000e\000s\000c\000r\000i\000p\000t\000i\000o\000n}{section.4.13}% 108
\BOOKMARK [2][-]{subsection.4.13.2}{\376\377\0004\000.\0001\0003\000.\0002\000\040\000M\000e\000m\000b\000e\000r\000\040\000F\000u\000n\000c\000t\000i\000o\000n\000\040\000D\000o\000c\000u\000m\000e\000n\000t\000a\000t\000i\000o\000n}{section.4.13}% 109
\BOOKMARK [3][-]{subsubsection.4.13.2.1}{\376\377\0004\000.\0001\0003\000.\0002\000.\0001\000\040\000o\000p\000e\000r\000a\000c\000i\000o\000n\000e\000s\000\050\000\051}{subsection.4.13.2}% 110
\BOOKMARK [2][-]{subsection.4.13.3}{\376\377\0004\000.\0001\0003\000.\0003\000\040\000M\000e\000m\000b\000e\000r\000\040\000D\000a\000t\000a\000\040\000D\000o\000c\000u\000m\000e\000n\000t\000a\000t\000i\000o\000n}{section.4.13}% 111
\BOOKMARK [3][-]{subsubsection.4.13.3.1}{\376\377\0004\000.\0001\0003\000.\0003\000.\0001\000\040\000C\000O\000N\000S\000T\000R\000U\000I\000R\000\137\000C\000A\000S\000A}{subsection.4.13.3}% 112
\BOOKMARK [3][-]{subsubsection.4.13.3.2}{\376\377\0004\000.\0001\0003\000.\0003\000.\0002\000\040\000C\000O\000N\000S\000T\000R\000U\000I\000R\000\137\000H\000O\000T\000E\000L}{subsection.4.13.3}% 113
\BOOKMARK [3][-]{subsubsection.4.13.3.3}{\376\377\0004\000.\0001\0003\000.\0003\000.\0003\000\040\000T\000E\000R\000M\000I\000N\000A\000R}{subsection.4.13.3}% 114
\BOOKMARK [1][-]{section.4.14}{\376\377\0004\000.\0001\0004\000\040\000c\000i\000v\000i\000t\000a\000s\000.\000O\000p\000e\000r\000a\000c\000i\000o\000n\000J\000u\000e\000g\000o\000\040\000E\000n\000u\000m\000\040\000R\000e\000f\000e\000r\000e\000n\000c\000e}{chapter.4}% 115
\BOOKMARK [2][-]{subsection.4.14.1}{\376\377\0004\000.\0001\0004\000.\0001\000\040\000D\000e\000t\000a\000i\000l\000e\000d\000\040\000D\000e\000s\000c\000r\000i\000p\000t\000i\000o\000n}{section.4.14}% 116
\BOOKMARK [2][-]{subsection.4.14.2}{\376\377\0004\000.\0001\0004\000.\0002\000\040\000M\000e\000m\000b\000e\000r\000\040\000D\000a\000t\000a\000\040\000D\000o\000c\000u\000m\000e\000n\000t\000a\000t\000i\000o\000n}{section.4.14}% 117
\BOOKMARK [3][-]{subsubsection.4.14.2.1}{\376\377\0004\000.\0001\0004\000.\0002\000.\0001\000\040\000A\000V\000A\000N\000Z\000A\000R}{subsection.4.14.2}% 118
\BOOKMARK [3][-]{subsubsection.4.14.2.2}{\376\377\0004\000.\0001\0004\000.\0002\000.\0002\000\040\000C\000O\000M\000P\000R\000A\000R}{subsection.4.14.2}% 119
\BOOKMARK [3][-]{subsubsection.4.14.2.3}{\376\377\0004\000.\0001\0004\000.\0002\000.\0003\000\040\000G\000E\000S\000T\000I\000O\000N\000A\000R}{subsection.4.14.2}% 120
\BOOKMARK [3][-]{subsubsection.4.14.2.4}{\376\377\0004\000.\0001\0004\000.\0002\000.\0004\000\040\000P\000A\000S\000A\000R\000\137\000T\000U\000R\000N\000O}{subsection.4.14.2}% 121
\BOOKMARK [1][-]{section.4.15}{\376\377\0004\000.\0001\0005\000\040\000c\000o\000n\000t\000r\000o\000l\000a\000d\000o\000r\000C\000i\000v\000i\000t\000a\000s\000.\000R\000e\000s\000p\000u\000e\000s\000t\000a\000\040\000E\000n\000u\000m\000\040\000R\000e\000f\000e\000r\000e\000n\000c\000e}{chapter.4}% 122
\BOOKMARK [2][-]{subsection.4.15.1}{\376\377\0004\000.\0001\0005\000.\0001\000\040\000D\000e\000t\000a\000i\000l\000e\000d\000\040\000D\000e\000s\000c\000r\000i\000p\000t\000i\000o\000n}{section.4.15}% 123
\BOOKMARK [2][-]{subsection.4.15.2}{\376\377\0004\000.\0001\0005\000.\0002\000\040\000M\000e\000m\000b\000e\000r\000\040\000F\000u\000n\000c\000t\000i\000o\000n\000\040\000D\000o\000c\000u\000m\000e\000n\000t\000a\000t\000i\000o\000n}{section.4.15}% 124
\BOOKMARK [3][-]{subsubsection.4.15.2.1}{\376\377\0004\000.\0001\0005\000.\0002\000.\0001\000\040\000r\000e\000s\000p\000u\000e\000s\000t\000a\000s\000\050\000\051}{subsection.4.15.2}% 125
\BOOKMARK [2][-]{subsection.4.15.3}{\376\377\0004\000.\0001\0005\000.\0003\000\040\000M\000e\000m\000b\000e\000r\000\040\000D\000a\000t\000a\000\040\000D\000o\000c\000u\000m\000e\000n\000t\000a\000t\000i\000o\000n}{section.4.15}% 126
\BOOKMARK [3][-]{subsubsection.4.15.3.1}{\376\377\0004\000.\0001\0005\000.\0003\000.\0001\000\040\000N\000O}{subsection.4.15.3}% 127
\BOOKMARK [3][-]{subsubsection.4.15.3.2}{\376\377\0004\000.\0001\0005\000.\0003\000.\0002\000\040\000S\000I}{subsection.4.15.3}% 128
\BOOKMARK [1][-]{section.4.16}{\376\377\0004\000.\0001\0006\000\040\000c\000i\000v\000i\000t\000a\000s\000.\000S\000o\000r\000p\000r\000e\000s\000a\000\040\000C\000l\000a\000s\000s\000\040\000R\000e\000f\000e\000r\000e\000n\000c\000e}{chapter.4}% 129
\BOOKMARK [2][-]{subsection.4.16.1}{\376\377\0004\000.\0001\0006\000.\0001\000\040\000D\000e\000t\000a\000i\000l\000e\000d\000\040\000D\000e\000s\000c\000r\000i\000p\000t\000i\000o\000n}{section.4.16}% 130
\BOOKMARK [2][-]{subsection.4.16.2}{\376\377\0004\000.\0001\0006\000.\0002\000\040\000M\000e\000m\000b\000e\000r\000\040\000F\000u\000n\000c\000t\000i\000o\000n\000\040\000D\000o\000c\000u\000m\000e\000n\000t\000a\000t\000i\000o\000n}{section.4.16}% 131
\BOOKMARK [3][-]{subsubsection.4.16.2.1}{\376\377\0004\000.\0001\0006\000.\0002\000.\0001\000\040\000t\000o\000S\000t\000r\000i\000n\000g\000\050\000\051}{subsection.4.16.2}% 132
\BOOKMARK [1][-]{section.4.17}{\376\377\0004\000.\0001\0007\000\040\000c\000i\000v\000i\000t\000a\000s\000.\000S\000o\000r\000p\000r\000e\000s\000a\000C\000o\000n\000v\000e\000r\000t\000i\000r\000m\000e\000\040\000C\000l\000a\000s\000s\000\040\000R\000e\000f\000e\000r\000e\000n\000c\000e}{chapter.4}% 133
\BOOKMARK [2][-]{subsection.4.17.1}{\376\377\0004\000.\0001\0007\000.\0001\000\040\000D\000e\000t\000a\000i\000l\000e\000d\000\040\000D\000e\000s\000c\000r\000i\000p\000t\000i\000o\000n}{section.4.17}% 134
\BOOKMARK [2][-]{subsection.4.17.2}{\376\377\0004\000.\0001\0007\000.\0002\000\040\000C\000o\000n\000s\000t\000r\000u\000c\000t\000o\000r\000\040\000\046\000\040\000D\000e\000s\000t\000r\000u\000c\000t\000o\000r\000\040\000D\000o\000c\000u\000m\000e\000n\000t\000a\000t\000i\000o\000n}{section.4.17}% 135
\BOOKMARK [3][-]{subsubsection.4.17.2.1}{\376\377\0004\000.\0001\0007\000.\0002\000.\0001\000\040\000S\000o\000r\000p\000r\000e\000s\000a\000C\000o\000n\000v\000e\000r\000t\000i\000r\000m\000e\000\050\000\051}{subsection.4.17.2}% 136
\BOOKMARK [1][-]{section.4.18}{\376\377\0004\000.\0001\0008\000\040\000c\000i\000v\000i\000t\000a\000s\000.\000S\000o\000r\000p\000r\000e\000s\000a\000P\000a\000g\000a\000r\000C\000o\000b\000r\000a\000r\000\040\000C\000l\000a\000s\000s\000\040\000R\000e\000f\000e\000r\000e\000n\000c\000e}{chapter.4}% 137
\BOOKMARK [2][-]{subsection.4.18.1}{\376\377\0004\000.\0001\0008\000.\0001\000\040\000D\000e\000t\000a\000i\000l\000e\000d\000\040\000D\000e\000s\000c\000r\000i\000p\000t\000i\000o\000n}{section.4.18}% 138
\BOOKMARK [2][-]{subsection.4.18.2}{\376\377\0004\000.\0001\0008\000.\0002\000\040\000C\000o\000n\000s\000t\000r\000u\000c\000t\000o\000r\000\040\000\046\000\040\000D\000e\000s\000t\000r\000u\000c\000t\000o\000r\000\040\000D\000o\000c\000u\000m\000e\000n\000t\000a\000t\000i\000o\000n}{section.4.18}% 139
\BOOKMARK [3][-]{subsubsection.4.18.2.1}{\376\377\0004\000.\0001\0008\000.\0002\000.\0001\000\040\000S\000o\000r\000p\000r\000e\000s\000a\000P\000a\000g\000a\000r\000C\000o\000b\000r\000a\000r\000\050\000\051}{subsection.4.18.2}% 140
\BOOKMARK [2][-]{subsection.4.18.3}{\376\377\0004\000.\0001\0008\000.\0003\000\040\000M\000e\000m\000b\000e\000r\000\040\000F\000u\000n\000c\000t\000i\000o\000n\000\040\000D\000o\000c\000u\000m\000e\000n\000t\000a\000t\000i\000o\000n}{section.4.18}% 141
\BOOKMARK [3][-]{subsubsection.4.18.3.1}{\376\377\0004\000.\0001\0008\000.\0003\000.\0001\000\040\000t\000o\000S\000t\000r\000i\000n\000g\000\050\000\051}{subsection.4.18.3}% 142
\BOOKMARK [1][-]{section.4.19}{\376\377\0004\000.\0001\0009\000\040\000c\000i\000v\000i\000t\000a\000s\000.\000S\000o\000r\000p\000r\000e\000s\000a\000P\000o\000r\000C\000a\000s\000a\000H\000o\000t\000e\000l\000\040\000C\000l\000a\000s\000s\000\040\000R\000e\000f\000e\000r\000e\000n\000c\000e}{chapter.4}% 143
\BOOKMARK [2][-]{subsection.4.19.1}{\376\377\0004\000.\0001\0009\000.\0001\000\040\000D\000e\000t\000a\000i\000l\000e\000d\000\040\000D\000e\000s\000c\000r\000i\000p\000t\000i\000o\000n}{section.4.19}% 144
\BOOKMARK [2][-]{subsection.4.19.2}{\376\377\0004\000.\0001\0009\000.\0002\000\040\000C\000o\000n\000s\000t\000r\000u\000c\000t\000o\000r\000\040\000\046\000\040\000D\000e\000s\000t\000r\000u\000c\000t\000o\000r\000\040\000D\000o\000c\000u\000m\000e\000n\000t\000a\000t\000i\000o\000n}{section.4.19}% 145
\BOOKMARK [3][-]{subsubsection.4.19.2.1}{\376\377\0004\000.\0001\0009\000.\0002\000.\0001\000\040\000S\000o\000r\000p\000r\000e\000s\000a\000P\000o\000r\000C\000a\000s\000a\000H\000o\000t\000e\000l\000\050\000\051}{subsection.4.19.2}% 146
\BOOKMARK [2][-]{subsection.4.19.3}{\376\377\0004\000.\0001\0009\000.\0003\000\040\000M\000e\000m\000b\000e\000r\000\040\000F\000u\000n\000c\000t\000i\000o\000n\000\040\000D\000o\000c\000u\000m\000e\000n\000t\000a\000t\000i\000o\000n}{section.4.19}% 147
\BOOKMARK [3][-]{subsubsection.4.19.3.1}{\376\377\0004\000.\0001\0009\000.\0003\000.\0001\000\040\000t\000o\000S\000t\000r\000i\000n\000g\000\050\000\051}{subsection.4.19.3}% 148
\BOOKMARK [1][-]{section.4.20}{\376\377\0004\000.\0002\0000\000\040\000c\000i\000v\000i\000t\000a\000s\000.\000T\000a\000b\000l\000e\000r\000o\000\040\000C\000l\000a\000s\000s\000\040\000R\000e\000f\000e\000r\000e\000n\000c\000e}{chapter.4}% 149
\BOOKMARK [2][-]{subsection.4.20.1}{\376\377\0004\000.\0002\0000\000.\0001\000\040\000D\000e\000t\000a\000i\000l\000e\000d\000\040\000D\000e\000s\000c\000r\000i\000p\000t\000i\000o\000n}{section.4.20}% 150
\BOOKMARK [2][-]{subsection.4.20.2}{\376\377\0004\000.\0002\0000\000.\0002\000\040\000C\000o\000n\000s\000t\000r\000u\000c\000t\000o\000r\000\040\000\046\000\040\000D\000e\000s\000t\000r\000u\000c\000t\000o\000r\000\040\000D\000o\000c\000u\000m\000e\000n\000t\000a\000t\000i\000o\000n}{section.4.20}% 151
\BOOKMARK [3][-]{subsubsection.4.20.2.1}{\376\377\0004\000.\0002\0000\000.\0002\000.\0001\000\040\000T\000a\000b\000l\000e\000r\000o\000\050\000\051}{subsection.4.20.2}% 152
\BOOKMARK [2][-]{subsection.4.20.3}{\376\377\0004\000.\0002\0000\000.\0003\000\040\000M\000e\000m\000b\000e\000r\000\040\000F\000u\000n\000c\000t\000i\000o\000n\000\040\000D\000o\000c\000u\000m\000e\000n\000t\000a\000t\000i\000o\000n}{section.4.20}% 153
\BOOKMARK [3][-]{subsubsection.4.20.3.1}{\376\377\0004\000.\0002\0000\000.\0003\000.\0001\000\040\000g\000e\000t\000C\000a\000s\000i\000l\000l\000a\000\050\000\051}{subsection.4.20.3}% 154
\BOOKMARK [3][-]{subsubsection.4.20.3.2}{\376\377\0004\000.\0002\0000\000.\0003\000.\0002\000\040\000g\000e\000t\000C\000a\000s\000i\000l\000l\000a\000s\000\050\000\051}{subsection.4.20.3}% 155
\BOOKMARK [1][-]{section.4.21}{\376\377\0004\000.\0002\0001\000\040\000c\000i\000v\000i\000t\000a\000s\000.\000T\000e\000s\000t\000P\0004\000\040\000C\000l\000a\000s\000s\000\040\000R\000e\000f\000e\000r\000e\000n\000c\000e}{chapter.4}% 156
\BOOKMARK [2][-]{subsection.4.21.1}{\376\377\0004\000.\0002\0001\000.\0001\000\040\000D\000e\000t\000a\000i\000l\000e\000d\000\040\000D\000e\000s\000c\000r\000i\000p\000t\000i\000o\000n}{section.4.21}% 157
\BOOKMARK [2][-]{subsection.4.21.2}{\376\377\0004\000.\0002\0001\000.\0002\000\040\000M\000e\000m\000b\000e\000r\000\040\000F\000u\000n\000c\000t\000i\000o\000n\000\040\000D\000o\000c\000u\000m\000e\000n\000t\000a\000t\000i\000o\000n}{section.4.21}% 158
\BOOKMARK [3][-]{subsubsection.4.21.2.1}{\376\377\0004\000.\0002\0001\000.\0002\000.\0001\000\040\000m\000a\000i\000n\000\050\000\051}{subsection.4.21.2}% 159
\BOOKMARK [1][-]{section.4.22}{\376\377\0004\000.\0002\0002\000\040\000v\000i\000s\000t\000a\000T\000e\000x\000t\000u\000a\000l\000C\000i\000v\000i\000t\000a\000s\000.\000V\000i\000s\000t\000a\000\040\000I\000n\000t\000e\000r\000f\000a\000c\000e\000\040\000R\000e\000f\000e\000r\000e\000n\000c\000e}{chapter.4}% 160
\BOOKMARK [2][-]{subsection.4.22.1}{\376\377\0004\000.\0002\0002\000.\0001\000\040\000D\000e\000t\000a\000i\000l\000e\000d\000\040\000D\000e\000s\000c\000r\000i\000p\000t\000i\000o\000n}{section.4.22}% 161
\BOOKMARK [1][-]{section.4.23}{\376\377\0004\000.\0002\0003\000\040\000v\000i\000s\000t\000a\000T\000e\000x\000t\000u\000a\000l\000C\000i\000v\000i\000t\000a\000s\000.\000V\000i\000s\000t\000a\000T\000e\000x\000t\000u\000a\000l\000\040\000C\000l\000a\000s\000s\000\040\000R\000e\000f\000e\000r\000e\000n\000c\000e}{chapter.4}% 162
\BOOKMARK [2][-]{subsection.4.23.1}{\376\377\0004\000.\0002\0003\000.\0001\000\040\000D\000e\000t\000a\000i\000l\000e\000d\000\040\000D\000e\000s\000c\000r\000i\000p\000t\000i\000o\000n}{section.4.23}% 163
\BOOKMARK [2][-]{subsection.4.23.2}{\376\377\0004\000.\0002\0003\000.\0002\000\040\000C\000o\000n\000s\000t\000r\000u\000c\000t\000o\000r\000\040\000\046\000\040\000D\000e\000s\000t\000r\000u\000c\000t\000o\000r\000\040\000D\000o\000c\000u\000m\000e\000n\000t\000a\000t\000i\000o\000n}{section.4.23}% 164
\BOOKMARK [3][-]{subsubsection.4.23.2.1}{\376\377\0004\000.\0002\0003\000.\0002\000.\0001\000\040\000V\000i\000s\000t\000a\000T\000e\000x\000t\000u\000a\000l\000\050\000\051}{subsection.4.23.2}% 165
\BOOKMARK [2][-]{subsection.4.23.3}{\376\377\0004\000.\0002\0003\000.\0003\000\040\000M\000e\000m\000b\000e\000r\000\040\000F\000u\000n\000c\000t\000i\000o\000n\000\040\000D\000o\000c\000u\000m\000e\000n\000t\000a\000t\000i\000o\000n}{section.4.23}% 166
\BOOKMARK [3][-]{subsubsection.4.23.3.1}{\376\377\0004\000.\0002\0003\000.\0003\000.\0001\000\040\000a\000c\000t\000u\000a\000l\000i\000z\000a\000\050\000\051}{subsection.4.23.3}% 167
\BOOKMARK [3][-]{subsubsection.4.23.3.2}{\376\377\0004\000.\0002\0003\000.\0003\000.\0002\000\040\000c\000o\000m\000p\000r\000a\000r\000\050\000\051}{subsection.4.23.3}% 168
\BOOKMARK [3][-]{subsubsection.4.23.3.3}{\376\377\0004\000.\0002\0003\000.\0003\000.\0003\000\040\000e\000l\000e\000g\000i\000r\000O\000p\000e\000r\000a\000c\000i\000o\000n\000\050\000\051}{subsection.4.23.3}% 169
\BOOKMARK [3][-]{subsubsection.4.23.3.4}{\376\377\0004\000.\0002\0003\000.\0003\000.\0004\000\040\000e\000l\000e\000g\000i\000r\000P\000r\000o\000p\000i\000e\000d\000a\000d\000\050\000\051}{subsection.4.23.3}% 170
\BOOKMARK [3][-]{subsubsection.4.23.3.5}{\376\377\0004\000.\0002\0003\000.\0003\000.\0005\000\040\000m\000o\000s\000t\000r\000a\000r\000E\000v\000e\000n\000t\000o\000s\000\050\000\051}{subsection.4.23.3}% 171
\BOOKMARK [3][-]{subsubsection.4.23.3.6}{\376\377\0004\000.\0002\0003\000.\0003\000.\0006\000\040\000m\000o\000s\000t\000r\000a\000r\000S\000i\000g\000u\000i\000e\000n\000t\000e\000O\000p\000e\000r\000a\000c\000i\000o\000n\000\050\000\051}{subsection.4.23.3}% 172
\BOOKMARK [3][-]{subsubsection.4.23.3.7}{\376\377\0004\000.\0002\0003\000.\0003\000.\0007\000\040\000p\000a\000u\000s\000a\000\050\000\051}{subsection.4.23.3}% 173
\BOOKMARK [0][-]{chapter.5}{\376\377\0005\000\040\000F\000i\000l\000e\000\040\000D\000o\000c\000u\000m\000e\000n\000t\000a\000t\000i\000o\000n}{}% 174
\BOOKMARK [1][-]{section.5.1}{\376\377\0005\000.\0001\000\040\000s\000r\000c\000/\000c\000i\000v\000i\000t\000a\000s\000/\000C\000a\000s\000i\000l\000l\000a\000.\000j\000a\000v\000a\000\040\000F\000i\000l\000e\000\040\000R\000e\000f\000e\000r\000e\000n\000c\000e}{chapter.5}% 175
\BOOKMARK [2][-]{subsection.5.1.1}{\376\377\0005\000.\0001\000.\0001\000\040\000D\000e\000t\000a\000i\000l\000e\000d\000\040\000D\000e\000s\000c\000r\000i\000p\000t\000i\000o\000n}{section.5.1}% 176
\BOOKMARK [1][-]{section.5.2}{\376\377\0005\000.\0002\000\040\000C\000a\000s\000i\000l\000l\000a\000.\000j\000a\000v\000a}{chapter.5}% 177
\BOOKMARK [1][-]{section.5.3}{\376\377\0005\000.\0003\000\040\000s\000r\000c\000/\000c\000i\000v\000i\000t\000a\000s\000/\000C\000a\000s\000i\000l\000l\000a\000C\000a\000l\000l\000e\000.\000j\000a\000v\000a\000\040\000F\000i\000l\000e\000\040\000R\000e\000f\000e\000r\000e\000n\000c\000e}{chapter.5}% 178
\BOOKMARK [2][-]{subsection.5.3.1}{\376\377\0005\000.\0003\000.\0001\000\040\000D\000e\000t\000a\000i\000l\000e\000d\000\040\000D\000e\000s\000c\000r\000i\000p\000t\000i\000o\000n}{section.5.3}% 179
\BOOKMARK [1][-]{section.5.4}{\376\377\0005\000.\0004\000\040\000C\000a\000s\000i\000l\000l\000a\000C\000a\000l\000l\000e\000.\000j\000a\000v\000a}{chapter.5}% 180
\BOOKMARK [1][-]{section.5.5}{\376\377\0005\000.\0005\000\040\000s\000r\000c\000/\000c\000i\000v\000i\000t\000a\000s\000/\000C\000a\000s\000i\000l\000l\000a\000S\000o\000r\000p\000r\000e\000s\000a\000.\000j\000a\000v\000a\000\040\000F\000i\000l\000e\000\040\000R\000e\000f\000e\000r\000e\000n\000c\000e}{chapter.5}% 181
\BOOKMARK [2][-]{subsection.5.5.1}{\376\377\0005\000.\0005\000.\0001\000\040\000D\000e\000t\000a\000i\000l\000e\000d\000\040\000D\000e\000s\000c\000r\000i\000p\000t\000i\000o\000n}{section.5.5}% 182
\BOOKMARK [1][-]{section.5.6}{\376\377\0005\000.\0006\000\040\000C\000a\000s\000i\000l\000l\000a\000S\000o\000r\000p\000r\000e\000s\000a\000.\000j\000a\000v\000a}{chapter.5}% 183
\BOOKMARK [1][-]{section.5.7}{\376\377\0005\000.\0007\000\040\000s\000r\000c\000/\000c\000i\000v\000i\000t\000a\000s\000/\000C\000i\000v\000i\000t\000a\000s\000J\000u\000e\000g\000o\000.\000j\000a\000v\000a\000\040\000F\000i\000l\000e\000\040\000R\000e\000f\000e\000r\000e\000n\000c\000e}{chapter.5}% 184
\BOOKMARK [2][-]{subsection.5.7.1}{\376\377\0005\000.\0007\000.\0001\000\040\000D\000e\000t\000a\000i\000l\000e\000d\000\040\000D\000e\000s\000c\000r\000i\000p\000t\000i\000o\000n}{section.5.7}% 185
\BOOKMARK [1][-]{section.5.8}{\376\377\0005\000.\0008\000\040\000C\000i\000v\000i\000t\000a\000s\000J\000u\000e\000g\000o\000.\000j\000a\000v\000a}{chapter.5}% 186
\BOOKMARK [1][-]{section.5.9}{\376\377\0005\000.\0009\000\040\000s\000r\000c\000/\000c\000i\000v\000i\000t\000a\000s\000/\000D\000a\000d\000o\000.\000j\000a\000v\000a\000\040\000F\000i\000l\000e\000\040\000R\000e\000f\000e\000r\000e\000n\000c\000e}{chapter.5}% 187
\BOOKMARK [2][-]{subsection.5.9.1}{\376\377\0005\000.\0009\000.\0001\000\040\000D\000e\000t\000a\000i\000l\000e\000d\000\040\000D\000e\000s\000c\000r\000i\000p\000t\000i\000o\000n}{section.5.9}% 188
\BOOKMARK [1][-]{section.5.10}{\376\377\0005\000.\0001\0000\000\040\000D\000a\000d\000o\000.\000j\000a\000v\000a}{chapter.5}% 189
\BOOKMARK [1][-]{section.5.11}{\376\377\0005\000.\0001\0001\000\040\000s\000r\000c\000/\000c\000i\000v\000i\000t\000a\000s\000/\000D\000i\000a\000r\000i\000o\000.\000j\000a\000v\000a\000\040\000F\000i\000l\000e\000\040\000R\000e\000f\000e\000r\000e\000n\000c\000e}{chapter.5}% 190
\BOOKMARK [2][-]{subsection.5.11.1}{\376\377\0005\000.\0001\0001\000.\0001\000\040\000D\000e\000t\000a\000i\000l\000e\000d\000\040\000D\000e\000s\000c\000r\000i\000p\000t\000i\000o\000n}{section.5.11}% 191
\BOOKMARK [1][-]{section.5.12}{\376\377\0005\000.\0001\0002\000\040\000D\000i\000a\000r\000i\000o\000.\000j\000a\000v\000a}{chapter.5}% 192
\BOOKMARK [1][-]{section.5.13}{\376\377\0005\000.\0001\0003\000\040\000s\000r\000c\000/\000c\000i\000v\000i\000t\000a\000s\000/\000E\000s\000t\000a\000d\000o\000J\000u\000e\000g\000o\000.\000j\000a\000v\000a\000\040\000F\000i\000l\000e\000\040\000R\000e\000f\000e\000r\000e\000n\000c\000e}{chapter.5}% 193
\BOOKMARK [2][-]{subsection.5.13.1}{\376\377\0005\000.\0001\0003\000.\0001\000\040\000D\000e\000t\000a\000i\000l\000e\000d\000\040\000D\000e\000s\000c\000r\000i\000p\000t\000i\000o\000n}{section.5.13}% 194
\BOOKMARK [1][-]{section.5.14}{\376\377\0005\000.\0001\0004\000\040\000E\000s\000t\000a\000d\000o\000J\000u\000e\000g\000o\000.\000j\000a\000v\000a}{chapter.5}% 195
\BOOKMARK [1][-]{section.5.15}{\376\377\0005\000.\0001\0005\000\040\000s\000r\000c\000/\000c\000i\000v\000i\000t\000a\000s\000/\000G\000e\000s\000t\000i\000o\000n\000I\000n\000m\000o\000b\000i\000l\000i\000a\000r\000i\000a\000.\000j\000a\000v\000a\000\040\000F\000i\000l\000e\000\040\000R\000e\000f\000e\000r\000e\000n\000c\000e}{chapter.5}% 196
\BOOKMARK [2][-]{subsection.5.15.1}{\376\377\0005\000.\0001\0005\000.\0001\000\040\000D\000e\000t\000a\000i\000l\000e\000d\000\040\000D\000e\000s\000c\000r\000i\000p\000t\000i\000o\000n}{section.5.15}% 197
\BOOKMARK [1][-]{section.5.16}{\376\377\0005\000.\0001\0006\000\040\000G\000e\000s\000t\000i\000o\000n\000I\000n\000m\000o\000b\000i\000l\000i\000a\000r\000i\000a\000.\000j\000a\000v\000a}{chapter.5}% 198
\BOOKMARK [1][-]{section.5.17}{\376\377\0005\000.\0001\0007\000\040\000s\000r\000c\000/\000c\000i\000v\000i\000t\000a\000s\000/\000G\000e\000s\000t\000o\000r\000E\000s\000t\000a\000d\000o\000s\000.\000j\000a\000v\000a\000\040\000F\000i\000l\000e\000\040\000R\000e\000f\000e\000r\000e\000n\000c\000e}{chapter.5}% 199
\BOOKMARK [2][-]{subsection.5.17.1}{\376\377\0005\000.\0001\0007\000.\0001\000\040\000D\000e\000t\000a\000i\000l\000e\000d\000\040\000D\000e\000s\000c\000r\000i\000p\000t\000i\000o\000n}{section.5.17}% 200
\BOOKMARK [1][-]{section.5.18}{\376\377\0005\000.\0001\0008\000\040\000G\000e\000s\000t\000o\000r\000E\000s\000t\000a\000d\000o\000s\000.\000j\000a\000v\000a}{chapter.5}% 201
\BOOKMARK [1][-]{section.5.19}{\376\377\0005\000.\0001\0009\000\040\000s\000r\000c\000/\000c\000i\000v\000i\000t\000a\000s\000/\000J\000u\000g\000a\000d\000o\000r\000.\000j\000a\000v\000a\000\040\000F\000i\000l\000e\000\040\000R\000e\000f\000e\000r\000e\000n\000c\000e}{chapter.5}% 202
\BOOKMARK [2][-]{subsection.5.19.1}{\376\377\0005\000.\0001\0009\000.\0001\000\040\000D\000e\000t\000a\000i\000l\000e\000d\000\040\000D\000e\000s\000c\000r\000i\000p\000t\000i\000o\000n}{section.5.19}% 203
\BOOKMARK [1][-]{section.5.20}{\376\377\0005\000.\0002\0000\000\040\000J\000u\000g\000a\000d\000o\000r\000.\000j\000a\000v\000a}{chapter.5}% 204
\BOOKMARK [1][-]{section.5.21}{\376\377\0005\000.\0002\0001\000\040\000s\000r\000c\000/\000c\000i\000v\000i\000t\000a\000s\000/\000J\000u\000g\000a\000d\000o\000r\000E\000s\000p\000e\000c\000u\000l\000a\000d\000o\000r\000.\000j\000a\000v\000a\000\040\000F\000i\000l\000e\000\040\000R\000e\000f\000e\000r\000e\000n\000c\000e}{chapter.5}% 205
\BOOKMARK [2][-]{subsection.5.21.1}{\376\377\0005\000.\0002\0001\000.\0001\000\040\000D\000e\000t\000a\000i\000l\000e\000d\000\040\000D\000e\000s\000c\000r\000i\000p\000t\000i\000o\000n}{section.5.21}% 206
\BOOKMARK [1][-]{section.5.22}{\376\377\0005\000.\0002\0002\000\040\000J\000u\000g\000a\000d\000o\000r\000E\000s\000p\000e\000c\000u\000l\000a\000d\000o\000r\000.\000j\000a\000v\000a}{chapter.5}% 207
\BOOKMARK [1][-]{section.5.23}{\376\377\0005\000.\0002\0003\000\040\000M\000a\000z\000o\000S\000o\000r\000p\000r\000e\000s\000a\000s\000.\000j\000a\000v\000a}{chapter.5}% 208
\BOOKMARK [1][-]{section.5.24}{\376\377\0005\000.\0002\0004\000\040\000s\000r\000c\000/\000c\000i\000v\000i\000t\000a\000s\000/\000O\000p\000e\000r\000a\000c\000i\000o\000n\000I\000n\000m\000o\000b\000i\000l\000i\000a\000r\000i\000a\000.\000j\000a\000v\000a\000\040\000F\000i\000l\000e\000\040\000R\000e\000f\000e\000r\000e\000n\000c\000e}{chapter.5}% 209
\BOOKMARK [2][-]{subsection.5.24.1}{\376\377\0005\000.\0002\0004\000.\0001\000\040\000D\000e\000t\000a\000i\000l\000e\000d\000\040\000D\000e\000s\000c\000r\000i\000p\000t\000i\000o\000n}{section.5.24}% 210
\BOOKMARK [1][-]{section.5.25}{\376\377\0005\000.\0002\0005\000\040\000O\000p\000e\000r\000a\000c\000i\000o\000n\000I\000n\000m\000o\000b\000i\000l\000i\000a\000r\000i\000a\000.\000j\000a\000v\000a}{chapter.5}% 211
\BOOKMARK [1][-]{section.5.26}{\376\377\0005\000.\0002\0006\000\040\000s\000r\000c\000/\000c\000i\000v\000i\000t\000a\000s\000/\000O\000p\000e\000r\000a\000c\000i\000o\000n\000J\000u\000e\000g\000o\000.\000j\000a\000v\000a\000\040\000F\000i\000l\000e\000\040\000R\000e\000f\000e\000r\000e\000n\000c\000e}{chapter.5}% 212
\BOOKMARK [2][-]{subsection.5.26.1}{\376\377\0005\000.\0002\0006\000.\0001\000\040\000D\000e\000t\000a\000i\000l\000e\000d\000\040\000D\000e\000s\000c\000r\000i\000p\000t\000i\000o\000n}{section.5.26}% 213
\BOOKMARK [1][-]{section.5.27}{\376\377\0005\000.\0002\0007\000\040\000O\000p\000e\000r\000a\000c\000i\000o\000n\000J\000u\000e\000g\000o\000.\000j\000a\000v\000a}{chapter.5}% 214
\BOOKMARK [1][-]{section.5.28}{\376\377\0005\000.\0002\0008\000\040\000s\000r\000c\000/\000c\000i\000v\000i\000t\000a\000s\000/\000S\000o\000r\000p\000r\000e\000s\000a\000.\000j\000a\000v\000a\000\040\000F\000i\000l\000e\000\040\000R\000e\000f\000e\000r\000e\000n\000c\000e}{chapter.5}% 215
\BOOKMARK [2][-]{subsection.5.28.1}{\376\377\0005\000.\0002\0008\000.\0001\000\040\000D\000e\000t\000a\000i\000l\000e\000d\000\040\000D\000e\000s\000c\000r\000i\000p\000t\000i\000o\000n}{section.5.28}% 216
\BOOKMARK [1][-]{section.5.29}{\376\377\0005\000.\0002\0009\000\040\000S\000o\000r\000p\000r\000e\000s\000a\000.\000j\000a\000v\000a}{chapter.5}% 217
\BOOKMARK [1][-]{section.5.30}{\376\377\0005\000.\0003\0000\000\040\000s\000r\000c\000/\000c\000i\000v\000i\000t\000a\000s\000/\000S\000o\000r\000p\000r\000e\000s\000a\000C\000o\000n\000v\000e\000r\000t\000i\000r\000m\000e\000.\000j\000a\000v\000a\000\040\000F\000i\000l\000e\000\040\000R\000e\000f\000e\000r\000e\000n\000c\000e}{chapter.5}% 218
\BOOKMARK [2][-]{subsection.5.30.1}{\376\377\0005\000.\0003\0000\000.\0001\000\040\000D\000e\000t\000a\000i\000l\000e\000d\000\040\000D\000e\000s\000c\000r\000i\000p\000t\000i\000o\000n}{section.5.30}% 219
\BOOKMARK [1][-]{section.5.31}{\376\377\0005\000.\0003\0001\000\040\000S\000o\000r\000p\000r\000e\000s\000a\000C\000o\000n\000v\000e\000r\000t\000i\000r\000m\000e\000.\000j\000a\000v\000a}{chapter.5}% 220
\BOOKMARK [1][-]{section.5.32}{\376\377\0005\000.\0003\0002\000\040\000s\000r\000c\000/\000c\000i\000v\000i\000t\000a\000s\000/\000S\000o\000r\000p\000r\000e\000s\000a\000P\000a\000g\000a\000r\000C\000o\000b\000r\000a\000r\000.\000j\000a\000v\000a\000\040\000F\000i\000l\000e\000\040\000R\000e\000f\000e\000r\000e\000n\000c\000e}{chapter.5}% 221
\BOOKMARK [2][-]{subsection.5.32.1}{\376\377\0005\000.\0003\0002\000.\0001\000\040\000D\000e\000t\000a\000i\000l\000e\000d\000\040\000D\000e\000s\000c\000r\000i\000p\000t\000i\000o\000n}{section.5.32}% 222
\BOOKMARK [1][-]{section.5.33}{\376\377\0005\000.\0003\0003\000\040\000S\000o\000r\000p\000r\000e\000s\000a\000P\000a\000g\000a\000r\000C\000o\000b\000r\000a\000r\000.\000j\000a\000v\000a}{chapter.5}% 223
\BOOKMARK [1][-]{section.5.34}{\376\377\0005\000.\0003\0004\000\040\000s\000r\000c\000/\000c\000i\000v\000i\000t\000a\000s\000/\000S\000o\000r\000p\000r\000e\000s\000a\000P\000o\000r\000C\000a\000s\000a\000H\000o\000t\000e\000l\000.\000j\000a\000v\000a\000\040\000F\000i\000l\000e\000\040\000R\000e\000f\000e\000r\000e\000n\000c\000e}{chapter.5}% 224
\BOOKMARK [2][-]{subsection.5.34.1}{\376\377\0005\000.\0003\0004\000.\0001\000\040\000D\000e\000t\000a\000i\000l\000e\000d\000\040\000D\000e\000s\000c\000r\000i\000p\000t\000i\000o\000n}{section.5.34}% 225
\BOOKMARK [1][-]{section.5.35}{\376\377\0005\000.\0003\0005\000\040\000S\000o\000r\000p\000r\000e\000s\000a\000P\000o\000r\000C\000a\000s\000a\000H\000o\000t\000e\000l\000.\000j\000a\000v\000a}{chapter.5}% 226
\BOOKMARK [1][-]{section.5.36}{\376\377\0005\000.\0003\0006\000\040\000s\000r\000c\000/\000c\000i\000v\000i\000t\000a\000s\000/\000T\000a\000b\000l\000e\000r\000o\000.\000j\000a\000v\000a\000\040\000F\000i\000l\000e\000\040\000R\000e\000f\000e\000r\000e\000n\000c\000e}{chapter.5}% 227
\BOOKMARK [2][-]{subsection.5.36.1}{\376\377\0005\000.\0003\0006\000.\0001\000\040\000D\000e\000t\000a\000i\000l\000e\000d\000\040\000D\000e\000s\000c\000r\000i\000p\000t\000i\000o\000n}{section.5.36}% 228
\BOOKMARK [1][-]{section.5.37}{\376\377\0005\000.\0003\0007\000\040\000T\000a\000b\000l\000e\000r\000o\000.\000j\000a\000v\000a}{chapter.5}% 229
\BOOKMARK [1][-]{section.5.38}{\376\377\0005\000.\0003\0008\000\040\000s\000r\000c\000/\000c\000i\000v\000i\000t\000a\000s\000/\000T\000e\000s\000t\000P\0004\000.\000j\000a\000v\000a\000\040\000F\000i\000l\000e\000\040\000R\000e\000f\000e\000r\000e\000n\000c\000e}{chapter.5}% 230
\BOOKMARK [2][-]{subsection.5.38.1}{\376\377\0005\000.\0003\0008\000.\0001\000\040\000D\000e\000t\000a\000i\000l\000e\000d\000\040\000D\000e\000s\000c\000r\000i\000p\000t\000i\000o\000n}{section.5.38}% 231
\BOOKMARK [1][-]{section.5.39}{\376\377\0005\000.\0003\0009\000\040\000T\000e\000s\000t\000P\0004\000.\000j\000a\000v\000a}{chapter.5}% 232
\BOOKMARK [1][-]{section.5.40}{\376\377\0005\000.\0004\0000\000\040\000s\000r\000c\000/\000c\000o\000n\000t\000r\000o\000l\000a\000d\000o\000r\000C\000i\000v\000i\000t\000a\000s\000/\000C\000o\000n\000t\000r\000o\000l\000a\000d\000o\000r\000.\000j\000a\000v\000a\000\040\000F\000i\000l\000e\000\040\000R\000e\000f\000e\000r\000e\000n\000c\000e}{chapter.5}% 233
\BOOKMARK [2][-]{subsection.5.40.1}{\376\377\0005\000.\0004\0000\000.\0001\000\040\000D\000e\000t\000a\000i\000l\000e\000d\000\040\000D\000e\000s\000c\000r\000i\000p\000t\000i\000o\000n}{section.5.40}% 234
\BOOKMARK [1][-]{section.5.41}{\376\377\0005\000.\0004\0001\000\040\000C\000o\000n\000t\000r\000o\000l\000a\000d\000o\000r\000.\000j\000a\000v\000a}{chapter.5}% 235
\BOOKMARK [1][-]{section.5.42}{\376\377\0005\000.\0004\0002\000\040\000s\000r\000c\000/\000c\000o\000n\000t\000r\000o\000l\000a\000d\000o\000r\000C\000i\000v\000i\000t\000a\000s\000/\000R\000e\000s\000p\000u\000e\000s\000t\000a\000.\000j\000a\000v\000a\000\040\000F\000i\000l\000e\000\040\000R\000e\000f\000e\000r\000e\000n\000c\000e}{chapter.5}% 236
\BOOKMARK [2][-]{subsection.5.42.1}{\376\377\0005\000.\0004\0002\000.\0001\000\040\000D\000e\000t\000a\000i\000l\000e\000d\000\040\000D\000e\000s\000c\000r\000i\000p\000t\000i\000o\000n}{section.5.42}% 237
\BOOKMARK [1][-]{section.5.43}{\376\377\0005\000.\0004\0003\000\040\000R\000e\000s\000p\000u\000e\000s\000t\000a\000.\000j\000a\000v\000a}{chapter.5}% 238
\BOOKMARK [1][-]{section.5.44}{\376\377\0005\000.\0004\0004\000\040\000s\000r\000c\000/\000J\000u\000e\000g\000o\000T\000e\000x\000t\000o\000/\000J\000u\000e\000g\000o\000T\000e\000x\000t\000o\000.\000j\000a\000v\000a\000\040\000F\000i\000l\000e\000\040\000R\000e\000f\000e\000r\000e\000n\000c\000e}{chapter.5}% 239
\BOOKMARK [2][-]{subsection.5.44.1}{\376\377\0005\000.\0004\0004\000.\0001\000\040\000D\000e\000t\000a\000i\000l\000e\000d\000\040\000D\000e\000s\000c\000r\000i\000p\000t\000i\000o\000n}{section.5.44}% 240
\BOOKMARK [1][-]{section.5.45}{\376\377\0005\000.\0004\0005\000\040\000J\000u\000e\000g\000o\000T\000e\000x\000t\000o\000.\000j\000a\000v\000a}{chapter.5}% 241
\BOOKMARK [1][-]{section.5.46}{\376\377\0005\000.\0004\0006\000\040\000s\000r\000c\000/\000v\000i\000s\000t\000a\000T\000e\000x\000t\000u\000a\000l\000C\000i\000v\000i\000t\000a\000s\000/\000V\000i\000s\000t\000a\000.\000j\000a\000v\000a\000\040\000F\000i\000l\000e\000\040\000R\000e\000f\000e\000r\000e\000n\000c\000e}{chapter.5}% 242
\BOOKMARK [2][-]{subsection.5.46.1}{\376\377\0005\000.\0004\0006\000.\0001\000\040\000D\000e\000t\000a\000i\000l\000e\000d\000\040\000D\000e\000s\000c\000r\000i\000p\000t\000i\000o\000n}{section.5.46}% 243
\BOOKMARK [1][-]{section.5.47}{\376\377\0005\000.\0004\0007\000\040\000V\000i\000s\000t\000a\000.\000j\000a\000v\000a}{chapter.5}% 244
\BOOKMARK [1][-]{section.5.48}{\376\377\0005\000.\0004\0008\000\040\000s\000r\000c\000/\000v\000i\000s\000t\000a\000T\000e\000x\000t\000u\000a\000l\000C\000i\000v\000i\000t\000a\000s\000/\000V\000i\000s\000t\000a\000T\000e\000x\000t\000u\000a\000l\000.\000j\000a\000v\000a\000\040\000F\000i\000l\000e\000\040\000R\000e\000f\000e\000r\000e\000n\000c\000e}{chapter.5}% 245
\BOOKMARK [2][-]{subsection.5.48.1}{\376\377\0005\000.\0004\0008\000.\0001\000\040\000D\000e\000t\000a\000i\000l\000e\000d\000\040\000D\000e\000s\000c\000r\000i\000p\000t\000i\000o\000n}{section.5.48}% 246
\BOOKMARK [1][-]{section.5.49}{\376\377\0005\000.\0004\0009\000\040\000V\000i\000s\000t\000a\000T\000e\000x\000t\000u\000a\000l\000.\000j\000a\000v\000a}{chapter.5}% 247
\BOOKMARK [0][-]{section*.77}{\376\377\000I\000n\000d\000e\000x}{}% 248
