\BOOKMARK [0][-]{chapter.1}{\376\377\0001\000\040\000C\000l\000a\000s\000s\000\040\000I\000n\000d\000e\000x}{}% 1
\BOOKMARK [1][-]{section.1.1}{\376\377\0001\000.\0001\000\040\000C\000l\000a\000s\000s\000\040\000L\000i\000s\000t}{chapter.1}% 2
\BOOKMARK [0][-]{chapter.2}{\376\377\0002\000\040\000F\000i\000l\000e\000\040\000I\000n\000d\000e\000x}{}% 3
\BOOKMARK [1][-]{section.2.1}{\376\377\0002\000.\0001\000\040\000F\000i\000l\000e\000\040\000L\000i\000s\000t}{chapter.2}% 4
\BOOKMARK [0][-]{chapter.3}{\376\377\0003\000\040\000C\000l\000a\000s\000s\000\040\000D\000o\000c\000u\000m\000e\000n\000t\000a\000t\000i\000o\000n}{}% 5
\BOOKMARK [1][-]{section.3.1}{\376\377\0003\000.\0001\000\040\000B\000l\000o\000q\000u\000e\000\040\000C\000l\000a\000s\000s\000\040\000R\000e\000f\000e\000r\000e\000n\000c\000e}{chapter.3}% 6
\BOOKMARK [2][-]{subsection.3.1.1}{\376\377\0003\000.\0001\000.\0001\000\040\000D\000e\000t\000a\000i\000l\000e\000d\000\040\000D\000e\000s\000c\000r\000i\000p\000t\000i\000o\000n}{section.3.1}% 7
\BOOKMARK [2][-]{subsection.3.1.2}{\376\377\0003\000.\0001\000.\0002\000\040\000C\000o\000n\000s\000t\000r\000u\000c\000t\000o\000r\000\040\000\046\000\040\000D\000e\000s\000t\000r\000u\000c\000t\000o\000r\000\040\000D\000o\000c\000u\000m\000e\000n\000t\000a\000t\000i\000o\000n}{section.3.1}% 8
\BOOKMARK [3][-]{subsubsection.3.1.2.1}{\376\377\0003\000.\0001\000.\0002\000.\0001\000\040\000B\000l\000o\000q\000u\000e\000\050\000\051\000\040\000[\0001\000/\0002\000]}{subsection.3.1.2}% 9
\BOOKMARK [3][-]{subsubsection.3.1.2.2}{\376\377\0003\000.\0001\000.\0002\000.\0002\000\040\000B\000l\000o\000q\000u\000e\000\050\000\051\000\040\000[\0002\000/\0002\000]}{subsection.3.1.2}% 10
\BOOKMARK [2][-]{subsection.3.1.3}{\376\377\0003\000.\0001\000.\0003\000\040\000M\000e\000m\000b\000e\000r\000\040\000F\000u\000n\000c\000t\000i\000o\000n\000\040\000D\000o\000c\000u\000m\000e\000n\000t\000a\000t\000i\000o\000n}{section.3.1}% 11
\BOOKMARK [3][-]{subsubsection.3.1.3.1}{\376\377\0003\000.\0001\000.\0003\000.\0001\000\040\000a\000n\000i\000a\000d\000i\000r\000C\000a\000s\000i\000l\000l\000a\000\050\000\051}{subsection.3.1.3}% 12
\BOOKMARK [3][-]{subsubsection.3.1.3.2}{\376\377\0003\000.\0001\000.\0003\000.\0002\000\040\000e\000l\000i\000m\000i\000n\000a\000r\000C\000a\000s\000i\000l\000l\000a\000\050\000\051}{subsection.3.1.3}% 13
\BOOKMARK [3][-]{subsubsection.3.1.3.3}{\376\377\0003\000.\0001\000.\0003\000.\0003\000\040\000e\000s\000C\000a\000s\000i\000l\000l\000a\000C\000o\000n\000t\000i\000g\000u\000a\000\050\000\051}{subsection.3.1.3}% 14
\BOOKMARK [3][-]{subsubsection.3.1.3.4}{\376\377\0003\000.\0001\000.\0003\000.\0004\000\040\000g\000e\000t\000C\000a\000s\000i\000l\000l\000a\000\050\000\051}{subsection.3.1.3}% 15
\BOOKMARK [3][-]{subsubsection.3.1.3.5}{\376\377\0003\000.\0001\000.\0003\000.\0005\000\040\000g\000e\000t\000S\000u\000m\000a\000B\000l\000o\000q\000u\000e\000\050\000\051}{subsection.3.1.3}% 16
\BOOKMARK [3][-]{subsubsection.3.1.3.6}{\376\377\0003\000.\0001\000.\0003\000.\0006\000\040\000g\000e\000t\000T\000a\000m\000a\000n\000i\000o\000\050\000\051}{subsection.3.1.3}% 17
\BOOKMARK [3][-]{subsubsection.3.1.3.7}{\376\377\0003\000.\0001\000.\0003\000.\0007\000\040\000s\000e\000t\000C\000a\000s\000i\000l\000l\000a\000\050\000\051}{subsection.3.1.3}% 18
\BOOKMARK [1][-]{section.3.2}{\376\377\0003\000.\0002\000\040\000B\000l\000o\000q\000u\000e\000s\000S\000u\000d\000o\000k\000u\000\040\000C\000l\000a\000s\000s\000\040\000R\000e\000f\000e\000r\000e\000n\000c\000e}{chapter.3}% 19
\BOOKMARK [2][-]{subsection.3.2.1}{\376\377\0003\000.\0002\000.\0001\000\040\000D\000e\000t\000a\000i\000l\000e\000d\000\040\000D\000e\000s\000c\000r\000i\000p\000t\000i\000o\000n}{section.3.2}% 20
\BOOKMARK [2][-]{subsection.3.2.2}{\376\377\0003\000.\0002\000.\0002\000\040\000C\000o\000n\000s\000t\000r\000u\000c\000t\000o\000r\000\040\000\046\000\040\000D\000e\000s\000t\000r\000u\000c\000t\000o\000r\000\040\000D\000o\000c\000u\000m\000e\000n\000t\000a\000t\000i\000o\000n}{section.3.2}% 21
\BOOKMARK [3][-]{subsubsection.3.2.2.1}{\376\377\0003\000.\0002\000.\0002\000.\0001\000\040\000B\000l\000o\000q\000u\000e\000s\000S\000u\000d\000o\000k\000u\000\050\000\051}{subsection.3.2.2}% 22
\BOOKMARK [2][-]{subsection.3.2.3}{\376\377\0003\000.\0002\000.\0003\000\040\000M\000e\000m\000b\000e\000r\000\040\000F\000u\000n\000c\000t\000i\000o\000n\000\040\000D\000o\000c\000u\000m\000e\000n\000t\000a\000t\000i\000o\000n}{section.3.2}% 23
\BOOKMARK [3][-]{subsubsection.3.2.3.1}{\376\377\0003\000.\0002\000.\0003\000.\0001\000\040\000a\000n\000i\000a\000d\000i\000r\000B\000l\000o\000q\000u\000e\000\050\000\051}{subsection.3.2.3}% 24
\BOOKMARK [3][-]{subsubsection.3.2.3.2}{\376\377\0003\000.\0002\000.\0003\000.\0002\000\040\000e\000l\000i\000m\000i\000n\000a\000r\000B\000l\000o\000q\000u\000e\000\050\000\051}{subsection.3.2.3}% 25
\BOOKMARK [3][-]{subsubsection.3.2.3.3}{\376\377\0003\000.\0002\000.\0003\000.\0003\000\040\000g\000e\000t\000B\000l\000o\000q\000u\000e\000s\000S\000u\000d\000o\000k\000u\000\050\000\051}{subsection.3.2.3}% 26
\BOOKMARK [3][-]{subsubsection.3.2.3.4}{\376\377\0003\000.\0002\000.\0003\000.\0004\000\040\000s\000e\000t\000B\000l\000o\000q\000u\000e\000s\000S\000u\000d\000o\000k\000u\000\050\000\051\000\040\000[\0001\000/\0002\000]}{subsection.3.2.3}% 27
\BOOKMARK [3][-]{subsubsection.3.2.3.5}{\376\377\0003\000.\0002\000.\0003\000.\0005\000\040\000s\000e\000t\000B\000l\000o\000q\000u\000e\000s\000S\000u\000d\000o\000k\000u\000\050\000\051\000\040\000[\0002\000/\0002\000]}{subsection.3.2.3}% 28
\BOOKMARK [3][-]{subsubsection.3.2.3.6}{\376\377\0003\000.\0002\000.\0003\000.\0006\000\040\000s\000u\000m\000a\000B\000l\000o\000q\000u\000e\000s\000\050\000\051}{subsection.3.2.3}% 29
\BOOKMARK [1][-]{section.3.3}{\376\377\0003\000.\0003\000\040\000C\000a\000s\000i\000l\000l\000a\000\040\000C\000l\000a\000s\000s\000\040\000R\000e\000f\000e\000r\000e\000n\000c\000e}{chapter.3}% 30
\BOOKMARK [2][-]{subsection.3.3.1}{\376\377\0003\000.\0003\000.\0001\000\040\000D\000e\000t\000a\000i\000l\000e\000d\000\040\000D\000e\000s\000c\000r\000i\000p\000t\000i\000o\000n}{section.3.3}% 31
\BOOKMARK [2][-]{subsection.3.3.2}{\376\377\0003\000.\0003\000.\0002\000\040\000C\000o\000n\000s\000t\000r\000u\000c\000t\000o\000r\000\040\000\046\000\040\000D\000e\000s\000t\000r\000u\000c\000t\000o\000r\000\040\000D\000o\000c\000u\000m\000e\000n\000t\000a\000t\000i\000o\000n}{section.3.3}% 32
\BOOKMARK [3][-]{subsubsection.3.3.2.1}{\376\377\0003\000.\0003\000.\0002\000.\0001\000\040\000C\000a\000s\000i\000l\000l\000a\000\050\000\051\000\040\000[\0001\000/\0002\000]}{subsection.3.3.2}% 33
\BOOKMARK [3][-]{subsubsection.3.3.2.2}{\376\377\0003\000.\0003\000.\0002\000.\0002\000\040\000C\000a\000s\000i\000l\000l\000a\000\050\000\051\000\040\000[\0002\000/\0002\000]}{subsection.3.3.2}% 34
\BOOKMARK [2][-]{subsection.3.3.3}{\376\377\0003\000.\0003\000.\0003\000\040\000M\000e\000m\000b\000e\000r\000\040\000F\000u\000n\000c\000t\000i\000o\000n\000\040\000D\000o\000c\000u\000m\000e\000n\000t\000a\000t\000i\000o\000n}{section.3.3}% 35
\BOOKMARK [3][-]{subsubsection.3.3.3.1}{\376\377\0003\000.\0003\000.\0003\000.\0001\000\040\000g\000e\000t\000C\000o\000l\000u\000m\000n\000a\000\050\000\051}{subsection.3.3.3}% 36
\BOOKMARK [3][-]{subsubsection.3.3.3.2}{\376\377\0003\000.\0003\000.\0003\000.\0002\000\040\000g\000e\000t\000F\000i\000l\000a\000\050\000\051}{subsection.3.3.3}% 37
\BOOKMARK [3][-]{subsubsection.3.3.3.3}{\376\377\0003\000.\0003\000.\0003\000.\0003\000\040\000g\000e\000t\000V\000a\000l\000o\000r\000\050\000\051}{subsection.3.3.3}% 38
\BOOKMARK [3][-]{subsubsection.3.3.3.4}{\376\377\0003\000.\0003\000.\0003\000.\0004\000\040\000i\000s\000E\000m\000p\000t\000y\000\050\000\051}{subsection.3.3.3}% 39
\BOOKMARK [3][-]{subsubsection.3.3.3.5}{\376\377\0003\000.\0003\000.\0003\000.\0005\000\040\000s\000e\000t\000C\000a\000s\000i\000l\000l\000a\000\050\000\051}{subsection.3.3.3}% 40
\BOOKMARK [3][-]{subsubsection.3.3.3.6}{\376\377\0003\000.\0003\000.\0003\000.\0006\000\040\000s\000e\000t\000C\000o\000l\000u\000m\000n\000a\000\050\000\051}{subsection.3.3.3}% 41
\BOOKMARK [3][-]{subsubsection.3.3.3.7}{\376\377\0003\000.\0003\000.\0003\000.\0007\000\040\000s\000e\000t\000F\000i\000l\000a\000\050\000\051}{subsection.3.3.3}% 42
\BOOKMARK [3][-]{subsubsection.3.3.3.8}{\376\377\0003\000.\0003\000.\0003\000.\0008\000\040\000s\000e\000t\000P\000o\000s\000i\000c\000i\000o\000n\000\050\000\051}{subsection.3.3.3}% 43
\BOOKMARK [3][-]{subsubsection.3.3.3.9}{\376\377\0003\000.\0003\000.\0003\000.\0009\000\040\000s\000e\000t\000V\000a\000l\000o\000r\000\050\000\051}{subsection.3.3.3}% 44
\BOOKMARK [3][-]{subsubsection.3.3.3.10}{\376\377\0003\000.\0003\000.\0003\000.\0001\0000\000\040\000t\000o\000\137\000s\000t\000r\000i\000n\000g\000\050\000\051}{subsection.3.3.3}% 45
\BOOKMARK [1][-]{section.3.4}{\376\377\0003\000.\0004\000\040\000M\000a\000t\000r\000i\000z\000<\000\040\000M\000\040\000>\000\040\000C\000l\000a\000s\000s\000\040\000T\000e\000m\000p\000l\000a\000t\000e\000\040\000R\000e\000f\000e\000r\000e\000n\000c\000e}{chapter.3}% 46
\BOOKMARK [2][-]{subsection.3.4.1}{\376\377\0003\000.\0004\000.\0001\000\040\000D\000e\000t\000a\000i\000l\000e\000d\000\040\000D\000e\000s\000c\000r\000i\000p\000t\000i\000o\000n}{section.3.4}% 47
\BOOKMARK [2][-]{subsection.3.4.2}{\376\377\0003\000.\0004\000.\0002\000\040\000C\000o\000n\000s\000t\000r\000u\000c\000t\000o\000r\000\040\000\046\000\040\000D\000e\000s\000t\000r\000u\000c\000t\000o\000r\000\040\000D\000o\000c\000u\000m\000e\000n\000t\000a\000t\000i\000o\000n}{section.3.4}% 48
\BOOKMARK [3][-]{subsubsection.3.4.2.1}{\376\377\0003\000.\0004\000.\0002\000.\0001\000\040\000M\000a\000t\000r\000i\000z\000\050\000\051}{subsection.3.4.2}% 49
\BOOKMARK [2][-]{subsection.3.4.3}{\376\377\0003\000.\0004\000.\0003\000\040\000M\000e\000m\000b\000e\000r\000\040\000F\000u\000n\000c\000t\000i\000o\000n\000\040\000D\000o\000c\000u\000m\000e\000n\000t\000a\000t\000i\000o\000n}{section.3.4}% 50
\BOOKMARK [3][-]{subsubsection.3.4.3.1}{\376\377\0003\000.\0004\000.\0003\000.\0001\000\040\000e\000l\000i\000m\000i\000n\000a\000r\000V\000a\000l\000o\000r\000\050\000\051}{subsection.3.4.3}% 51
\BOOKMARK [3][-]{subsubsection.3.4.3.2}{\376\377\0003\000.\0004\000.\0003\000.\0002\000\040\000g\000e\000t\000C\000a\000s\000i\000l\000l\000a\000\050\000\051}{subsection.3.4.3}% 52
\BOOKMARK [3][-]{subsubsection.3.4.3.3}{\376\377\0003\000.\0004\000.\0003\000.\0003\000\040\000g\000e\000t\000C\000o\000l\000u\000m\000n\000a\000\050\000\051}{subsection.3.4.3}% 53
\BOOKMARK [3][-]{subsubsection.3.4.3.4}{\376\377\0003\000.\0004\000.\0003\000.\0004\000\040\000g\000e\000t\000F\000i\000l\000a\000\050\000\051}{subsection.3.4.3}% 54
\BOOKMARK [3][-]{subsubsection.3.4.3.5}{\376\377\0003\000.\0004\000.\0003\000.\0005\000\040\000i\000n\000s\000e\000r\000t\000a\000r\000V\000a\000l\000o\000r\000\050\000\051}{subsection.3.4.3}% 55
\BOOKMARK [1][-]{section.3.5}{\376\377\0003\000.\0005\000\040\000R\000e\000s\000o\000l\000v\000e\000r\000S\000u\000d\000o\000k\000u\000K\000i\000l\000l\000e\000r\000\040\000C\000l\000a\000s\000s\000\040\000R\000e\000f\000e\000r\000e\000n\000c\000e}{chapter.3}% 56
\BOOKMARK [2][-]{subsection.3.5.1}{\376\377\0003\000.\0005\000.\0001\000\040\000D\000e\000t\000a\000i\000l\000e\000d\000\040\000D\000e\000s\000c\000r\000i\000p\000t\000i\000o\000n}{section.3.5}% 57
\BOOKMARK [2][-]{subsection.3.5.2}{\376\377\0003\000.\0005\000.\0002\000\040\000M\000e\000m\000b\000e\000r\000\040\000F\000u\000n\000c\000t\000i\000o\000n\000\040\000D\000o\000c\000u\000m\000e\000n\000t\000a\000t\000i\000o\000n}{section.3.5}% 58
\BOOKMARK [3][-]{subsubsection.3.5.2.1}{\376\377\0003\000.\0005\000.\0002\000.\0001\000\040\000D\000e\000s\000c\000a\000r\000t\000a\000S\000e\000c\000u\000e\000n\000c\000i\000a\000s\000\050\000\051}{subsection.3.5.2}% 59
\BOOKMARK [3][-]{subsubsection.3.5.2.2}{\376\377\0003\000.\0005\000.\0002\000.\0002\000\040\000R\000e\000s\000u\000e\000l\000v\000e\000S\000u\000d\000o\000k\000u\000\050\000\051}{subsection.3.5.2}% 60
\BOOKMARK [3][-]{subsubsection.3.5.2.3}{\376\377\0003\000.\0005\000.\0002\000.\0003\000\040\000S\000e\000c\000u\000e\000n\000c\000i\000a\000B\000l\000o\000q\000u\000e\000K\000i\000l\000l\000e\000r\000\050\000\051}{subsection.3.5.2}% 61
\BOOKMARK [3][-]{subsubsection.3.5.2.4}{\376\377\0003\000.\0005\000.\0002\000.\0004\000\040\000S\000e\000c\000u\000e\000n\000c\000i\000a\000C\000a\000j\000a\000\050\000\051}{subsection.3.5.2}% 62
\BOOKMARK [3][-]{subsubsection.3.5.2.5}{\376\377\0003\000.\0005\000.\0002\000.\0005\000\040\000S\000e\000c\000u\000e\000n\000c\000i\000a\000s\000P\000o\000s\000i\000b\000l\000e\000s\000\050\000\051}{subsection.3.5.2}% 63
\BOOKMARK [1][-]{section.3.6}{\376\377\0003\000.\0006\000\040\000S\000u\000d\000o\000k\000u\000\040\000C\000l\000a\000s\000s\000\040\000R\000e\000f\000e\000r\000e\000n\000c\000e}{chapter.3}% 64
\BOOKMARK [2][-]{subsection.3.6.1}{\376\377\0003\000.\0006\000.\0001\000\040\000D\000e\000t\000a\000i\000l\000e\000d\000\040\000D\000e\000s\000c\000r\000i\000p\000t\000i\000o\000n}{section.3.6}% 65
\BOOKMARK [2][-]{subsection.3.6.2}{\376\377\0003\000.\0006\000.\0002\000\040\000C\000o\000n\000s\000t\000r\000u\000c\000t\000o\000r\000\040\000\046\000\040\000D\000e\000s\000t\000r\000u\000c\000t\000o\000r\000\040\000D\000o\000c\000u\000m\000e\000n\000t\000a\000t\000i\000o\000n}{section.3.6}% 66
\BOOKMARK [3][-]{subsubsection.3.6.2.1}{\376\377\0003\000.\0006\000.\0002\000.\0001\000\040\000S\000u\000d\000o\000k\000u\000\050\000\051}{subsection.3.6.2}% 67
\BOOKMARK [2][-]{subsection.3.6.3}{\376\377\0003\000.\0006\000.\0003\000\040\000M\000e\000m\000b\000e\000r\000\040\000F\000u\000n\000c\000t\000i\000o\000n\000\040\000D\000o\000c\000u\000m\000e\000n\000t\000a\000t\000i\000o\000n}{section.3.6}% 68
\BOOKMARK [3][-]{subsubsection.3.6.3.1}{\376\377\0003\000.\0006\000.\0003\000.\0001\000\040\000G\000e\000n\000e\000r\000a\000r\000S\000u\000d\000o\000k\000u\000\050\000\051}{subsection.3.6.3}% 69
\BOOKMARK [3][-]{subsubsection.3.6.3.2}{\376\377\0003\000.\0006\000.\0003\000.\0002\000\040\000g\000e\000t\000S\000u\000d\000o\000k\000u\000\050\000\051}{subsection.3.6.3}% 70
\BOOKMARK [3][-]{subsubsection.3.6.3.3}{\376\377\0003\000.\0006\000.\0003\000.\0003\000\040\000g\000e\000t\000V\000a\000l\000o\000r\000C\000a\000s\000i\000l\000l\000a\000\050\000\051}{subsection.3.6.3}% 71
\BOOKMARK [1][-]{section.3.7}{\376\377\0003\000.\0007\000\040\000S\000u\000d\000o\000k\000u\000K\000i\000l\000l\000e\000r\000\040\000C\000l\000a\000s\000s\000\040\000R\000e\000f\000e\000r\000e\000n\000c\000e}{chapter.3}% 72
\BOOKMARK [2][-]{subsection.3.7.1}{\376\377\0003\000.\0007\000.\0001\000\040\000D\000e\000t\000a\000i\000l\000e\000d\000\040\000D\000e\000s\000c\000r\000i\000p\000t\000i\000o\000n}{section.3.7}% 73
\BOOKMARK [2][-]{subsection.3.7.2}{\376\377\0003\000.\0007\000.\0002\000\040\000C\000o\000n\000s\000t\000r\000u\000c\000t\000o\000r\000\040\000\046\000\040\000D\000e\000s\000t\000r\000u\000c\000t\000o\000r\000\040\000D\000o\000c\000u\000m\000e\000n\000t\000a\000t\000i\000o\000n}{section.3.7}% 74
\BOOKMARK [3][-]{subsubsection.3.7.2.1}{\376\377\0003\000.\0007\000.\0002\000.\0001\000\040\000S\000u\000d\000o\000k\000u\000K\000i\000l\000l\000e\000r\000\050\000\051\000\040\000[\0001\000/\0002\000]}{subsection.3.7.2}% 75
\BOOKMARK [3][-]{subsubsection.3.7.2.2}{\376\377\0003\000.\0007\000.\0002\000.\0002\000\040\000S\000u\000d\000o\000k\000u\000K\000i\000l\000l\000e\000r\000\050\000\051\000\040\000[\0002\000/\0002\000]}{subsection.3.7.2}% 76
\BOOKMARK [2][-]{subsection.3.7.3}{\376\377\0003\000.\0007\000.\0003\000\040\000M\000e\000m\000b\000e\000r\000\040\000F\000u\000n\000c\000t\000i\000o\000n\000\040\000D\000o\000c\000u\000m\000e\000n\000t\000a\000t\000i\000o\000n}{section.3.7}% 77
\BOOKMARK [3][-]{subsubsection.3.7.3.1}{\376\377\0003\000.\0007\000.\0003\000.\0001\000\040\000E\000s\000t\000a\000R\000e\000s\000u\000e\000l\000t\000o\000\050\000\051}{subsection.3.7.3}% 78
\BOOKMARK [0][-]{chapter.4}{\376\377\0004\000\040\000F\000i\000l\000e\000\040\000D\000o\000c\000u\000m\000e\000n\000t\000a\000t\000i\000o\000n}{}% 79
\BOOKMARK [1][-]{section.4.1}{\376\377\0004\000.\0001\000\040\000i\000n\000c\000l\000u\000d\000e\000/\000B\000l\000o\000q\000u\000e\000s\000S\000u\000d\000o\000k\000u\000.\000h\000\040\000F\000i\000l\000e\000\040\000R\000e\000f\000e\000r\000e\000n\000c\000e}{chapter.4}% 80
\BOOKMARK [2][-]{subsection.4.1.1}{\376\377\0004\000.\0001\000.\0001\000\040\000D\000e\000t\000a\000i\000l\000e\000d\000\040\000D\000e\000s\000c\000r\000i\000p\000t\000i\000o\000n}{section.4.1}% 81
\BOOKMARK [2][-]{subsection.4.1.2}{\376\377\0004\000.\0001\000.\0002\000\040\000F\000u\000n\000c\000t\000i\000o\000n\000\040\000D\000o\000c\000u\000m\000e\000n\000t\000a\000t\000i\000o\000n}{section.4.1}% 82
\BOOKMARK [3][-]{subsubsection.4.1.2.1}{\376\377\0004\000.\0001\000.\0002\000.\0001\000\040\000e\000s\000M\000i\000s\000m\000o\000B\000l\000o\000q\000u\000e\000\050\000\051}{subsection.4.1.2}% 83
\BOOKMARK [3][-]{subsubsection.4.1.2.2}{\376\377\0004\000.\0001\000.\0002\000.\0002\000\040\000s\000e\000S\000o\000l\000a\000p\000a\000B\000l\000o\000q\000u\000e\000s\000\050\000\051}{subsection.4.1.2}% 84
\BOOKMARK [1][-]{section.4.2}{\376\377\0004\000.\0002\000\040\000B\000l\000o\000q\000u\000e\000s\000S\000u\000d\000o\000k\000u\000.\000h}{chapter.4}% 85
\BOOKMARK [1][-]{section.4.3}{\376\377\0004\000.\0003\000\040\000i\000n\000c\000l\000u\000d\000e\000/\000C\000a\000s\000i\000l\000l\000a\000.\000h\000\040\000F\000i\000l\000e\000\040\000R\000e\000f\000e\000r\000e\000n\000c\000e}{chapter.4}% 86
\BOOKMARK [2][-]{subsection.4.3.1}{\376\377\0004\000.\0003\000.\0001\000\040\000D\000e\000t\000a\000i\000l\000e\000d\000\040\000D\000e\000s\000c\000r\000i\000p\000t\000i\000o\000n}{section.4.3}% 87
\BOOKMARK [2][-]{subsection.4.3.2}{\376\377\0004\000.\0003\000.\0002\000\040\000F\000u\000n\000c\000t\000i\000o\000n\000\040\000D\000o\000c\000u\000m\000e\000n\000t\000a\000t\000i\000o\000n}{section.4.3}% 88
\BOOKMARK [3][-]{subsubsection.4.3.2.1}{\376\377\0004\000.\0003\000.\0002\000.\0001\000\040\000m\000i\000s\000m\000a\000C\000a\000s\000i\000l\000l\000a\000\050\000\051}{subsection.4.3.2}% 89
\BOOKMARK [1][-]{section.4.4}{\376\377\0004\000.\0004\000\040\000C\000a\000s\000i\000l\000l\000a\000.\000h}{chapter.4}% 90
\BOOKMARK [1][-]{section.4.5}{\376\377\0004\000.\0005\000\040\000i\000n\000c\000l\000u\000d\000e\000/\000M\000a\000t\000r\000i\000z\000.\000h\000\040\000F\000i\000l\000e\000\040\000R\000e\000f\000e\000r\000e\000n\000c\000e}{chapter.4}% 91
\BOOKMARK [2][-]{subsection.4.5.1}{\376\377\0004\000.\0005\000.\0001\000\040\000D\000e\000t\000a\000i\000l\000e\000d\000\040\000D\000e\000s\000c\000r\000i\000p\000t\000i\000o\000n}{section.4.5}% 92
\BOOKMARK [1][-]{section.4.6}{\376\377\0004\000.\0006\000\040\000M\000a\000t\000r\000i\000z\000.\000h}{chapter.4}% 93
\BOOKMARK [1][-]{section.4.7}{\376\377\0004\000.\0007\000\040\000i\000n\000c\000l\000u\000d\000e\000/\000R\000e\000s\000o\000l\000v\000e\000r\000S\000u\000d\000o\000k\000u\000K\000i\000l\000l\000e\000r\000.\000h\000\040\000F\000i\000l\000e\000\040\000R\000e\000f\000e\000r\000e\000n\000c\000e}{chapter.4}% 94
\BOOKMARK [2][-]{subsection.4.7.1}{\376\377\0004\000.\0007\000.\0001\000\040\000D\000e\000t\000a\000i\000l\000e\000d\000\040\000D\000e\000s\000c\000r\000i\000p\000t\000i\000o\000n}{section.4.7}% 95
\BOOKMARK [1][-]{section.4.8}{\376\377\0004\000.\0008\000\040\000R\000e\000s\000o\000l\000v\000e\000r\000S\000u\000d\000o\000k\000u\000K\000i\000l\000l\000e\000r\000.\000h}{chapter.4}% 96
\BOOKMARK [1][-]{section.4.9}{\376\377\0004\000.\0009\000\040\000i\000n\000c\000l\000u\000d\000e\000/\000S\000u\000d\000o\000k\000u\000K\000i\000l\000l\000e\000r\000.\000h\000\040\000F\000i\000l\000e\000\040\000R\000e\000f\000e\000r\000e\000n\000c\000e}{chapter.4}% 97
\BOOKMARK [2][-]{subsection.4.9.1}{\376\377\0004\000.\0009\000.\0001\000\040\000D\000e\000t\000a\000i\000l\000e\000d\000\040\000D\000e\000s\000c\000r\000i\000p\000t\000i\000o\000n}{section.4.9}% 98
\BOOKMARK [2][-]{subsection.4.9.2}{\376\377\0004\000.\0009\000.\0002\000\040\000F\000u\000n\000c\000t\000i\000o\000n\000\040\000D\000o\000c\000u\000m\000e\000n\000t\000a\000t\000i\000o\000n}{section.4.9}% 99
\BOOKMARK [3][-]{subsubsection.4.9.2.1}{\376\377\0004\000.\0009\000.\0002\000.\0001\000\040\000B\000l\000o\000q\000u\000e\000s\000V\000a\000l\000i\000d\000o\000\050\000\051}{subsection.4.9.2}% 100
\BOOKMARK [3][-]{subsubsection.4.9.2.2}{\376\377\0004\000.\0009\000.\0002\000.\0002\000\040\000S\000u\000d\000o\000k\000u\000K\000i\000l\000l\000e\000r\000V\000a\000l\000i\000d\000o\000\050\000\051}{subsection.4.9.2}% 101
\BOOKMARK [3][-]{subsubsection.4.9.2.3}{\376\377\0004\000.\0009\000.\0002\000.\0003\000\040\000S\000u\000d\000o\000k\000u\000V\000a\000l\000i\000d\000o\000\050\000\051}{subsection.4.9.2}% 102
\BOOKMARK [1][-]{section.4.10}{\376\377\0004\000.\0001\0000\000\040\000S\000u\000d\000o\000k\000u\000K\000i\000l\000l\000e\000r\000.\000h}{chapter.4}% 103
\BOOKMARK [1][-]{section.4.11}{\376\377\0004\000.\0001\0001\000\040\000s\000r\000c\000/\000m\000a\000i\000n\000.\000c\000p\000p\000\040\000F\000i\000l\000e\000\040\000R\000e\000f\000e\000r\000e\000n\000c\000e}{chapter.4}% 104
\BOOKMARK [2][-]{subsection.4.11.1}{\376\377\0004\000.\0001\0001\000.\0001\000\040\000D\000e\000t\000a\000i\000l\000e\000d\000\040\000D\000e\000s\000c\000r\000i\000p\000t\000i\000o\000n}{section.4.11}% 105
\BOOKMARK [2][-]{subsection.4.11.2}{\376\377\0004\000.\0001\0001\000.\0002\000\040\000F\000u\000n\000c\000t\000i\000o\000n\000\040\000D\000o\000c\000u\000m\000e\000n\000t\000a\000t\000i\000o\000n}{section.4.11}% 106
\BOOKMARK [3][-]{subsubsection.4.11.2.1}{\376\377\0004\000.\0001\0001\000.\0002\000.\0001\000\040\000m\000a\000i\000n\000\050\000\051}{subsection.4.11.2}% 107
\BOOKMARK [0][-]{section*.19}{\376\377\000I\000n\000d\000e\000x}{}% 108
