This is pdfTeX, Version 3.141592653-2.6-1.40.23 (TeX Live 2021/W32TeX) (preloaded format=pdflatex 2022.4.1)  17 APR 2022 20:17
entering extended mode
 restricted \write18 enabled.
 file:line:error style messages enabled.
 %&-line parsing enabled.
**d:/pablo/Documentos/GII/Segundo/FIS/FIS-Practicas/P2_2/practica2.tex
(d:/pablo/Documentos/GII/Segundo/FIS/FIS-Practicas/P2_2/practica2.tex
LaTeX2e <2021-11-15> patch level 1
L3 programming layer <2022-02-24> (c:/texlive/2021/texmf-dist/tex/latex/base/article.cls
Document Class: article 2021/10/04 v1.4n Standard LaTeX document class
(c:/texlive/2021/texmf-dist/tex/latex/base/size12.clo
File: size12.clo 2021/10/04 v1.4n Standard LaTeX file (size option)
)
\c@part=\count185
\c@section=\count186
\c@subsection=\count187
\c@subsubsection=\count188
\c@paragraph=\count189
\c@subparagraph=\count190
\c@figure=\count191
\c@table=\count192
\abovecaptionskip=\skip47
\belowcaptionskip=\skip48
\bibindent=\dimen138
) (c:/texlive/2021/texmf-dist/tex/generic/babel/babel.sty
Package: babel 2022/02/26 3.73 The Babel package
\babel@savecnt=\count193
\U@D=\dimen139
\l@unhyphenated=\language87
 (c:/texlive/2021/texmf-dist/tex/generic/babel/txtbabel.def)
\bbl@readstream=\read2
\bbl@dirlevel=\count194
 (c:/texlive/2021/texmf-dist/tex/generic/babel-spanish/spanish.ldf
Language: spanish.ldf 2021/05/27 v5.0q Spanish support from the babel system
\es@quottoks=\toks16
\es@quotdepth=\count195
Package babel Info: Making " an active character on input line 570.
Package babel Info: Making . an active character on input line 675.
Package babel Info: Making < an active character on input line 722.
Package babel Info: Making > an active character on input line 722.
))
LaTeX Info: Redefining \. on input line 3.
LaTeX Info: Redefining \% on input line 3.
 (c:/texlive/2021/texmf-dist/tex/latex/natbib/natbib.sty
Package: natbib 2010/09/13 8.31b (PWD, AO)
\bibhang=\skip49
\bibsep=\skip50
LaTeX Info: Redefining \cite on input line 694.
\c@NAT@ctr=\count196
) (c:/texlive/2021/texmf-dist/tex/latex/url/url.sty
\Urlmuskip=\muskip16
Package: url 2013/09/16  ver 3.4  Verb mode for urls, etc.
) (c:/texlive/2021/texmf-dist/tex/latex/base/inputenc.sty
Package: inputenc 2021/02/14 v1.3d Input encoding file
\inpenc@prehook=\toks17
\inpenc@posthook=\toks18
 (c:/texlive/2021/texmf-dist/tex/latex/ucs/utf8x.def
File: utf8x.def 2004/10/17 UCS: Input encoding UTF-8
)) (c:/texlive/2021/texmf-dist/tex/latex/ucs/ucs.sty
Package: ucs 2013/05/11 v2.2 UCS: Unicode input support
 (c:/texlive/2021/texmf-dist/tex/latex/ucs/data/uni-global.def
File: uni-global.def 2013/05/13 UCS: Unicode global data
)
\uc@secondtry=\count197
\uc@combtoks=\toks19
\uc@combtoksb=\toks20
\uc@temptokena=\toks21
) (c:/texlive/2021/texmf-dist/tex/latex/graphics/graphicx.sty
Package: graphicx 2021/09/16 v1.2d Enhanced LaTeX Graphics (DPC,SPQR)
 (c:/texlive/2021/texmf-dist/tex/latex/graphics/keyval.sty
Package: keyval 2014/10/28 v1.15 key=value parser (DPC)
\KV@toks@=\toks22
) (c:/texlive/2021/texmf-dist/tex/latex/graphics/graphics.sty
Package: graphics 2021/03/04 v1.4d Standard LaTeX Graphics (DPC,SPQR)
 (c:/texlive/2021/texmf-dist/tex/latex/graphics/trig.sty
Package: trig 2021/08/11 v1.11 sin cos tan (DPC)
) (c:/texlive/2021/texmf-dist/tex/latex/graphics-cfg/graphics.cfg
File: graphics.cfg 2016/06/04 v1.11 sample graphics configuration
)
Package graphics Info: Driver file: pdftex.def on input line 107.
 (c:/texlive/2021/texmf-dist/tex/latex/graphics-def/pdftex.def
File: pdftex.def 2020/10/05 v1.2a Graphics/color driver for pdftex
))
\Gin@req@height=\dimen140
\Gin@req@width=\dimen141
) (c:/texlive/2021/texmf-dist/tex/latex/tools/array.sty
Package: array 2021/10/04 v2.5f Tabular extension package (FMi)
\col@sep=\dimen142
\ar@mcellbox=\box50
\extrarowheight=\dimen143
\NC@list=\toks23
\extratabsurround=\skip51
\backup@length=\skip52
\ar@cellbox=\box51
) (c:/texlive/2021/texmf-dist/tex/latex/tools/longtable.sty
Package: longtable 2021-09-01 v4.17 Multi-page Table package (DPC)
\LTleft=\skip53
\LTright=\skip54
\LTpre=\skip55
\LTpost=\skip56
\LTchunksize=\count198
\LTcapwidth=\dimen144
\LT@head=\box52
\LT@firsthead=\box53
\LT@foot=\box54
\LT@lastfoot=\box55
\LT@gbox=\box56
\LT@cols=\count199
\LT@rows=\count266
\c@LT@tables=\count267
\c@LT@chunks=\count268
\LT@p@ftn=\toks24
) (c:/texlive/2021/texmf-dist/tex/latex/parskip/parskip.sty
Package: parskip 2021-03-14 v2.0h non-zero parskip adjustments
 (c:/texlive/2021/texmf-dist/tex/latex/kvoptions/kvoptions.sty
Package: kvoptions 2020-10-07 v3.14 Key value format for package options (HO)
 (c:/texlive/2021/texmf-dist/tex/generic/ltxcmds/ltxcmds.sty
Package: ltxcmds 2020-05-10 v1.25 LaTeX kernel commands for general use (HO)
) (c:/texlive/2021/texmf-dist/tex/generic/kvsetkeys/kvsetkeys.sty
Package: kvsetkeys 2019/12/15 v1.18 Key value parser (HO)
)) (c:/texlive/2021/texmf-dist/tex/latex/etoolbox/etoolbox.sty
Package: etoolbox 2020/10/05 v2.5k e-TeX tools for LaTeX (JAW)
\etb@tempcnta=\count269
)) (c:/texlive/2021/texmf-dist/tex/latex/fancyhdr/fancyhdr.sty
Package: fancyhdr 2021/01/28 v4.0.1 Extensive control of page headers and footers
\f@nch@headwidth=\skip57
\f@nch@O@elh=\skip58
\f@nch@O@erh=\skip59
\f@nch@O@olh=\skip60
\f@nch@O@orh=\skip61
\f@nch@O@elf=\skip62
\f@nch@O@erf=\skip63
\f@nch@O@olf=\skip64
\f@nch@O@orf=\skip65
) (c:/texlive/2021/texmf-dist/tex/latex/vmargin/vmargin.sty
Package: vmargin 2004/07/15 V2.5 set document margins (VK)

Package: vmargin 2004/07/15 V2.5 set document margins (VK)
\PaperWidth=\dimen145
\PaperHeight=\dimen146
) (c:/texlive/2021/texmf-dist/tex/latex/listings/listings.sty
\lst@mode=\count270
\lst@gtempboxa=\box57
\lst@token=\toks25
\lst@length=\count271
\lst@currlwidth=\dimen147
\lst@column=\count272
\lst@pos=\count273
\lst@lostspace=\dimen148
\lst@width=\dimen149
\lst@newlines=\count274
\lst@lineno=\count275
\lst@maxwidth=\dimen150
 (c:/texlive/2021/texmf-dist/tex/latex/listings/lstmisc.sty
File: lstmisc.sty 2020/03/24 1.8d (Carsten Heinz)
\c@lstnumber=\count276
\lst@skipnumbers=\count277
\lst@framebox=\box58
) (c:/texlive/2021/texmf-dist/tex/latex/listings/listings.cfg
File: listings.cfg 2020/03/24 1.8d listings configuration
))
Package: listings 2020/03/24 1.8d (Carsten Heinz)
 (c:/texlive/2021/texmf-dist/tex/latex/adjustbox/adjustbox.sty
Package: adjustbox 2020/08/19 v1.3 Adjusting TeX boxes (trim, clip, ...)
 (c:/texlive/2021/texmf-dist/tex/latex/xkeyval/xkeyval.sty
Package: xkeyval 2020/11/20 v2.8 package option processing (HA)
 (c:/texlive/2021/texmf-dist/tex/generic/xkeyval/xkeyval.tex (c:/texlive/2021/texmf-dist/tex/generic/xkeyval/xkvutils.tex
\XKV@toks=\toks26
\XKV@tempa@toks=\toks27
)
\XKV@depth=\count278
File: xkeyval.tex 2014/12/03 v2.7a key=value parser (HA)
)) (c:/texlive/2021/texmf-dist/tex/latex/adjustbox/adjcalc.sty
Package: adjcalc 2012/05/16 v1.1 Provides advanced setlength with multiple back-ends (calc, etex, pgfmath)
) (c:/texlive/2021/texmf-dist/tex/latex/adjustbox/trimclip.sty
Package: trimclip 2020/08/19 v1.2 Trim and clip general TeX material
 (c:/texlive/2021/texmf-dist/tex/latex/collectbox/collectbox.sty
Package: collectbox 2012/05/17 v0.4b Collect macro arguments as boxes
\collectedbox=\box59
)
\tc@llx=\dimen151
\tc@lly=\dimen152
\tc@urx=\dimen153
\tc@ury=\dimen154
Package trimclip Info: Using driver 'tc-pdftex.def'.
 (c:/texlive/2021/texmf-dist/tex/latex/adjustbox/tc-pdftex.def
File: tc-pdftex.def 2019/01/04 v2.2 Clipping driver for pdftex
))
\adjbox@Width=\dimen155
\adjbox@Height=\dimen156
\adjbox@Depth=\dimen157
\adjbox@Totalheight=\dimen158
\adjbox@pwidth=\dimen159
\adjbox@pheight=\dimen160
\adjbox@pdepth=\dimen161
\adjbox@ptotalheight=\dimen162
 (c:/texlive/2021/texmf-dist/tex/latex/ifoddpage/ifoddpage.sty
Package: ifoddpage 2016/04/23 v1.1 Conditionals for odd/even page detection
\c@checkoddpage=\count279
) (c:/texlive/2021/texmf-dist/tex/latex/varwidth/varwidth.sty
Package: varwidth 2009/03/30 ver 0.92;  Variable-width minipages
\@vwid@box=\box60
\sift@deathcycles=\count280
\@vwid@loff=\dimen163
\@vwid@roff=\dimen164
)) (c:/texlive/2021/texmf-dist/tex/latex/enumitem/enumitem.sty
Package: enumitem 2019/06/20 v3.9 Customized lists
\labelindent=\skip66
\enit@outerparindent=\dimen165
\enit@toks=\toks28
\enit@inbox=\box61
\enit@count@id=\count281
\enitdp@description=\count282
) (c:/texlive/2021/texmf-dist/tex/latex/sourcesanspro/sourcesanspro.sty
Package: sourcesanspro 2018/05/19 v2.7 Adobe's Source Sans Pro typeface
 (c:/texlive/2021/texmf-dist/tex/generic/iftex/ifxetex.sty
Package: ifxetex 2019/10/25 v0.7 ifxetex legacy package. Use iftex instead.
 (c:/texlive/2021/texmf-dist/tex/generic/iftex/iftex.sty
Package: iftex 2022/02/03 v1.0f TeX engine tests
)) (c:/texlive/2021/texmf-dist/tex/generic/iftex/ifluatex.sty
Package: ifluatex 2019/10/25 v1.5 ifluatex legacy package. Use iftex instead.
) (c:/texlive/2021/texmf-dist/tex/latex/base/fontenc.sty
Package: fontenc 2021/04/29 v2.0v Standard LaTeX package
 (c:/texlive/2021/texmf-dist/tex/latex/ly1/ly1enc.def
File: ly1enc.def 2009/07/22 v0.7 TeX 'n ANSI encoding (DPC/KB)
)))
LaTeX Font Info:    Trying to load font information for T1+SourceSansPro-TLF on input line 57.
 (c:/texlive/2021/texmf-dist/tex/latex/sourcesanspro/T1SourceSansPro-TLF.fd
File: T1SourceSansPro-TLF.fd 2020/01/19 (autoinst) Font definitions for T1/SourceSansPro-TLF.
)
LaTeX Font Info:    Font shape `T1/SourceSansPro-TLF/m/n' aliased to
(Font)              `T1/SourceSansPro-TLF/regular/n' on input line 57.
LaTeX Font Info:    Font shape `T1/SourceSansPro-TLF/regular/n' will be
(Font)              scaled to size 12.0pt on input line 57.
 (c:/texlive/2021/texmf-dist/tex/latex/l3backend/l3backend-pdftex.def
File: l3backend-pdftex.def 2022-02-07 L3 backend support: PDF output (pdfTeX)
\l__color_backend_stack_int=\count283
\l__pdf_internal_box=\box62
) (./practica2.aux
LaTeX Info: Redefining \. on input line 8.
LaTeX Info: Redefining \% on input line 8.
LaTeX Info: Redefining \. on input line 10.
LaTeX Info: Redefining \% on input line 10.
)
\openout1 = `practica2.aux'.

LaTeX Font Info:    Checking defaults for OML/cmm/m/it on input line 57.
LaTeX Font Info:    ... okay on input line 57.
LaTeX Font Info:    Checking defaults for OMS/cmsy/m/n on input line 57.
LaTeX Font Info:    ... okay on input line 57.
LaTeX Font Info:    Checking defaults for OT1/cmr/m/n on input line 57.
LaTeX Font Info:    ... okay on input line 57.
LaTeX Font Info:    Checking defaults for T1/cmr/m/n on input line 57.
LaTeX Font Info:    ... okay on input line 57.
LaTeX Font Info:    Checking defaults for TS1/cmr/m/n on input line 57.
LaTeX Font Info:    ... okay on input line 57.
LaTeX Font Info:    Checking defaults for OMX/cmex/m/n on input line 57.
LaTeX Font Info:    ... okay on input line 57.
LaTeX Font Info:    Checking defaults for U/cmr/m/n on input line 57.
LaTeX Font Info:    ... okay on input line 57.
LaTeX Font Info:    Checking defaults for LY1/ptm/m/n on input line 57.
LaTeX Font Info:    Trying to load font information for LY1+ptm on input line 57.
 (c:/texlive/2021/texmf-dist/tex/latex/ly1/ly1ptm.fd
File: ly1ptm.fd 2001/02/01 font definitions for LY1/ptm using Berry names.
)
LaTeX Font Info:    ... okay on input line 57.
LaTeX Info: Redefining \. on input line 57.
LaTeX Info: Redefining \% on input line 57.
 (c:/texlive/2021/texmf-dist/tex/latex/ucs/ucsencs.def
File: ucsencs.def 2011/01/21 Fixes to fontencodings LGR, T3
) (c:/texlive/2021/texmf-dist/tex/context/base/mkii/supp-pdf.mkii
[Loading MPS to PDF converter (version 2006.09.02).]
\scratchcounter=\count284
\scratchdimen=\dimen166
\scratchbox=\box63
\nofMPsegments=\count285
\nofMParguments=\count286
\everyMPshowfont=\toks29
\MPscratchCnt=\count287
\MPscratchDim=\dimen167
\MPnumerator=\count288
\makeMPintoPDFobject=\count289
\everyMPtoPDFconversion=\toks30
) (c:/texlive/2021/texmf-dist/tex/latex/epstopdf-pkg/epstopdf-base.sty
Package: epstopdf-base 2020-01-24 v2.11 Base part for package epstopdf
 (c:/texlive/2021/texmf-dist/tex/generic/infwarerr/infwarerr.sty
Package: infwarerr 2019/12/03 v1.5 Providing info/warning/error messages (HO)
) (c:/texlive/2021/texmf-dist/tex/latex/grfext/grfext.sty
Package: grfext 2019/12/03 v1.3 Manage graphics extensions (HO)
 (c:/texlive/2021/texmf-dist/tex/generic/kvdefinekeys/kvdefinekeys.sty
Package: kvdefinekeys 2019-12-19 v1.6 Define keys (HO)
)) (c:/texlive/2021/texmf-dist/tex/generic/pdftexcmds/pdftexcmds.sty
Package: pdftexcmds 2020-06-27 v0.33 Utility functions of pdfTeX for LuaTeX (HO)
Package pdftexcmds Info: \pdf@primitive is available.
Package pdftexcmds Info: \pdf@ifprimitive is available.
Package pdftexcmds Info: \pdfdraftmode found.
)
Package epstopdf-base Info: Redefining graphics rule for `.eps' on input line 485.
Package grfext Info: Graphics extension search list:
(grfext)             [.pdf,.png,.jpg,.mps,.jpeg,.jbig2,.jb2,.PDF,.PNG,.JPG,.JPEG,.JBIG2,.JB2,.eps]
(grfext)             \AppendGraphicsExtensions on input line 504.
 (c:/texlive/2021/texmf-dist/tex/latex/latexconfig/epstopdf-sys.cfg
File: epstopdf-sys.cfg 2010/07/13 v1.3 Configuration of (r)epstopdf for TeX Live
))
\c@lstlisting=\count290
<images//logoUGR.png, id=1, 1284.8pt x 722.7pt>
File: images//logoUGR.png Graphic file (type png)
<use images//logoUGR.png>
Package pdftex.def Info: images//logoUGR.png  used on input line 63.
(pdftex.def)             Requested size: 256.95544pt x 144.53743pt.
LaTeX Font Info:    Font shape `T1/SourceSansPro-TLF/m/sc' aliased to
(Font)              `T1/SourceSansPro-TLF/regular/sc' on input line 65.
LaTeX Font Info:    Font shape `T1/SourceSansPro-TLF/regular/sc' will be
(Font)              scaled to size 12.0pt on input line 65.
LaTeX Font Info:    Font shape `T1/SourceSansPro-TLF/m/sc' aliased to
(Font)              `T1/SourceSansPro-TLF/regular/sc' on input line 65.
LaTeX Font Info:    Font shape `T1/SourceSansPro-TLF/regular/sc' will be
(Font)              scaled to size 14.4pt on input line 65.
 (c:/texlive/2021/texmf-dist/tex/latex/ucs/data/uni-0.def
File: uni-0.def 2013/05/13 UCS: Unicode data U+0000..U+00FF
)
LaTeX Font Info:    Trying to load font information for TS1+SourceSansPro-TLF on input line 65.
 (c:/texlive/2021/texmf-dist/tex/latex/sourcesanspro/TS1SourceSansPro-TLF.fd
File: TS1SourceSansPro-TLF.fd 2020/01/19 (autoinst) Font definitions for TS1/SourceSansPro-TLF.
)

LaTeX Font Warning: Font shape `TS1/SourceSansPro-TLF/m/sc' undefined
(Font)              using `TS1/SourceSansPro-TLF/m/n' instead
(Font)              for symbol `textordmasculine' on input line 65.

LaTeX Font Info:    Font shape `TS1/SourceSansPro-TLF/m/n' aliased to
(Font)              `TS1/SourceSansPro-TLF/regular/n' on input line 65.
LaTeX Font Info:    Font shape `TS1/SourceSansPro-TLF/regular/n' will be
(Font)              scaled to size 14.4pt on input line 65.
LaTeX Font Info:    Font shape `T1/SourceSansPro-TLF/m/n' aliased to
(Font)              `T1/SourceSansPro-TLF/regular/n' on input line 68.
LaTeX Font Info:    Font shape `T1/SourceSansPro-TLF/regular/n' will be
(Font)              scaled to size 24.88pt on input line 68.
LaTeX Font Info:    Font shape `T1/SourceSansPro-TLF/b/n' aliased to
(Font)              `T1/SourceSansPro-TLF/bold/n' on input line 68.
LaTeX Font Info:    Font shape `T1/SourceSansPro-TLF/bold/n' will be
(Font)              scaled to size 24.88pt on input line 68.
[1

{c:/texlive/2021/texmf-var/fonts/map/pdftex/updmap/pdftex.map} <./images//logoUGR.png>]
LaTeX Font Info:    Font shape `T1/SourceSansPro-TLF/m/n' aliased to
(Font)              `T1/SourceSansPro-TLF/regular/n' on input line 83.
LaTeX Font Info:    Font shape `T1/SourceSansPro-TLF/regular/n' will be
(Font)              scaled to size 17.28pt on input line 83.
LaTeX Font Info:    Font shape `T1/SourceSansPro-TLF/b/n' aliased to
(Font)              `T1/SourceSansPro-TLF/bold/n' on input line 83.
LaTeX Font Info:    Font shape `T1/SourceSansPro-TLF/bold/n' will be
(Font)              scaled to size 17.28pt on input line 83.
 (./practica2.toc
LaTeX Info: Redefining \. on input line 1.
LaTeX Info: Redefining \% on input line 1.
LaTeX Info: Redefining \. on input line 2.
LaTeX Info: Redefining \% on input line 2.
LaTeX Font Info:    Font shape `T1/SourceSansPro-TLF/b/n' aliased to
(Font)              `T1/SourceSansPro-TLF/bold/n' on input line 3.
LaTeX Font Info:    Font shape `T1/SourceSansPro-TLF/bold/n' will be
(Font)              scaled to size 12.0pt on input line 3.
)
\tf@toc=\write3
\openout3 = `practica2.toc'.

 [1]
Underfull \hbox (badness 10000) in paragraph at lines 87--88

 []

<images//FIS_P2_p2.png, id=16, 308.65312pt x 877.77937pt>
File: images//FIS_P2_p2.png Graphic file (type png)
<use images//FIS_P2_p2.png>
Package pdftex.def Info: images//FIS_P2_p2.png  used on input line 89.
(pdftex.def)             Requested size: 185.1933pt x 526.67169pt.
<images//casos_de_uso/1.png, id=17, 551.81157pt x 691.83469pt>
File: images//casos_de_uso/1.png Graphic file (type png)
<use images//casos_de_uso/1.png>
Package pdftex.def Info: images//casos_de_uso/1.png  used on input line 95.
(pdftex.def)             Requested size: 386.26547pt x 484.28098pt.
[2 <./images//FIS_P2_p2.png (PNG copy)>] [3 <./images//casos_de_uso/1.png>]
<images//casos_de_uso/2.png, id=25, 549.55313pt x 650.43pt>
File: images//casos_de_uso/2.png Graphic file (type png)
<use images//casos_de_uso/2.png>
Package pdftex.def Info: images//casos_de_uso/2.png  used on input line 97.
(pdftex.def)             Requested size: 384.68457pt x 455.2979pt.
 [4 <./images//casos_de_uso/2.png>]
<images//casos_de_uso/3.png, id=30, 550.30594pt x 595.47469pt>
File: images//casos_de_uso/3.png Graphic file (type png)
<use images//casos_de_uso/3.png>
Package pdftex.def Info: images//casos_de_uso/3.png  used on input line 99.
(pdftex.def)             Requested size: 385.21153pt x 416.82944pt.
 [5 <./images//casos_de_uso/3.png>]
<images//casos_de_uso/4.png, id=35, 550.30594pt x 590.95781pt>
File: images//casos_de_uso/4.png Graphic file (type png)
<use images//casos_de_uso/4.png>
Package pdftex.def Info: images//casos_de_uso/4.png  used on input line 101.
(pdftex.def)             Requested size: 385.21153pt x 413.66765pt.
 [6 <./images//casos_de_uso/4.png>]
<images//casos_de_uso/5.png, id=41, 551.05875pt x 590.95781pt>
File: images//casos_de_uso/5.png Graphic file (type png)
<use images//casos_de_uso/5.png>
Package pdftex.def Info: images//casos_de_uso/5.png  used on input line 103.
(pdftex.def)             Requested size: 385.73848pt x 413.66765pt.
 [7 <./images//casos_de_uso/5.png>]
<images//casos_de_uso/6.png, id=46, 551.05875pt x 621.07031pt>
File: images//casos_de_uso/6.png Graphic file (type png)
<use images//casos_de_uso/6.png>
Package pdftex.def Info: images//casos_de_uso/6.png  used on input line 105.
(pdftex.def)             Requested size: 385.73848pt x 434.74625pt.
 [8 <./images//casos_de_uso/6.png>]
<images//casos_de_uso/7.png, id=51, 551.05875pt x 591.71063pt>
File: images//casos_de_uso/7.png Graphic file (type png)
<use images//casos_de_uso/7.png>
Package pdftex.def Info: images//casos_de_uso/7.png  used on input line 107.
(pdftex.def)             Requested size: 385.73848pt x 414.19461pt.
 [9 <./images//casos_de_uso/7.png>]
<images//casos_de_uso/8.png, id=56, 550.30594pt x 604.50844pt>
File: images//casos_de_uso/8.png Graphic file (type png)
<use images//casos_de_uso/8.png>
Package pdftex.def Info: images//casos_de_uso/8.png  used on input line 109.
(pdftex.def)             Requested size: 385.21153pt x 423.15302pt.
 [10 <./images//casos_de_uso/8.png>]
<images//casos_de_uso/9.png, id=61, 549.55313pt x 625.58719pt>
File: images//casos_de_uso/9.png Graphic file (type png)
<use images//casos_de_uso/9.png>
Package pdftex.def Info: images//casos_de_uso/9.png  used on input line 111.
(pdftex.def)             Requested size: 384.68457pt x 437.90805pt.
 [11 <./images//casos_de_uso/9.png>]
<images//casos_de_uso/10.png, id=66, 550.30594pt x 628.59843pt>
File: images//casos_de_uso/10.png Graphic file (type png)
<use images//casos_de_uso/10.png>
Package pdftex.def Info: images//casos_de_uso/10.png  used on input line 113.
(pdftex.def)             Requested size: 385.21153pt x 440.0159pt.
 [12 <./images//casos_de_uso/10.png>]
<images//casos_de_uso/11.png, id=72, 549.55313pt x 603.75563pt>
File: images//casos_de_uso/11.png Graphic file (type png)
<use images//casos_de_uso/11.png>
Package pdftex.def Info: images//casos_de_uso/11.png  used on input line 115.
(pdftex.def)             Requested size: 384.68457pt x 422.62605pt.
 [13 <./images//casos_de_uso/11.png>]
<images//casos_de_uso/12.png, id=77, 550.30594pt x 650.43pt>
File: images//casos_de_uso/12.png Graphic file (type png)
<use images//casos_de_uso/12.png>
Package pdftex.def Info: images//casos_de_uso/12.png  used on input line 117.
(pdftex.def)             Requested size: 385.21153pt x 455.2979pt.
 [14 <./images//casos_de_uso/12.png>]
<images//casos_de_uso/13.png, id=82, 551.05875pt x 609.02531pt>
File: images//casos_de_uso/13.png Graphic file (type png)
<use images//casos_de_uso/13.png>
Package pdftex.def Info: images//casos_de_uso/13.png  used on input line 119.
(pdftex.def)             Requested size: 385.73848pt x 426.3148pt.
 [15 <./images//casos_de_uso/13.png>]
<images//casos_de_uso/14.png, id=87, 549.55313pt x 552.56438pt>
File: images//casos_de_uso/14.png Graphic file (type png)
<use images//casos_de_uso/14.png>
Package pdftex.def Info: images//casos_de_uso/14.png  used on input line 121.
(pdftex.def)             Requested size: 384.68457pt x 386.79242pt.
 [16 <./images//casos_de_uso/14.png>]
<images//casos_de_uso/15.png, id=92, 550.30594pt x 567.62062pt>
File: images//casos_de_uso/15.png Graphic file (type png)
<use images//casos_de_uso/15.png>
Package pdftex.def Info: images//casos_de_uso/15.png  used on input line 123.
(pdftex.def)             Requested size: 385.21153pt x 397.33171pt.
 [17 <./images//casos_de_uso/15.png>]
<images//casos_de_uso/16.png, id=97, 551.05875pt x 581.17125pt>
File: images//casos_de_uso/16.png Graphic file (type png)
<use images//casos_de_uso/16.png>
Package pdftex.def Info: images//casos_de_uso/16.png  used on input line 125.
(pdftex.def)             Requested size: 385.73848pt x 406.8171pt.
 [18 <./images//casos_de_uso/16.png>]
<images//casos_de_uso/17.png, id=103, 548.0475pt x 578.16pt>
File: images//casos_de_uso/17.png Graphic file (type png)
<use images//casos_de_uso/17.png>
Package pdftex.def Info: images//casos_de_uso/17.png  used on input line 127.
(pdftex.def)             Requested size: 383.63063pt x 404.70924pt.
 [19 <./images//casos_de_uso/17.png>]
<images//casos_de_uso/18.png, id=108, 549.55313pt x 579.66562pt>
File: images//casos_de_uso/18.png Graphic file (type png)
<use images//casos_de_uso/18.png>
Package pdftex.def Info: images//casos_de_uso/18.png  used on input line 129.
(pdftex.def)             Requested size: 384.68457pt x 405.76317pt.
 [20 <./images//casos_de_uso/18.png>]
<images//casos_de_uso/19.png, id=113, 549.55313pt x 587.94656pt>
File: images//casos_de_uso/19.png Graphic file (type png)
<use images//casos_de_uso/19.png>
Package pdftex.def Info: images//casos_de_uso/19.png  used on input line 131.
(pdftex.def)             Requested size: 384.68457pt x 411.55978pt.
 [21 <./images//casos_de_uso/19.png>]
<images//casos_de_uso/20.png, id=118, 549.55313pt x 551.81157pt>
File: images//casos_de_uso/20.png Graphic file (type png)
<use images//casos_de_uso/20.png>
Package pdftex.def Info: images//casos_de_uso/20.png  used on input line 133.
(pdftex.def)             Requested size: 384.68457pt x 386.26547pt.
 [22 <./images//casos_de_uso/20.png>]
<images//casos_de_uso/21.png, id=123, 548.80031pt x 578.91281pt>
File: images//casos_de_uso/21.png Graphic file (type png)
<use images//casos_de_uso/21.png>
Package pdftex.def Info: images//casos_de_uso/21.png  used on input line 135.
(pdftex.def)             Requested size: 384.15758pt x 405.2362pt.
 [23 <./images//casos_de_uso/21.png>]
<images//casos_de_uso/22.png, id=128, 551.05875pt x 578.91281pt>
File: images//casos_de_uso/22.png Graphic file (type png)
<use images//casos_de_uso/22.png>
Package pdftex.def Info: images//casos_de_uso/22.png  used on input line 137.
(pdftex.def)             Requested size: 385.73848pt x 405.2362pt.
 [24 <./images//casos_de_uso/22.png>]
<images//casos_de_uso/23.png, id=134, 549.55313pt x 552.56438pt>
File: images//casos_de_uso/23.png Graphic file (type png)
<use images//casos_de_uso/23.png>
Package pdftex.def Info: images//casos_de_uso/23.png  used on input line 139.
(pdftex.def)             Requested size: 384.68457pt x 386.79242pt.
 [25 <./images//casos_de_uso/23.png>]
<images//casos_de_uso/24.png, id=139, 549.55313pt x 552.56438pt>
File: images//casos_de_uso/24.png Graphic file (type png)
<use images//casos_de_uso/24.png>
Package pdftex.def Info: images//casos_de_uso/24.png  used on input line 141.
(pdftex.def)             Requested size: 384.68457pt x 386.79242pt.
 [26 <./images//casos_de_uso/24.png>]
<images//casos_de_uso/25.png, id=144, 550.30594pt x 597.73312pt>
File: images//casos_de_uso/25.png Graphic file (type png)
<use images//casos_de_uso/25.png>
Package pdftex.def Info: images//casos_de_uso/25.png  used on input line 143.
(pdftex.def)             Requested size: 385.21153pt x 418.41032pt.
 [27 <./images//casos_de_uso/25.png>]
<images//casos_de_uso/26.png, id=149, 549.55313pt x 636.87938pt>
File: images//casos_de_uso/26.png Graphic file (type png)
<use images//casos_de_uso/26.png>
Package pdftex.def Info: images//casos_de_uso/26.png  used on input line 145.
(pdftex.def)             Requested size: 384.68457pt x 445.81253pt.
 [28 <./images//casos_de_uso/26.png>]
<images//casos_de_uso/27.png, id=154, 549.55313pt x 641.39626pt>
File: images//casos_de_uso/27.png Graphic file (type png)
<use images//casos_de_uso/27.png>
Package pdftex.def Info: images//casos_de_uso/27.png  used on input line 147.
(pdftex.def)             Requested size: 384.68457pt x 448.97432pt.
 [29 <./images//casos_de_uso/27.png>]
<images//casos_de_uso/28.png, id=159, 549.55313pt x 674.52pt>
File: images//casos_de_uso/28.png Graphic file (type png)
<use images//casos_de_uso/28.png>
Package pdftex.def Info: images//casos_de_uso/28.png  used on input line 149.
(pdftex.def)             Requested size: 384.68457pt x 472.16078pt.
 [30 <./images//casos_de_uso/28.png>]
<images//casos_de_uso/29.png, id=165, 548.80031pt x 612.03656pt>
File: images//casos_de_uso/29.png Graphic file (type png)
<use images//casos_de_uso/29.png>
Package pdftex.def Info: images//casos_de_uso/29.png  used on input line 151.
(pdftex.def)             Requested size: 384.15758pt x 428.42267pt.
 [31 <./images//casos_de_uso/29.png>]
<images//casos_de_uso/30.png, id=170, 548.80031pt x 655.69969pt>
File: images//casos_de_uso/30.png Graphic file (type png)
<use images//casos_de_uso/30.png>
Package pdftex.def Info: images//casos_de_uso/30.png  used on input line 153.
(pdftex.def)             Requested size: 384.15758pt x 458.98665pt.
 [32 <./images//casos_de_uso/30.png>]
<images//casos_de_uso/31.png, id=175, 549.55313pt x 626.34pt>
File: images//casos_de_uso/31.png Graphic file (type png)
<use images//casos_de_uso/31.png>
Package pdftex.def Info: images//casos_de_uso/31.png  used on input line 155.
(pdftex.def)             Requested size: 384.68457pt x 438.435pt.
 [33 <./images//casos_de_uso/31.png>]
<images//casos_de_uso/32.png, id=180, 549.55313pt x 626.34pt>
File: images//casos_de_uso/32.png Graphic file (type png)
<use images//casos_de_uso/32.png>
Package pdftex.def Info: images//casos_de_uso/32.png  used on input line 157.
(pdftex.def)             Requested size: 384.68457pt x 438.435pt.
 [34 <./images//casos_de_uso/32.png>]
<images//casos_de_uso/33.png, id=185, 551.81157pt x 625.58719pt>
File: images//casos_de_uso/33.png Graphic file (type png)
<use images//casos_de_uso/33.png>
Package pdftex.def Info: images//casos_de_uso/33.png  used on input line 159.
(pdftex.def)             Requested size: 386.26547pt x 437.90805pt.
 [35 <./images//casos_de_uso/33.png>]
<images//casos_de_uso/34.png, id=190, 548.80031pt x 638.385pt>
File: images//casos_de_uso/34.png Graphic file (type png)
<use images//casos_de_uso/34.png>
Package pdftex.def Info: images//casos_de_uso/34.png  used on input line 161.
(pdftex.def)             Requested size: 384.15758pt x 446.86644pt.
 [36 <./images//casos_de_uso/34.png>]
<images//casos_de_uso/35.png, id=196, 549.55313pt x 606.76688pt>
File: images//casos_de_uso/35.png Graphic file (type png)
<use images//casos_de_uso/35.png>
Package pdftex.def Info: images//casos_de_uso/35.png  used on input line 163.
(pdftex.def)             Requested size: 384.68457pt x 424.73392pt.
 [37 <./images//casos_de_uso/35.png>]
<images//casos_de_uso/36.png, id=201, 549.55313pt x 594.72188pt>
File: images//casos_de_uso/36.png Graphic file (type png)
<use images//casos_de_uso/36.png>
Package pdftex.def Info: images//casos_de_uso/36.png  used on input line 165.
(pdftex.def)             Requested size: 384.68457pt x 416.30247pt.
 [38 <./images//casos_de_uso/36.png>]
<images//casos_de_uso/37.png, id=206, 549.55313pt x 684.30656pt>
File: images//casos_de_uso/37.png Graphic file (type png)
<use images//casos_de_uso/37.png>
Package pdftex.def Info: images//casos_de_uso/37.png  used on input line 167.
(pdftex.def)             Requested size: 384.68457pt x 479.01132pt.
 [39 <./images//casos_de_uso/37.png>]
<images//casos_de_uso/38.png, id=211, 550.30594pt x 656.4525pt>
File: images//casos_de_uso/38.png Graphic file (type png)
<use images//casos_de_uso/38.png>
Package pdftex.def Info: images//casos_de_uso/38.png  used on input line 169.
(pdftex.def)             Requested size: 385.21153pt x 459.51361pt.
 [40 <./images//casos_de_uso/38.png>]
<images//casos_de_uso/39.png, id=216, 550.30594pt x 626.34pt>
File: images//casos_de_uso/39.png Graphic file (type png)
<use images//casos_de_uso/39.png>
Package pdftex.def Info: images//casos_de_uso/39.png  used on input line 171.
(pdftex.def)             Requested size: 385.21153pt x 438.435pt.
 [41 <./images//casos_de_uso/39.png>]
<images//casos_de_uso/40.png, id=221, 548.80031pt x 730.22812pt>
File: images//casos_de_uso/40.png Graphic file (type png)
<use images//casos_de_uso/40.png>
Package pdftex.def Info: images//casos_de_uso/40.png  used on input line 173.
(pdftex.def)             Requested size: 384.15758pt x 511.1562pt.
 [42 <./images//casos_de_uso/40.png>]
<images//casos_de_uso/41.png, id=227, 549.55313pt x 641.39626pt>
File: images//casos_de_uso/41.png Graphic file (type png)
<use images//casos_de_uso/41.png>
Package pdftex.def Info: images//casos_de_uso/41.png  used on input line 175.
(pdftex.def)             Requested size: 384.68457pt x 448.97432pt.
 [43 <./images//casos_de_uso/41.png>]
<images//casos_de_uso/42.png, id=232, 550.30594pt x 675.27281pt>
File: images//casos_de_uso/42.png Graphic file (type png)
<use images//casos_de_uso/42.png>
Package pdftex.def Info: images//casos_de_uso/42.png  used on input line 177.
(pdftex.def)             Requested size: 385.21153pt x 472.68774pt.
 [44 <./images//casos_de_uso/42.png>]
<images//casos_de_uso/43.png, id=237, 547.2947pt x 672.26157pt>
File: images//casos_de_uso/43.png Graphic file (type png)
<use images//casos_de_uso/43.png>
Package pdftex.def Info: images//casos_de_uso/43.png  used on input line 179.
(pdftex.def)             Requested size: 383.10367pt x 470.57988pt.
 [45 <./images//casos_de_uso/43.png>]
<images//casos_de_uso/44.png, id=242, 550.30594pt x 713.66624pt>
File: images//casos_de_uso/44.png Graphic file (type png)
<use images//casos_de_uso/44.png>
Package pdftex.def Info: images//casos_de_uso/44.png  used on input line 181.
(pdftex.def)             Requested size: 385.21153pt x 499.56296pt.
 [46 <./images//casos_de_uso/44.png>]
<images//casos_de_uso/45.png, id=247, 548.80031pt x 639.89063pt>
File: images//casos_de_uso/45.png Graphic file (type png)
<use images//casos_de_uso/45.png>
Package pdftex.def Info: images//casos_de_uso/45.png  used on input line 183.
(pdftex.def)             Requested size: 384.15758pt x 447.92038pt.
 [47 <./images//casos_de_uso/45.png>]
<images//casos_de_uso/46.png, id=252, 549.55313pt x 612.78937pt>
File: images//casos_de_uso/46.png Graphic file (type png)
<use images//casos_de_uso/46.png>
Package pdftex.def Info: images//casos_de_uso/46.png  used on input line 185.
(pdftex.def)             Requested size: 384.68457pt x 428.94963pt.
 [48 <./images//casos_de_uso/46.png>]
<images//casos_de_uso/47.png, id=258, 551.81157pt x 670.75594pt>
File: images//casos_de_uso/47.png Graphic file (type png)
<use images//casos_de_uso/47.png>
Package pdftex.def Info: images//casos_de_uso/47.png  used on input line 187.
(pdftex.def)             Requested size: 386.26547pt x 469.52594pt.
 [49 <./images//casos_de_uso/47.png>]
<images//casos_de_uso/48.png, id=264, 548.80031pt x 667.74469pt>
File: images//casos_de_uso/48.png Graphic file (type png)
<use images//casos_de_uso/48.png>
Package pdftex.def Info: images//casos_de_uso/48.png  used on input line 189.
(pdftex.def)             Requested size: 384.15758pt x 467.41809pt.
 [50 <./images//casos_de_uso/48.png>]
<images//casos_de_uso/49.png, id=269, 549.55313pt x 687.31781pt>
File: images//casos_de_uso/49.png Graphic file (type png)
<use images//casos_de_uso/49.png>
Package pdftex.def Info: images//casos_de_uso/49.png  used on input line 191.
(pdftex.def)             Requested size: 384.68457pt x 481.11919pt.
 [51 <./images//casos_de_uso/49.png>]
<images//casos_de_uso/50.png, id=274, 549.55313pt x 670.00313pt>
File: images//casos_de_uso/50.png Graphic file (type png)
<use images//casos_de_uso/50.png>
Package pdftex.def Info: images//casos_de_uso/50.png  used on input line 193.
(pdftex.def)             Requested size: 384.68457pt x 468.999pt.
 [52 <./images//casos_de_uso/50.png>]
<images//casos_de_uso/51.png, id=279, 549.55313pt x 692.5875pt>
File: images//casos_de_uso/51.png Graphic file (type png)
<use images//casos_de_uso/51.png>
Package pdftex.def Info: images//casos_de_uso/51.png  used on input line 195.
(pdftex.def)             Requested size: 384.68457pt x 484.80794pt.
 [53 <./images//casos_de_uso/51.png>]
<images//casos_de_uso/52.png, id=284, 551.81157pt x 688.82344pt>
File: images//casos_de_uso/52.png Graphic file (type png)
<use images//casos_de_uso/52.png>
Package pdftex.def Info: images//casos_de_uso/52.png  used on input line 197.
(pdftex.def)             Requested size: 386.26547pt x 482.17313pt.
 [54 <./images//casos_de_uso/52.png>]
<images//casos_de_uso/53.png, id=290, 550.30594pt x 719.68875pt>
File: images//casos_de_uso/53.png Graphic file (type png)
<use images//casos_de_uso/53.png>
Package pdftex.def Info: images//casos_de_uso/53.png  used on input line 199.
(pdftex.def)             Requested size: 385.21153pt x 503.77869pt.
 [55 <./images//casos_de_uso/53.png>]
Underfull \hbox (badness 10000) in paragraph at lines 206--207

 []

[56] (./practica2.aux
LaTeX Info: Redefining \. on input line 8.
LaTeX Info: Redefining \% on input line 8.
LaTeX Info: Redefining \. on input line 10.
LaTeX Info: Redefining \% on input line 10.
)

LaTeX Font Warning: Some font shapes were not available, defaults substituted.

 ) 
Here is how much of TeX's memory you used:
 9223 strings out of 478276
 155278 string characters out of 5850490
 441997 words of memory out of 5000000
 27236 multiletter control sequences out of 15000+600000
 547996 words of font info for 45 fonts, out of 8000000 for 9000
 1141 hyphenation exceptions out of 8191
 60i,11n,67p,578b,590s stack positions out of 5000i,500n,10000p,200000b,80000s
{c:/texlive/2021/texmf-dist/fonts/enc/dvips/sourcesanspro/a_emkxm5.enc}{c:/texlive/2021/texmf-dist/fonts/enc/dvips/sourcesanspro/a_5ponh6.enc}{c:/texlive/2021/texmf-dist/fonts/enc/dvips/sourcesanspro/a_4jropk.enc}<c:/texlive/2021/texmf-dist/fonts/type1/adobe/sourcesanspro/SourceSansPro-Bold.pfb><c:/texlive/2021/texmf-dist/fonts/type1/adobe/sourcesanspro/SourceSansPro-Regular.pfb>
Output written on practica2.pdf (57 pages, 2669016 bytes).
PDF statistics:
 318 PDF objects out of 1000 (max. 8388607)
 142 compressed objects within 2 object streams
 0 named destinations out of 1000 (max. 500000)
 276 words of extra memory for PDF output out of 10000 (max. 10000000)

